1.021040195725575472e-07
1.440843155897653105e-08
1.870576318840910801e-07
3.271040293628679763e-07
4.239745787781856734e-08
2.977060437059364517e-08
1.139789435056215439e-08
1.705391416972901197e-08
1.469499238959670606e-07
2.051509501166393079e-08
7.025211340438985985e-08
5.440498263009629909e-08
2.152655881326737131e-08
9.008193729842517428e-08
1.868153975959074842e-08
1.048549380655572349e-07
3.827984684789953462e-08
5.851929973932357143e-08
2.773688501100934900e-09
1.156527441037447090e-07
4.608802124383970522e-07
1.085554185431547580e-08
2.248067322296876114e-07
3.724117786374492312e-08
1.160664689914270298e-07
8.792266814605653735e-08
9.113839005703283647e-08
7.656028538916004322e-08
3.606666187927487499e-09
1.025977325319615829e-08
1.532849847052375480e-08
1.891506401507925261e-08
2.850258862263643778e-08
4.089486438374478894e-08
5.733526603490801676e-08
8.483205815590366683e-08
3.694671629750345687e-08
3.984582719329665679e-09
3.770606243902463461e-08
8.721227595653857634e-08
2.697811693486151796e-07
1.748272407953166407e-07
9.628348568435640686e-08
4.713343793039115326e-08
1.112524949387072581e-07
6.534386737255815092e-08
1.214298160912008484e-07
2.037565301482580082e-07
2.203543070233848766e-08
2.323088719169419392e-07
1.171539788513697999e-07
2.161101445019575351e-07
3.118297620119392377e-09
5.647928036367488858e-08
1.237218577032628275e-07
8.653015481918657770e-08
2.341295884944472050e-08
7.283480840669653844e-08
1.238437252748525452e-08
7.228363169131668542e-08
2.118850752075296384e-07
3.324370123625186579e-08
2.998564503364775646e-07
1.764381247215673909e-07
4.856663288199669637e-08
9.515954824124150946e-08
4.817885385643982943e-07
6.330442831048443963e-08
3.964795391997455454e-08
1.433890223223599492e-08
1.298724860987476859e-08
8.861577577290447039e-08
3.939200636793316335e-07
1.616328387799015331e-07
7.684257902207392021e-08
3.583904933934789483e-08
8.324199363141104868e-08
5.963078431037160954e-08
1.094493929376660901e-07
6.319420653433382995e-09
5.787427105885534218e-07
2.420681843862126925e-08
2.742848719816670666e-07
1.268017602029658519e-08
3.701831698954549665e-07
1.237332608594599037e-08
9.329003292091186950e-09
1.175151403964846963e-08
2.842769641908660105e-08
6.915645239802259425e-08
2.452844249933860965e-08
3.889588873207117103e-09
2.536862619972879429e-08
1.002989509779617094e-07
7.423200520939587932e-08
2.910879443041025638e-08
8.122584993497383721e-09
1.251405751245826536e-08
1.683032170851639364e-07
2.026981238412162156e-08
1.246296875145880279e-07
5.758554094681400670e-08
7.592859724292466694e-08
2.438658985859376571e-08
6.089821796839700596e-08
3.859211816781282778e-08
1.886923636229553836e-07
6.080690934107124690e-08
3.147827537519631846e-08
8.644607590868602642e-08
1.779420865100078686e-07
1.071182914591517488e-07
4.809398551630650331e-08
5.204469250008614267e-08
1.116879483342714252e-07
1.089238299556427592e-08
4.381565110733731672e-08
1.381732624983200708e-07
1.703007418418778229e-08
2.103316310009262224e-08
8.896838941119256106e-07
1.118738832683874307e-07
1.187744358421838342e-08
1.648228170614274291e-08
1.668800048149066129e-08
1.147805972490090198e-08
3.946295684675860116e-08
2.382277197732207696e-08
3.758196541192582174e-07
3.291498225643785247e-07
4.876346064164316374e-07
2.966048017749578491e-07
4.218263355282303451e-08
3.383897495545795664e-09
4.647162832327467186e-08
1.449914699414023289e-08
1.392754064299950301e-07
7.514973232591870556e-08
1.283044526179111244e-08
2.928570406179886731e-07
1.148003093143223907e-07
8.375410069372257738e-07
1.635003216149399918e-08
1.303182617984344205e-06
7.231181647915363442e-08
1.278055877795836182e-07
2.813740973550693525e-08
6.592975443364679222e-09
1.350346839346094896e-07
4.383236495986153614e-08
2.612149357927862070e-07
7.571642424153424145e-09
2.142279248440459583e-08
7.841579052758618218e-10
9.011829488203559890e-08
9.249769061803192471e-09
2.664874187985333265e-08
6.148864582500301879e-07
3.644692468385279938e-07
2.208362204214608937e-08
1.623522842109093034e-06
1.569516366872747426e-07
2.045395878225164665e-07
7.496749187541063009e-07
9.972857883955299485e-08
9.082400102000676156e-07
3.091062512616815638e-07
1.179375977988783575e-07
1.230348772862654982e-08
1.281210576520308564e-08
4.568769468304978432e-08
6.495374701986911248e-07
5.334764580089412789e-08
7.964453818676275887e-09
1.787502178496325200e-07
1.885140888391312330e-07
4.025733060797342944e-07
4.429452016285750915e-08
1.862871571445268160e-07
1.961161271157862984e-07
1.282379126221755428e-07
1.321468417414539687e-06
5.349597305692732618e-07
1.026120834413113414e-07
1.176427999460827323e-07
2.771611621876779452e-07
1.070312854456467733e-06
4.268053953593309302e-07
2.910163682257049800e-08
8.589904920697222224e-08
4.188351768186215907e-07
3.234571915866624181e-08
1.215684424793472829e-07
1.272429482668258061e-06
2.859277777877977655e-07
2.245635234987553019e-07
1.571590974025482979e-08
2.069718940678200170e-08
1.317907552533803539e-07
4.813259713021267316e-08
4.752768204552282327e-07
8.668275059409147332e-07
2.851762190836382160e-06
8.243221494286245843e-08
3.399084910760130640e-07
4.009187223319443660e-07
4.671798785049752212e-07
5.104643424624910608e-08
5.409850944992911081e-08
1.256465154142460960e-09
2.430455064428294065e-07
2.009169360328577625e-07
6.886583786558375664e-08
5.004181513057481823e-07
1.300311913143836762e-07
8.186678113197842777e-09
3.489302929371440598e-07
7.667910978392811217e-08
1.464397349493218314e-07
2.501302709401187485e-08
1.445765663521392241e-06
7.495655085509866922e-08
1.402281553264383973e-06
3.567281425809198936e-08
1.208347066850024021e-07
5.084760664741949654e-07
1.752375161645502999e-08
3.921110099391889037e-07
6.237142047282873136e-08
8.041459403917983195e-08
9.081614471551091583e-08
2.353362234530642638e-07
3.636436000653553435e-07
2.901992949277953926e-07
1.716576508714595661e-08
3.874068027487354016e-08
6.280943859460208500e-08
3.465939468760836917e-08
5.162766769650772858e-09
4.106662326863741441e-08
1.645955305384916301e-08
2.820693074112590182e-06
3.206507142861081405e-06
1.589832736403895552e-06
7.882718579543812609e-07
6.368830777203626781e-07
4.531869832735679893e-07
1.089619312000245088e-07
9.525221617012746833e-08
2.406610813965315288e-07
3.131942294398726290e-08
2.493281264781543882e-08
6.516208350682006767e-08
2.867223020119880061e-08
1.171777924691141948e-08
1.344427917882029533e-07
2.538652438266453260e-08
7.032306548193645312e-08
4.204640829952310810e-07
2.700366658059394354e-08
5.078386194901085560e-08
4.942381972572462701e-07
3.643383232332375599e-07
3.998679792838188973e-08
1.802337779022167297e-08
2.875317642314634270e-07
7.612889806329903308e-07
1.380425422858877482e-07
3.026908299008645997e-07
1.200476139606720949e-07
2.148452517003462958e-07
2.527233002869166967e-07
3.653552793636549723e-09
1.227481549737063915e-07
1.118702036562169155e-08
1.997560146738130982e-07
3.856840535831906891e-08
1.883064158492153695e-07
7.911791318204741685e-07
1.774236930152106595e-07
2.066906609964891395e-04
2.119563949374499434e-01
5.377984391152779153e-09
4.147384326524949927e-07
3.385237504871518865e-06
1.156863086548831632e-06
5.138464048703994536e-08
1.682603418817762986e-07
1.590393171047033150e-07
6.052987377991314588e-08
9.053989802332296222e-08
2.192455795801961926e-07
2.183283914769518219e-08
9.869686856678328013e-08
5.739007591376577011e-08
2.752477796963415102e-06
3.184544061785032909e-08
1.119031315943708194e-07
1.530356201207005995e-07
8.201121304285408087e-08
9.186386890069897504e-08
4.363196958900861233e-06
1.937169539072547408e-01
1.245734797133968286e-05
1.231803497137029524e-05
1.949323729544261141e-06
3.336818764632099032e-07
3.973464757223155175e-08
5.282809806272936726e-08
5.332978370020668990e-08
1.407281106091673450e-07
1.638846625073853147e-08
3.440316492797634851e-08
4.502612516166237810e-07
1.020520284944481659e-07
1.003602088656130320e-07
1.047269850840137906e-07
7.840132226766272083e-08
2.786898023465766983e-07
2.200670479179933636e-08
9.496881646087196316e-07
4.875731250050918675e-03
2.196729124714913439e-07
8.023890329944549649e-09
5.364752672654127252e-07
3.141476475621018949e-07
1.921398503523796819e-06
2.215272754124697485e-08
3.604218370423240003e-07
1.224491520679382717e-06
5.338845099345235212e-08
8.134014073402084932e-08
4.245575146999414073e-08
2.841445437273826258e-07
6.222736151362262547e-07
4.007287845442242258e-07
1.574629371337010753e-08
1.022206455036922534e-07
3.206995552451630260e-08
1.574182445507332773e-08
9.720943779738033808e-03
1.030703443577307699e-03
2.373623861906537513e-07
9.071103012978992686e-02
1.554781558499307437e-07
4.954137434121097527e-06
1.291014099513709823e-06
3.664813559289825662e-07
1.602656418686621009e-08
5.788957305186137603e-07
3.353898214708550540e-07
1.698942812544679271e-07
5.431869559702207084e-08
2.782734054851410122e-07
5.858959217786008367e-08
1.754199452363991441e-08
3.559757894011639223e-08
5.533666047607965766e-08
1.983692096696465512e-07
4.039189061000314496e-08
6.513918410777641554e-07
4.912678612245535703e-07
1.576508600942272409e-06
7.282146540564415904e-03
5.864344900519125048e-06
3.728497316446421905e-08
1.168224001424356118e-07
7.144051400453932388e-08
7.666343357359828303e-07
7.069604557319308924e-07
1.384853897112847676e-07
1.188701509780010213e-06
4.476341292081187362e-08
2.993069608825393857e-08
1.264364538622331224e-07
7.303725838569974371e-07
2.818751341226999330e-07
2.286590278233191498e-08
8.896591491280858577e-08
2.260055373404235013e-07
2.641358935684401388e-06
2.217660937562211942e-01
9.566749513943051397e-02
1.059894538540939735e-05
2.411271032842776663e-08
1.915060374169108570e-06
2.799652019103149314e-07
6.473144263940966425e-07
1.065524857235544687e-08
4.023671840158726809e-08
7.319332590016713880e-07
8.449573574154101152e-08
1.353905663137311421e-07
4.678256922852064292e-06
1.274018142649602225e-07
3.869583623528072280e-07
5.260114338545562873e-08
5.351207654769041255e-08
5.007917857624555324e-07
1.741898724150203748e-07
