-1.250053889397720608e-01 6.248000062946520300e-02 6.248666215874673635e-02 -3.123071156965347497e-02
-1.128238467958324609e-01 5.937620102507185776e-02 5.641706830439743858e-02 -2.969256568989791026e-02
-1.022931372228513824e-01 5.656158152192086730e-02 5.113270326199828575e-02 -2.828521455653408567e-02
-9.320017240624638155e-02 5.399453895903733730e-02 4.658343978332701862e-02 -2.700489493592991147e-02
-8.530079725267385171e-02 5.164178769727139490e-02 4.265875668511848878e-02 -2.582618307172979133e-02
-7.834456231768364975e-02 4.947137964586524606e-02 3.916617770260864828e-02 -2.473336715056988905e-02
-7.219216049231060028e-02 4.750283970312753345e-02 3.609489895746808424e-02 -2.374987914745301659e-02
-6.675010807001398316e-02 4.566729305812433637e-02 3.337096443597882545e-02 -2.282871046195624962e-02
-6.191407364285970300e-02 4.396498529364163688e-02 3.096079448830483735e-02 -2.197342369727812994e-02
-5.756374563527650451e-02 4.240269320931815827e-02 2.878052584210024148e-02 -2.119899527156987248e-02
-5.364405870205903731e-02 4.095579232603151210e-02 2.681573379127998036e-02 -2.048082817523692173e-02
-5.012508090321493581e-02 3.959250784570311765e-02 2.506165540051920673e-02 -1.979522611844316410e-02
-4.696411064914413763e-02 3.830378854770334629e-02 2.348622090280110680e-02 -1.915220846938982951e-02
-4.405745780205141265e-02 3.712606916208838898e-02 2.203122795775767917e-02 -1.856926637077000244e-02
-4.143121777851480059e-02 3.598896014600901083e-02 2.071603907786773169e-02 -1.799311141949674897e-02
-3.904662725932195322e-02 3.490885230968943098e-02 1.952247243196837331e-02 -1.744754590749763787e-02
-3.683017104455262036e-02 3.393920129009942582e-02 1.841632202139873928e-02 -1.697304615932357028e-02
-3.482326354044824185e-02 3.297371295563805704e-02 1.740919696236960940e-02 -1.648111406752168426e-02
-3.296253995974112588e-02 3.209588670667702648e-02 1.648248897445261235e-02 -1.604855865269176271e-02
-3.126176241909833786e-02 3.123364039074657053e-02 1.563302387733141521e-02 -1.561008033743593870e-02
-1.250391093073661419e-01 5.934124695749366796e-02 6.250433062846509624e-02 -2.966267876921797539e-02
-1.128114779017390518e-01 5.640014955437970545e-02 5.640046223501036377e-02 -2.819610164036864819e-02
-1.023413015805281351e-01 5.370919701691875131e-02 5.118200723468568220e-02 -2.684654053135782092e-02
-9.323995541617940974e-02 5.128765632880640662e-02 4.662918297057946915e-02 -2.565157889592071735e-02
-8.530027930253042401e-02 4.906332857621197724e-02 4.265346030096159313e-02 -2.454291800274101959e-02
-7.835430895831536902e-02 4.699634511898997252e-02 3.918298793881894865e-02 -2.349318631101074764e-02
-7.218308930834999027e-02 4.514000613841475523e-02 3.609269121454543316e-02 -2.257372342510936825e-02
-6.675774790409419457e-02 4.338165961926937486e-02 3.338171587043215621e-02 -2.168433216576882983e-02
-6.189930052123285287e-02 4.178482524211690752e-02 3.095147701239281401e-02 -2.089321784274367905e-02
-5.755879853195582097e-02 4.028566635315568301e-02 2.877669544818952860e-02 -2.014119403169732300e-02
-5.365868110812500175e-02 3.889639625717654370e-02 2.682653538650994762e-02 -1.944744779769999599e-02
-5.014195748513997769e-02 3.760039999340746009e-02 2.507275017953393415e-02 -1.879740619290987819e-02
-4.695269016667841244e-02 3.639699807056354791e-02 2.347951354834523427e-02 -1.819911836012528053e-02
-4.407028048034759143e-02 3.524746941605714362e-02 2.203097814244879896e-02 -1.762294568654375337e-02
-4.143886571296277049e-02 3.417732704948073241e-02 2.071402818671777557e-02 -1.708630151875825329e-02
-3.903218137606725285e-02 3.319355833791403504e-02 1.951991216113835997e-02 -1.660414930674213724e-02
-3.684704822958916742e-02 3.222616024628578713e-02 1.842612499060234180e-02 -1.611384608970169510e-02
-3.481756710131950899e-02 3.133861857925918787e-02 1.740974023035251131e-02 -1.566926613724173994e-02
-3.296787793082548573e-02 3.048049644714228082e-02 1.648261258996348497e-02 -1.523752892428783395e-02
-3.126028548874103946e-02 2.967540517092690996e-02 1.563271637696108871e-02 -1.483293401973331642e-02
-1.250160401237270513e-01 5.654339848130818941e-02 6.252626078720627256e-02 -2.826648316408852252e-02
-1.127992463389697608e-01 5.373392748662396412e-02 5.639571628562272537e-02 -2.687620228842730469e-02
-1.023435188610279239e-01 5.116729507655938536e-02 5.118060363660962425e-02 -2.559401690375641761e-02
-9.323653586329040677e-02 4.883633417015762618e-02 4.661463622254487932e-02 -2.442142885809047564e-02
-8.531101426726317438e-02 4.671224323835782705e-02 4.265205387758726208e-02 -2.336169127557988570e-02
-7.832474099263495027e-02 4.477696250182066490e-02 3.916054385731967263e-02 -2.238975224064810796e-02
-7.218141028074713528e-02 4.296917317199042824e-02 3.607366221010207402e-02 -2.147664857406817937e-02
-6.673464334801737508e-02 4.133691204906723288e-02 3.336002209327858931e-02 -2.067528878773391282e-02
-6.190426645957691071e-02 3.979310344779071057e-02 3.095206053260067883e-02 -1.989976385359211453e-02
-5.754579394145841603e-02 3.838341126849693918e-02 2.876616415811246788e-02 -1.920027079321728197e-02
-5.365582782417885332e-02 3.703603206351421123e-02 2.682419771267904526e-02 -1.850780550400575250e-02
-5.015722717716338680e-02 3.579269736611822433e-02 2.507892840306747209e-02 -1.788842789553436036e-02
-4.695551810643793650e-02 3.465721498154294977e-02 2.347611858411647809e-02 -1.732824135948364541e-02
-4.407580089432994869e-02 3.357093675779212333e-02 2.204307657813883020e-02 -1.678372638495948324e-02
-4.142112471093008924e-02 3.256168545454014851e-02 2.070151407772392871e-02 -1.627936684318319685e-02
-3.904514194312547898e-02 3.158691864938844435e-02 1.952223704466394746e-02 -1.578834023300986628e-02
-3.684208186607005470e-02 3.069365133113231489e-02 1.842371898568186811e-02 -1.534542235142188731e-02
-3.481364971542127290e-02 2.985650054474197138e-02 1.740941453223985788e-02 -1.493364884158127244e-02
-3.295923117794634372e-02 2.903967639050709926e-02 1.648027735923972975e-02 -1.451851170230737155e-02
-3.123885766649071513e-02 2.828436555043140066e-02 1.561888935259488423e-02 -1.414314574448912072e-02
-1.249967483584147193e-01 5.398307863870068640e-02 6.249042532136956513e-02 -2.699937357416007377e-02
-1.128136001644569342e-01 5.127977061631622951e-02 5.641300929545564613e-02 -2.563892453866969262e-02
-1.022750025793564971e-01 4.884915992535521223e-02 5.112343931894592491e-02 -2.442036052286958303e-02
-9.320292961552598121e-02 4.662955372659748077e-02 4.659263035212235504e-02 -2.331674155109937294e-02
-8.531605544002010544e-02 4.458612464773231004e-02 4.265917290065177753e-02 -2.229577543722214422e-02
-7.831942944200252776e-02 4.273927270598401607e-02 3.915505612733066049e-02 -2.136712374510075715e-02
-7.218582114158909879e-02 4.103492636652639886e-02 3.608142165811428770e-02 -2.052813389880629724e-02
-6.676647959401189880e-02 3.943911063700195063e-02 3.338928692412038157e-02 -1.971815227335492471e-02
-6.189223108330765138e-02 3.798496198648582817e-02 3.094581625848158435e-02 -1.898893678205521018e-02
-5.755873990465800588e-02 3.662972325660551753e-02 2.878319810452198077e-02 -1.831556768842497462e-02
-5.366119394328663916e-02 3.536381607209526656e-02 2.683130252126014054e-02 -1.768402406039706540e-02
-5.015197042106107200e-02 3.417388522109592736e-02 2.507517417245170438e-02 -1.708469397802716422e-02
-4.697662854224225748e-02 3.306269075706431970e-02 2.349406284546955506e-02 -1.652146696341609891e-02
-4.408441135406189482e-02 3.203848026156835838e-02 2.204897110514689174e-02 -1.601617879304048989e-02
-4.144597739336954717e-02 3.107255108783508329e-02 2.072806988561617936e-02 -1.553385140216111994e-02
-3.904077612438514727e-02 3.015881413762712404e-02 1.952270450429094417e-02 -1.507676358125587326e-02
-3.684606381998149771e-02 2.929400302608542103e-02 1.842671453694593592e-02 -1.464354802059386618e-02
-3.482107017649089392e-02 2.848504624167646701e-02 1.741360089887040649e-02 -1.423901737903126609e-02
-3.297688884713536467e-02 2.770762865530872199e-02 1.649123324667226692e-02 -1.385354552159829764e-02
-3.125023637618672134e-02 2.698958072376454395e-02 1.562657287809977869e-02 -1.349468254189343554e-02
-1.249773557155366144e-01 5.159576956598560527e-02 6.243661708567906782e-02 -2.577536985473691603e-02
-1.128127818067215654e-01 4.905250715684663504e-02 5.641305454297284444e-02 -2.452707298183927354e-02
-1.023335224348335820e-01 4.669480565833281083e-02 5.116323081499302844e-02 -2.333479679105044183e-02
-9.323334957796645950e-02 4.459455710202519380e-02 4.661934710300571355e-02 -2.230057853421256106e-02
-8.532585669267185591e-02 4.262610396929029238e-02 4.265286017413184860e-02 -2.130466091945468557e-02
-7.833708466317529373e-02 4.087212936969196464e-02 3.916596135006220059e-02 -2.043287468075860244e-02
-7.219532487450394664e-02 3.924078561945312099e-02 3.609772034272896307e-02 -1.961947569495522611e-02
-6.675519494785635277e-02 3.772916632224464911e-02 3.337635662176558632e-02 -1.886578175829409232e-02
-6.189872988925394087e-02 3.632780089679733815e-02 3.094771759352482610e-02 -1.815947510382691019e-02
-5.754717773677668624e-02 3.503794269150011659e-02 2.877373293433467885e-02 -1.751566745179285872e-02
-5.366279384757675908e-02 3.382254202300799539e-02 2.683356166871680645e-02 -1.690966691406764477e-02
-5.013688284438359843e-02 3.270045631959776766e-02 2.506887736110752912e-02 -1.634981651919453077e-02
-4.694809472872171069e-02 3.164856979482440907e-02 2.347155968123339903e-02 -1.582454452238181430e-02
-4.408198911843858037e-02 3.064886785159760124e-02 2.204701481572879027e-02 -1.532370402917313315e-02
-4.144312550176412757e-02 2.972304650524474484e-02 2.072621333614201380e-02 -1.485894339691391959e-02
-3.902965083283100461e-02 2.885425028224931215e-02 1.951461066698307462e-02 -1.442493336013645107e-02
-3.683928446081374125e-02 2.802714325317692476e-02 1.842150526236698352e-02 -1.401328708494904186e-02
-3.481906080214862420e-02 2.724558158901244434e-02 1.740767356941918392e-02 -1.362073304379018274e-02
-3.297919869384447616e-02 2.650043797342115440e-02 1.649193428707890902e-02 -1.324967369268084325e-02
-3.125299558648658715e-02 2.581401429056255983e-02 1.562590480816887853e-02 -1.290876851669858251e-02
-1.249804135397529353e-01 4.947794970736087150e-02 6.247131227523355923e-02 -2.473748399132299353e-02
-1.128014030595967526e-01 4.699539066170529272e-02 5.638448780113039516e-02 -2.349000965433490143e-02
-1.023330837961816953e-01 4.475565082220889224e-02 5.115999136994608260e-02 -2.237333609147598018e-02
-9.324032140817514747e-02 4.273165081594734044e-02 4.662623590837804144e-02 -2.136582391585300361e-02
-8.529389905897127866e-02 4.087425243904387051e-02 4.263819139543496839e-02 -2.043738015775838773e-02
-7.834617359576762086e-02 3.917046674173409876e-02 3.917127854783852836e-02 -1.958767714661871148e-02
-7.221688707119652828e-02 3.759023077473976071e-02 3.610318415595346192e-02 -1.879271410525617386e-02
-6.674923456805113842e-02 3.616139356701534441e-02 3.337917866010334939e-02 -1.807974986797012545e-02
-6.189780682588132826e-02 3.482067215892704903e-02 3.094638620085562661e-02 -1.741259483073432160e-02
-5.755019778046489148e-02 3.356637813384801688e-02 2.876644218149987733e-02 -1.677526803375624376e-02
-5.363564704940555067e-02 3.242940653141151985e-02 2.681628205426421843e-02 -1.621514107958056325e-02
-5.014171758018707431e-02 3.132653072723345922e-02 2.506874822402759342e-02 -1.565607757114721721e-02
-4.696103958475511542e-02 3.031964861855253671e-02 2.348126449751879175e-02 -1.515611498381598359e-02
-4.406524434020035047e-02 2.937901137598014287e-02 2.202879188320552156e-02 -1.469138973203353016e-02
-4.144389320801412924e-02 2.847823026975191199e-02 2.072280018860855541e-02 -1.423342504471394702e-02
-3.903347479613151344e-02 2.764763067394569729e-02 1.951447629882228224e-02 -1.382151383876994120e-02
-3.684419763524927199e-02 2.685646437388720248e-02 1.842568093232844692e-02 -1.342740728265709969e-02
-3.482593882976198901e-02 2.610470211261729442e-02 1.741532159933455864e-02 -1.304673389364798680e-02
-3.295922584994689930e-02 2.541025291429088381e-02 1.647784784088013668e-02 -1.270636844165086952e-02
-3.124907134809203763e-02 2.473571862511164676e-02 1.562199415400545265e-02 -1.236527145827244663e-02
-1.249081416460040700e-01 4.747921267076857937e-02 6.237821747302060155e-02 -2.371273710462734260e-02
-1.127798174762364852e-01 4.512103381161883253e-02 5.636808803615968311e-02 -2.255220598870626494e-02
-1.023182890609588003e-01 4.297245710236204802e-02 5.115208949347142126e-02 -2.148294922230814530e-02
-9.324168557664427870e-02 4.102309645564507917e-02 4.662382717483591621e-02 -2.051421866167048996e-02
-8.529570683160007938e-02 3.923914180162457743e-02 4.264616528712322774e-02 -1.961725351459901734e-02
-7.834071086512885140e-02 3.760641697320046828e-02 3.917313621255625461e-02 -1.880349856733314062e-02
-7.219250810928433404e-02 3.609853434070237760e-02 3.609397787024317544e-02 -1.804519365789524626e-02
-6.674965966516467619e-02 3.471157857978654504e-02 3.337069909079749125e-02 -1.735626195821666010e-02
-6.192896981634628262e-02 3.340801845772575079e-02 3.096548011096028619e-02 -1.670128212605871340e-02
-5.758706947573309642e-02 3.221761256701797388e-02 2.879789108539366344e-02 -1.610845248803658911e-02
-5.362302520505017600e-02 3.113735784643609228e-02 2.680878097189393419e-02 -1.556759642400448902e-02
-5.015870291535231423e-02 3.007032497362862461e-02 2.508564981332681715e-02 -1.503026352959726045e-02
-4.696212765478428863e-02 2.911069292050803836e-02 2.348508437222367531e-02 -1.455425933731986990e-02
-4.406655161887917949e-02 2.820403885429880256e-02 2.203269790554458762e-02 -1.410277117602366445e-02
-4.143967085341140194e-02 2.734398373591090045e-02 2.072081710549940683e-02 -1.366854076214434402e-02
-3.903467361959270937e-02 2.654636982712866786e-02 1.951946175450618159e-02 -1.327345254549571439e-02
-3.682275224550057846e-02 2.579385216807624642e-02 1.841078504640639504e-02 -1.289569000597692860e-02
-3.482317248205391014e-02 2.506588723197359161e-02 1.741496363711779460e-02 -1.253019442096490153e-02
-3.296155669943481858e-02 2.438881495854683390e-02 1.647874957281546260e-02 -1.219249190652566331e-02
-3.126786382065899900e-02 2.373806354239946931e-02 1.564014099998895652e-02 -1.186595290915886010e-02
-1.249658278711323622e-01 4.567229626415679478e-02 6.246170074669865624e-02 -2.283063247585054648e-02
-1.128655703693759171e-01 4.336464261431860479e-02 5.644005695426689700e-02 -2.167515569063058201e-02
-1.023217803363791062e-01 4.132753179850584546e-02 5.116491957169521515e-02 -2.066540773566826264e-02
-9.317016752502900456e-02 3.941203246138901689e-02 4.652542709240820723e-02 -1.967157571170369615e-02
-8.528884812377289515e-02 3.773581148514931760e-02 4.264010586745060200e-02 -1.886967457081129007e-02
-7.835367886457884901e-02 3.616207929381497210e-02 3.918142814402088281e-02 -1.808853234460073775e-02
-7.218919982096819177e-02 3.471428349522646256e-02 3.609124404888345433e-02 -1.735630778253626980e-02
-6.674763621887627729e-02 3.337659401559295996e-02 3.337105168457437515e-02 -1.668713376537781998e-02
-6.191722992800841041e-02 3.213169409040520647e-02 3.095929967051572890e-02 -1.606588975845056264e-02
-5.755560634697101663e-02 3.098796192521587750e-02 2.877134262205194304e-02 -1.549201187707462471e-02
-5.364054115754374186e-02 2.993981934146183396e-02 2.682241943878978935e-02 -1.497596768740444041e-02
-5.013883008565534621e-02 2.892834278862395012e-02 2.507158923360003344e-02 -1.446494386588124959e-02
-4.696171354899888323e-02 2.799248231761090888e-02 2.348183091691393928e-02 -1.399819653456002219e-02
-4.406609890957442766e-02 2.711833400768055846e-02 2.203234950198804110e-02 -1.355875223451997492e-02
-4.144573931704574610e-02 2.629079699753008106e-02 2.072635873684811059e-02 -1.314284497762766707e-02
-3.903590345148217483e-02 2.552245077131950340e-02 1.951889157431824229e-02 -1.276015688376556587e-02
-3.683063457215991765e-02 2.479482450104120161e-02 1.841366771884066569e-02 -1.239528514209149723e-02
-3.484450573116271155e-02 2.408773511625180927e-02 1.743003838702282537e-02 -1.203886196486848165e-02
-3.297771107065904095e-02 2.344235258429782850e-02 1.649542474423656632e-02 -1.171628002443969932e-02
-3.125324267352160013e-02 2.283269467016966689e-02 1.562545500695961334e-02 -1.141572550768269433e-02
-1.248752206102220902e-01 4.395352440172377306e-02 6.233784857641385541e-02 -2.194000261072393335e-02
-1.128264192017228162e-01 4.178362176582712390e-02 5.641454641441991102e-02 -2.089768538509782780e-02
-1.023037235818409219e-01 3.977742585235733569e-02 5.112394769099785907e-02 -1.987623773590608753e-02
-9.323946971651492222e-02 3.799688197348678742e-02 4.662114812937421388e-02 -1.901318434034189944e-02
-8.529550055053733426e-02 3.633108014125790292e-02 4.264796761823759497e-02 -1.816103632847595670e-02
-7.836208594183152742e-02 3.479717699241419854e-02 3.918364276684116465e-02 -1.738485809667832463e-02
-7.221703002845072938e-02 3.341919425865933629e-02 3.611912010272073231e-02 -1.670583997130168849e-02
-6.673221151358899039e-02 3.213718065621727626e-02 3.335278256798483720e-02 -1.606188313448368363e-02
-6.189747677025399936e-02 3.094745545720263211e-02 3.094457380032162100e-02 -1.547214103754489083e-02
-5.755421558660420156e-02 2.984175990712834362e-02 2.877362707635264250e-02 -1.491821783819653052e-02
-5.365536388025592823e-02 2.881347574453046664e-02 2.682292601934741991e-02 -1.440677859295895653e-02
-5.015945406181498978e-02 2.784053877901607882e-02 2.508827474836677202e-02 -1.391254626106742942e-02
-4.695979092451822018e-02 2.695154323251292353e-02 2.348060728978954709e-02 -1.347252094925041263e-02
-4.406886158727636033e-02 2.611602894610317097e-02 2.203611490024057554e-02 -1.305991711140598935e-02
-4.144677375634493038e-02 2.531448861806370743e-02 2.072684746911161377e-02 -1.265285977172345491e-02
-3.902303915873674839e-02 2.458613584256223727e-02 1.950695360883545823e-02 -1.229636690623754983e-02
-3.681883693802629615e-02 2.389332689483759237e-02 1.841100761544467793e-02 -1.195169856696728060e-02
-3.482141494321475822e-02 2.320671172252450690e-02 1.740797001322962750e-02 -1.160127206550685963e-02
-3.297415194642974723e-02 2.257388500975769652e-02 1.648585231117959474e-02 -1.128489618730352251e-02
-3.126258555388273380e-02 2.197960857753796654e-02 1.563037611810618246e-02 -1.098817368266400904e-02
-1.250083789452172967e-01 4.241617403754996407e-02 6.252183348272642716e-02 -2.121040326644799828e-02
-1.128462143236543119e-01 4.027040860501067410e-02 5.643600795887220023e-02 -2.012286773844788185e-02
-1.023095623894973716e-01 3.838349079833452276e-02 5.114848577618419379e-02 -1.920048559661339041e-02
-9.323586390823718206e-02 3.662305484306149078e-02 4.660960901442539467e-02 -1.831135696783760258e-02
-8.530158721256422827e-02 3.503003036268096532e-02 4.265078585840270664e-02 -1.750975341209184619e-02
-7.834336959208347551e-02 3.358118880607655066e-02 3.917004856912702226e-02 -1.679791665535214015e-02
-7.214813933642937049e-02 3.225398939719419794e-02 3.606815147804254273e-02 -1.612833120588125224e-02
-6.676293708558539430e-02 3.098352408567765434e-02 3.338763107265389080e-02 -1.548461277664117328e-02
-6.190082204527665860e-02 2.983950656990991962e-02 3.094747568209304384e-02 -1.491656086958986771e-02
-5.756597565164638802e-02 2.877376561048717793e-02 2.878644174724348179e-02 -1.438451132166013342e-02
-5.364672137786050121e-02 2.779431318073696117e-02 2.681669459144736534e-02 -1.390359961517181366e-02
-5.013673248971481367e-02 2.685621579203387871e-02 2.506308829459835338e-02 -1.342587689994158978e-02
-4.694879548665857605e-02 2.600085943790591061e-02 2.347273591088903932e-02 -1.300439369813419059e-02
-4.407675414227057303e-02 2.517108067181109826e-02 2.204916375438890561e-02 -1.257445062715490530e-02
-4.144988883091966364e-02 2.440836322594886268e-02 2.072923914825917924e-02 -1.219926127444981821e-02
-3.904523701924844659e-02 2.368748323585040741e-02 1.952110651835382502e-02 -1.183796952612842929e-02
-3.683786631004497270e-02 2.302305566175114060e-02 1.842091966203785597e-02 -1.151109000217327358e-02
-3.481514397015133405e-02 2.238441670800971062e-02 1.740757917984216835e-02 -1.119091933825401737e-02
-3.297525224108512759e-02 2.177180772713762855e-02 1.649071916074665994e-02 -1.088593839862445414e-02
-3.124947672644124569e-02 2.120242953111265913e-02 1.562468979657840630e-02 -1.059796503126134333e-02
-1.249312397166722072e-01 4.093832431323615045e-02 6.241860025284502039e-02 -2.045208866159737779e-02
-1.128158235722546282e-01 3.891345225677404068e-02 5.640848760267672818e-02 -1.947026381816285498e-02
-1.022300217115709037e-01 3.702104818567087535e-02 5.101376019118607219e-02 -1.848567007644643517e-02
-9.321087778092440601e-02 3.536476922339270440e-02 4.659348152369528762e-02 -1.767869945537324169e-02
-8.527710793374743137e-02 3.383187219865966405e-02 4.262314524453068854e-02 -1.691702967060706997e-02
-7.831886496369472317e-02 3.242714769069281189e-02 3.915000464620250337e-02 -1.621765878634066904e-02
-7.216562072145638052e-02 3.113306858689877596e-02 3.607806113994791591e-02 -1.556614164855361915e-02
-6.676001993739857920e-02 2.992358591208513219e-02 3.338078482645404771e-02 -1.496445690117758666e-02
-6.189031671788050581e-02 2.882055029289739417e-02 3.094429300246076195e-02 -1.441133101546897798e-02
-5.755719220641664774e-02 2.778537501190804504e-02 2.877756078489850100e-02 -1.389213294851818561e-02
-5.364335186361882807e-02 2.683571029093116678e-02 2.681619571654879006e-02 -1.342162000140127882e-02
-5.014948908103895181e-02 2.592592500652484908e-02 2.507800676093517936e-02 -1.295877496643147407e-02
-4.695640323459611409e-02 2.509423060248682641e-02 2.347314277769538965e-02 -1.254677696785982954e-02
-4.405295598107669686e-02 2.432634368383146742e-02 2.202290518510243572e-02 -1.217048830451277104e-02
-4.142368731822799327e-02 2.357487836465340172e-02 2.070560418587671231e-02 -1.178195718956406672e-02
-3.903448188733675550e-02 2.288080765597346258e-02 1.951552619069163441e-02 -1.143877908852530129e-02
-3.685464148672568108e-02 2.221959134502828753e-02 1.843386524694801132e-02 -1.110717953199913920e-02
-3.482246075540612607e-02 2.160663118791139592e-02 1.741217924766849667e-02 -1.080011890999502469e-02
-3.297238291147035899e-02 2.101856156257025932e-02 1.648596311491613842e-02 -1.050710832912294876e-02
-3.124933961729599655e-02 2.047635962627991635e-02 1.562691393589103750e-02 -1.023849855359250036e-02
-1.249058313164851525e-01 3.955464524136466375e-02 6.237487517563446160e-02 -1.974352726509318035e-02
-1.128162792354906047e-01 3.760715193388274036e-02 5.640914117324987570e-02 -1.880748712748610621e-02
-1.022480143280633663e-01 3.580124046446378494e-02 5.105593940348789050e-02 -1.788550530072404582e-02
-9.323118676644798208e-02 3.418473409317806383e-02 4.661036631362527882e-02 -1.709257409177209266e-02
-8.530260156742960898e-02 3.269886354358542829e-02 4.265641015980975448e-02 -1.634711659741873782e-02
-7.833197073295723734e-02 3.134767681668598760e-02 3.916274680833781163e-02 -1.568198783035709004e-02
-7.220102715915618918e-02 3.008341244499063843e-02 3.610303582544626549e-02 -1.504116238135597833e-02
-6.676737727774748055e-02 2.891429481531529108e-02 3.338575978218302764e-02 -1.445051077866540447e-02
-6.189659616037835460e-02 2.786125756187891184e-02 3.095092292918725368e-02 -1.393429688972961343e-02
-5.756309326378941660e-02 2.685638810255549028e-02 2.878433946382935246e-02 -1.342581759346069860e-02
-5.365694036317634336e-02 2.593354190933019193e-02 2.682472073175570793e-02 -1.296849684832884764e-02
-5.013557747551886101e-02 2.505828821843101781e-02 2.505472886599572832e-02 -1.252286211239891922e-02
-4.697235865708181135e-02 2.424670945603089878e-02 2.348493672231571211e-02 -1.211825279374421221e-02
-4.404783265795719077e-02 2.349988768509725726e-02 2.201471337697583422e-02 -1.174170885295785366e-02
-4.143198824006871089e-02 2.279014504778440961e-02 2.071364185610913289e-02 -1.139329676806519198e-02
-3.903860850923667608e-02 2.212334265932916488e-02 1.952421728423259922e-02 -1.106391201568174103e-02
-3.684000930614642066e-02 2.148185477909381885e-02 1.841763882800469265e-02 -1.073797718565896314e-02
-3.482152650486067952e-02 2.088910551114632475e-02 1.741247032005401735e-02 -1.044314252165427781e-02
-3.296040046737137852e-02 2.032671450988465106e-02 1.648000906745803601e-02 -1.016261678572655952e-02
-3.125033642710662446e-02 1.978718255846253701e-02 1.562321197317456493e-02 -9.890559193767866492e-03
-1.249937971483527921e-01 3.830894113969529613e-02 6.249759809026565749e-02 -1.915484485491401878e-02
-1.126649233269454153e-01 3.636122474694196416e-02 5.621603404019295119e-02 -1.814066000758235431e-02
-1.022312766670288031e-01 3.462703731672164831e-02 5.100844269928458963e-02 -1.728715066391121880e-02
-9.315012759529636699e-02 3.306260221212158068e-02 4.651533389550858294e-02 -1.650267973222856177e-02
-8.533259613799480670e-02 3.162425262056904607e-02 4.266144076623882425e-02 -1.580490128019336124e-02
-7.834490613251075819e-02 3.031181746154762782e-02 3.916827459571023407e-02 -1.514452238275167985e-02
-7.216904909412381885e-02 2.912420978198338242e-02 3.608067590820551035e-02 -1.456248311369292073e-02
-6.673374848905253010e-02 2.799100020549934523e-02 3.335538223262682345e-02 -1.399008751584425100e-02
-6.190303699421267208e-02 2.695855105146308106e-02 3.095136997782950775e-02 -1.348288167834983502e-02
-5.754706863641839698e-02 2.600534535127618785e-02 2.877734260494279814e-02 -1.300796970557376551e-02
-5.364746473856087106e-02 2.509801621936025642e-02 2.681993893717131427e-02 -1.254730693278535356e-02
-5.013549497029042706e-02 2.425823070329013315e-02 2.506501119205064437e-02 -1.212627516087418957e-02
-4.696255488787120375e-02 2.347929500510616968e-02 2.348310659773426151e-02 -1.174300984920123581e-02
-4.406859213264784775e-02 2.274571728383888158e-02 2.203415936963393218e-02 -1.137481499896493727e-02
-4.143384569421965091e-02 2.205394976641807808e-02 2.071467093798547848e-02 -1.102516232804433630e-02
-3.904115843192330904e-02 2.140350729318024961e-02 1.952471438446885810e-02 -1.069956781477465410e-02
-3.683543666461576438e-02 2.079285701001122588e-02 1.841683647147201314e-02 -1.039411970565197636e-02
-3.481757639757646766e-02 2.021470398018114512e-02 1.740877338701782989e-02 -1.010413402014337207e-02
-3.297583563627824038e-02 1.965942715943449007e-02 1.649084833153890636e-02 -9.824758486850332026e-03
-3.125320280951313784e-02 1.915267253688563917e-02 1.562915565877974478e-02 -9.576180500628757308e-03
-1.249989451261942636e-01 3.710367031617862327e-02 6.249311640636757981e-02 -1.854770429263593798e-02
-1.128262480552173486e-01 3.525313311671709332e-02 5.640795819276538114e-02 -1.763170401571956952e-02
-1.023425774356218620e-01 3.356342550816291542e-02 5.117117465709717511e-02 -1.677603629043185329e-02
-9.323643895598211773e-02 3.204386575865998676e-02 4.661382458130673007e-02 -1.601932391120770502e-02
-8.529428415172611577e-02 3.065517436412337413e-02 4.264128114245911705e-02 -1.532635988180584656e-02
-7.833322513222509831e-02 2.938274114113008720e-02 3.915990509447821177e-02 -1.469507602147574442e-02
-7.219187639852792104e-02 2.821265656831086280e-02 3.609090230354703582e-02 -1.411465371740569172e-02
-6.674207370622618762e-02 2.712612659877551916e-02 3.337204933555937281e-02 -1.356596717417002558e-02
-6.188856929540431651e-02 2.612477932988387444e-02 3.094512260431780959e-02 -1.306804639411802277e-02
-5.755236335864847425e-02 2.518520237822373387e-02 2.877344549195156795e-02 -1.259543640443413527e-02
-5.364541706829763223e-02 2.431012367948347935e-02 2.681895712127477585e-02 -1.214888740104922392e-02
-5.012287701554809377e-02 2.351121895069578985e-02 2.506205311338695341e-02 -1.175643059736746626e-02
-4.695553240661391042e-02 2.274574604863997471e-02 2.347867025765741980e-02 -1.137335589076498774e-02
-4.406090026643381952e-02 2.203663412523546722e-02 2.202621479480627170e-02 -1.102013617777542961e-02
-4.143408810101763956e-02 2.136614106304111221e-02 2.071478706112584930e-02 -1.068281945604190701e-02
-3.902950390463384017e-02 2.074042580002732547e-02 1.950964571641265050e-02 -1.037259151367245572e-02
-3.683075085699639983e-02 2.014828753260112723e-02 1.841491887109733896e-02 -1.007431928222162452e-02
-3.481347279919148191e-02 1.959054807592700356e-02 1.740413721447429951e-02 -9.798855660622069613e-03
-3.294115413920399582e-02 1.906961552332450335e-02 1.646448839970550762e-02 -9.539716952916886192e-03
-3.125578528284043284e-02 1.855027663416203287e-02 1.563114472403405106e-02 -9.272231538877594159e-03
-1.237838507794482151e-01 3.565547701983627638e-02 6.070619825668607111e-02 -1.748960917122773309e-02
-6.146594480192217602e-02 2.406945270861448119e-02 -1.074955106062656235e-02 1.070527523893476064e-03
-1.023266435814268877e-01 3.255776754132935075e-02 5.116361494734594784e-02 -1.627959542262482837e-02
-9.320615885565293468e-02 3.106682214378943263e-02 4.656851484803281593e-02 -1.552482697791290715e-02
-8.520925259848471933e-02 2.969409870601904741e-02 4.250418382500789627e-02 -1.481705628924493909e-02
-7.827148291285415671e-02 2.847859828004787111e-02 3.908844690343906553e-02 -1.422144276118611321e-02
-7.220476770023011304e-02 2.734808380195439398e-02 3.610728101838965587e-02 -1.367359181352080510e-02
-6.673522439329018785e-02 2.629354772854291047e-02 3.335836324870809083e-02 -1.314035887642135692e-02
-6.188994294027178739e-02 2.532073211112211703e-02 3.093355052873676334e-02 -1.265904107899411615e-02
-5.756710635862331837e-02 2.441512179024890247e-02 2.878659997218093944e-02 -1.220721877820406427e-02
-5.364698411836842096e-02 2.357681160283478169e-02 2.682165779388336752e-02 -1.178562297408803153e-02
-5.012419735419147704e-02 2.279839739816448899e-02 2.506053086433525021e-02 -1.140122672868954662e-02
-4.695750323955864142e-02 2.205760937573515018e-02 2.348034258919116934e-02 -1.103100433320735457e-02
-4.406717524523477009e-02 2.135932248120206087e-02 2.202896426240226468e-02 -1.067512092444545743e-02
-4.143704913499109133e-02 2.071572706660749358e-02 2.071427515141316400e-02 -1.035714162016790861e-02
-3.901692319745481141e-02 2.012465251588388404e-02 1.949649928214972766e-02 -1.007440820975343508e-02
-3.683367070738501059e-02 1.953231665421280294e-02 1.841261157292655923e-02 -9.764457989104883759e-03
-3.482547365096863579e-02 1.898566854938290444e-02 1.741107844619202427e-02 -9.491113561119026917e-03
-3.295495044190035333e-02 1.848333490043640309e-02 1.647450549831712407e-02 -9.244000182450763312e-03
-3.125511019576283911e-02 1.798960707358436203e-02 1.563021604417456217e-02 -8.993396541889403864e-03
-1.249814011361715382e-01 3.492021886924302071e-02 6.247450986429680525e-02 -1.745318484738292084e-02
-1.127891931421943772e-01 3.318489120439482853e-02 5.635587068735944949e-02 -1.660172475539580320e-02
-5.818227787214522856e-02 2.486695418214270731e-02 -4.260372405380880891e-03 -2.367939006545307160e-03
-9.302724617025681653e-02 3.009913466465125031e-02 4.630019918010910840e-02 -1.498726103202609357e-02
-8.508589737604457803e-02 2.878989626362858309e-02 4.235113764992909369e-02 -1.432417160201506640e-02
-7.826248623529576121e-02 2.763061246004303029e-02 3.906025476240366362e-02 -1.379278227103943565e-02
-7.216905759098699025e-02 2.653729653392862542e-02 3.606319779254362617e-02 -1.325829354866386173e-02
-6.675489851584257006e-02 2.552111436728253871e-02 3.337417691026348110e-02 -1.276047443764679983e-02
-6.189996168858469955e-02 2.457762931001004209e-02 3.094705865321279586e-02 -1.228975679087303263e-02
-5.756480166788314340e-02 2.369661279369790138e-02 2.878209534830251937e-02 -1.184798852266943578e-02
-5.364806745329164794e-02 2.289009125288614735e-02 2.682693501836291849e-02 -1.144750236710010555e-02
-5.014177385475007687e-02 2.211914896957862392e-02 2.507265033883938898e-02 -1.105912021856263021e-02
-4.696386885975097764e-02 2.140516391868621179e-02 2.348509617575169489e-02 -1.070321055375685927e-02
-4.407319791598950098e-02 2.073165629968808793e-02 2.204063928528793986e-02 -1.036072772656567928e-02
-4.143762606100603180e-02 2.010310089095886099e-02 2.071545602632778385e-02 -1.004735657618090021e-02
-3.903957492102438920e-02 1.951982072764540249e-02 1.952098424674998667e-02 -9.763453030833722790e-03
-3.684189227346514744e-02 1.895620751865357764e-02 1.841853180035627965e-02 -9.478124554054214931e-03
-3.482035860387910214e-02 1.842985932047066719e-02 1.741036318393535121e-02 -9.212169062225918081e-03
-3.296963489109460549e-02 1.792673249221150150e-02 1.648513114652442810e-02 -8.958858956628380776e-03
-3.124921289207554034e-02 1.746583086927292264e-02 1.562657477828586702e-02 -8.733971204989419632e-03
-1.249429896188164746e-01 3.391447605571287077e-02 6.243109485314681656e-02 -1.693863411109044689e-02
-1.074041161241419545e-01 3.077972278757838687e-02 4.848217539841651741e-02 -1.388358383502368357e-02
-1.023231726446322820e-01 3.069108390832596053e-02 5.114670401941258382e-02 -1.534348452362042751e-02
-9.323736922365491453e-02 2.930072318796147698e-02 4.661948747875620941e-02 -1.465010953301718911e-02
-8.526007574100631647e-02 2.801401896728985055e-02 4.258979655552407734e-02 -1.399237486249767931e-02
-7.835238936687664857e-02 2.684965893494755534e-02 3.916667865972739415e-02 -1.342118929824183925e-02
-7.221779166912216386e-02 2.576592115228680535e-02 3.610816381145701831e-02 -1.286978304708245521e-02
-6.674671483371691361e-02 2.479126514328292702e-02 3.336722285201975530e-02 -1.239290111790439589e-02
-6.191060325965781763e-02 2.386535631309089425e-02 3.095341766096558825e-02 -1.192724250645745346e-02
-5.753939175997534877e-02 2.303338912325354065e-02 2.876048804524560659e-02 -1.152360515542032518e-02
-5.364748363729890390e-02 2.222795665440163715e-02 2.681654268348414305e-02 -1.111217547994846656e-02
-5.014200891583289049e-02 2.148589268871957739e-02 2.507324619624273429e-02 -1.074112020439171346e-02
-4.695066967768839888e-02 2.079449259944734715e-02 2.347356369675157248e-02 -1.039510093963625509e-02
-4.408368762459678736e-02 2.013814135524977580e-02 2.204302727378680549e-02 -1.006903536458134477e-02
-4.141947214102299074e-02 1.954808618891712077e-02 2.071091500068120844e-02 -9.778632013513871221e-03
-3.902815418033574874e-02 1.896399051807106176e-02 1.950816403753483780e-02 -9.485221794464543041e-03
-3.683614271150236624e-02 1.842081691898044341e-02 1.841964368690447718e-02 -9.211775874767643910e-03
-3.482355455797822574e-02 1.790086905657056054e-02 1.740975613660264085e-02 -8.948107595837046652e-03
-3.295885834813171850e-02 1.742125415077646830e-02 1.647567989987535134e-02 -8.709413980975170069e-03
-3.124887522258596589e-02 1.696643543073618823e-02 1.562580900731487185e-02 -8.484012366239071165e-03
-1.165486013030399004e-01 3.085423432388465642e-02 5.006621531936755048e-02 -1.323103268122496207e-02
-1.103465152175515662e-01 3.066519252737869364e-02 5.278974205118435598e-02 -1.463807511749664649e-02
-1.023303053359599507e-01 2.984987106726413528e-02 5.116955650391901561e-02 -1.493070776591550602e-02
-7.339418264693442495e-02 2.169745318165224382e-02 1.709615860198658577e-02 -3.985343811817300581e-03
-8.529855976576244947e-02 2.724046351001542174e-02 4.263693546314922811e-02 -1.361399738708023686e-02
-7.823581598632023404e-02 2.607149515872096354e-02 3.901369694912360658e-02 -1.299257582227441622e-02
-7.219995872188615660e-02 2.508950088372175619e-02 3.611537746013620404e-02 -1.255944598623994282e-02
-6.675261383598254938e-02 2.411295881273420663e-02 3.337913939151594678e-02 -1.206305584785211972e-02
-6.189433876964606923e-02 2.321263704144159445e-02 3.094517407646191903e-02 -1.160518372207351365e-02
-5.752120932775303674e-02 2.237650626718559049e-02 2.873464689212040096e-02 -1.117734819344463892e-02
-5.364096848391980421e-02 2.161961095256598533e-02 2.682261991796850917e-02 -1.081076623318484760e-02
-5.012042162659768180e-02 2.089135556463461718e-02 2.505081973707736637e-02 -1.044204789905250202e-02
-4.695329345773645302e-02 2.021606048074496911e-02 2.347600106617750773e-02 -1.010578225101462814e-02
-4.406196460518740921e-02 1.957853173982427447e-02 2.201845801220617821e-02 -9.785452396658593163e-03
-4.143457802972643628e-02 1.898798505691672370e-02 2.071158480355518583e-02 -9.491433545175821662e-03
-3.903681220797365625e-02 1.843383487783748290e-02 1.952057279301519857e-02 -9.216949302009801170e-03
-3.684155965118470627e-02 1.790479848215952019e-02 1.842091946351281234e-02 -8.952729277306227876e-03
-3.482297298148023801e-02 1.741255937968397283e-02 1.741577928186909333e-02 -8.709506325195414539e-03
-3.296767908304134437e-02 1.693437557985652195e-02 1.648624094712950253e-02 -8.464425659726633813e-03
-3.125319288125724682e-02 1.649143783807693539e-02 1.562581039472868069e-02 -8.246201190892810118e-03
-1.249449607505605103e-01 3.208419890803960312e-02 6.241739130083488046e-02 -1.603171656037171572e-02
-1.128230474440538728e-01 3.050173955720549349e-02 5.644274136849947165e-02 -1.525715792974914609e-02
-1.022449448815604123e-01 2.901121829666537463e-02 5.104265302383234615e-02 -1.447900315647947939e-02
-8.759364888884060840e-02 2.644231747859000434e-02 3.862330295931745011e-02 -1.180678731185836119e-02
-8.519490004830969354e-02 2.646963306053295301e-02 4.246814315134295192e-02 -1.319828358684721308e-02
-7.834197665227185525e-02 2.541060137862793944e-02 3.917204485579231510e-02 -1.270732661221359028e-02
-7.220129006508337055e-02 2.439677707846205773e-02 3.611017568277330447e-02 -1.220048974433220537e-02
-6.675843267392536640e-02 2.345227108119164044e-02 3.338304369536740368e-02 -1.172524300083733172e-02
-6.185802723589991364e-02 2.257457432737660502e-02 3.089471950686613344e-02 -1.127402478533474223e-02
-5.753111036884377139e-02 2.178962639347321179e-02 2.876432457023573447e-02 -1.089648366873078450e-02
-5.366404215519492843e-02 2.102242279709341799e-02 2.683276591526401883e-02 -1.050885928606014319e-02
-5.010472149639888517e-02 2.031654926631524041e-02 2.501815900729033315e-02 -1.014826124793106327e-02
-4.694742562925399015e-02 1.967108676411648271e-02 2.346907089097606189e-02 -9.833978410491031955e-03
-4.407025994535632152e-02 1.905751599515159017e-02 2.203918734415498057e-02 -9.529598078729325378e-03
-4.143469546910270168e-02 1.847831727190923229e-02 2.071884139727778185e-02 -9.237032323565630074e-03
-3.902191517967530665e-02 1.794528159680974441e-02 1.950776186630317349e-02 -8.977949503366638995e-03
-3.684527065692127373e-02 1.741405947580020735e-02 1.841999607840243483e-02 -8.703594864684804921e-03
-3.482129471289668876e-02 1.693842463911258978e-02 1.741275725878162206e-02 -8.469072211855875956e-03
-3.295977087706575270e-02 1.647852167988355168e-02 1.647872388258894705e-02 -8.236232666205985792e-03
-3.126210857351006955e-02 1.604172999081613510e-02 1.563265059188151396e-02 -8.020695880799552646e-03
-1.251421102147143305e-01 3.128290258201726903e-02 6.270310727688152563e-02 -1.567686838432339608e-02
-6.028478297964105087e-02 2.065803672664349999e-02 -1.246245807909049028e-02 1.311725818310531012e-03
-7.685762164404080776e-02 2.275479578836649835e-02 1.589848507850067857e-02 -5.047033781493466542e-03
-9.302809005254648878e-02 2.692944068113857156e-02 4.632328803466059797e-02 -1.340129138616540788e-02
-8.530373392189172232e-02 2.581224720581134363e-02 4.264829275518309398e-02 -1.290462138053006906e-02
-7.825992747472623745e-02 2.472090641086291743e-02 3.906159484167735785e-02 -1.233744443502096666e-02
-7.218769156370136164e-02 2.375717517768553139e-02 3.609340469796099710e-02 -1.188185903218325935e-02
-6.673227935536682476e-02 2.282672290285448977e-02 3.333694552811961725e-02 -1.140645889341792424e-02
-6.189934572019856196e-02 2.199239101703207022e-02 3.095070763371512990e-02 -1.099729445929995345e-02
-5.756027035440992867e-02 2.120201479508712281e-02 2.877847104413175719e-02 -1.059933640230491941e-02
-5.363796973746819824e-02 2.048105055733836360e-02 2.681031743687887353e-02 -1.024372731486462157e-02
-5.014448612375553560e-02 1.979032817635117264e-02 2.507620320191038601e-02 -9.894471819505099366e-03
-4.695975348844542291e-02 1.915565330241349867e-02 2.348099899213976910e-02 -9.581206873037794933e-03
-4.407465670240621330e-02 1.853276360388764893e-02 2.203620961146222912e-02 -9.247991644630243827e-03
-4.144714461132703587e-02 1.798878714014206029e-02 2.072457140459151720e-02 -8.994684882064193573e-03
-3.903160884375746903e-02 1.746702625757850028e-02 1.951231430100369355e-02 -8.737139387573313390e-03
-3.684160960058541906e-02 1.696176855500104719e-02 1.842027676583329540e-02 -8.480855314806049969e-03
-3.481426417521269606e-02 1.649625238610478994e-02 1.740700448700137001e-02 -8.249295151328123882e-03
-3.296333324654453917e-02 1.604058614953844664e-02 1.648143979463049733e-02 -8.014333613685347552e-03
-3.124954123326105504e-02 1.561936219531188420e-02 1.561833746564497000e-02 -7.807030485091127382e-03
