3.119285821914672852e+00
3.105474710464477539e+00
3.454041242599487305e+00
3.606472492218017578e+00
3.190426111221313477e+00
3.021750688552856445e+00
2.999176979064941406e+00
3.285355329513549805e+00
2.339518785476684570e+00
2.379070520401000977e+00
2.413674354553222656e+00
2.028543233871459961e+00
2.056561946868896484e+00
2.332167148590087891e+00
2.044637441635131836e+00
2.091167926788330078e+00
2.219475507736206055e+00
2.367814064025878906e+00
2.059163808822631836e+00
2.329955816268920898e+00
2.282021284103393555e+00
2.381756782531738281e+00
2.054898977279663086e+00
2.091587543487548828e+00
2.093254566192626953e+00
2.078435420989990234e+00
2.323596000671386719e+00
2.364757537841796875e+00
2.433018445968627930e+00
2.394825696945190430e+00
2.236800670623779297e+00
2.267042160034179688e+00
2.244381904602050781e+00
2.041913270950317383e+00
1.969284534454345703e+00
2.016250610351562500e+00
2.314157485961914062e+00
2.265926599502563477e+00
1.983008623123168945e+00
1.966036081314086914e+00
2.026638031005859375e+00
2.057356834411621094e+00
2.438948392868041992e+00
2.321047782897949219e+00
2.253310918807983398e+00
2.012111902236938477e+00
2.268296480178833008e+00
2.192442178726196289e+00
2.379639625549316406e+00
2.366157531738281250e+00
1.962806701660156250e+00
2.307130098342895508e+00
2.302445650100708008e+00
2.311087131500244141e+00
2.006113767623901367e+00
1.981557369232177734e+00
1.995672941207885742e+00
2.213262557983398438e+00
2.021132230758666992e+00
2.273839473724365234e+00
2.246891498565673828e+00
2.004399538040161133e+00
1.994666337966918945e+00
2.118839502334594727e+00
2.042058706283569336e+00
2.074640512466430664e+00
2.350390672683715820e+00
2.069924116134643555e+00
2.246648073196411133e+00
2.063129663467407227e+00
2.390929937362670898e+00
2.473110437393188477e+00
2.099900245666503906e+00
2.428629636764526367e+00
2.103554964065551758e+00
2.319479703903198242e+00
2.308894157409667969e+00
2.038006782531738281e+00
2.275866746902465820e+00
2.048888921737670898e+00
2.048946857452392578e+00
2.038115024566650391e+00
2.311756134033203125e+00
2.257648706436157227e+00
2.325945615768432617e+00
2.145006418228149414e+00
2.153838157653808594e+00
2.246015548706054688e+00
2.361836433410644531e+00
2.324173450469970703e+00
2.022762060165405273e+00
2.363279581069946289e+00
2.100988149642944336e+00
2.463487148284912109e+00
2.098399400711059570e+00
2.856513500213623047e+00
3.342651367187500000e+00
3.046389341354370117e+00
3.489941120147705078e+00
3.309795618057250977e+00
2.891637563705444336e+00
3.200377225875854492e+00
3.151263713836669922e+00
3.004898786544799805e+00
3.236485958099365234e+00
2.699922561645507812e+00
3.127787828445434570e+00
2.867095708847045898e+00
3.328760147094726562e+00
3.246418476104736328e+00
2.727297782897949219e+00
3.344970226287841797e+00
3.359232187271118164e+00
3.145298004150390625e+00
2.784085512161254883e+00
3.263598680496215820e+00
2.824611663818359375e+00
2.801995038986206055e+00
2.794151067733764648e+00
2.943790912628173828e+00
3.169474124908447266e+00
3.167518377304077148e+00
1.987555503845214844e+00
2.326705455780029297e+00
2.284114837646484375e+00
2.359004497528076172e+00
2.304016828536987305e+00
2.016409397125244141e+00
2.154594182968139648e+00
2.241786003112792969e+00
1.981029748916625977e+00
2.343548774719238281e+00
2.006002664566040039e+00
2.274037837982177734e+00
2.268481492996215820e+00
2.379282951354980469e+00
2.029858112335205078e+00
2.142188549041748047e+00
2.044171571731567383e+00
2.249289512634277344e+00
2.406547069549560547e+00
2.153128623962402344e+00
2.308092832565307617e+00
2.256460666656494141e+00
2.248166799545288086e+00
2.401827812194824219e+00
2.036415100097656250e+00
2.008154630661010742e+00
2.361709117889404297e+00
2.249782085418701172e+00
2.003267049789428711e+00
2.321267366409301758e+00
2.005764484405517578e+00
2.296727895736694336e+00
1.977392673492431641e+00
2.011414051055908203e+00
2.234757661819458008e+00
2.225023269653320312e+00
2.232897996902465820e+00
2.077530384063720703e+00
2.205703258514404297e+00
2.257169008255004883e+00
2.241995096206665039e+00
2.080353736877441406e+00
2.008361101150512695e+00
2.293413400650024414e+00
1.997015476226806641e+00
2.259122133255004883e+00
2.188030958175659180e+00
2.376392126083374023e+00
2.233870983123779297e+00
1.965032577514648438e+00
2.231351375579833984e+00
1.992657423019409180e+00
2.243489503860473633e+00
2.125577926635742188e+00
2.017762422561645508e+00
1.972614526748657227e+00
2.275902509689331055e+00
2.407571554183959961e+00
2.271008968353271484e+00
1.995164632797241211e+00
2.275785207748413086e+00
2.002501010894775391e+00
2.234957218170166016e+00
2.270095109939575195e+00
2.218985319137573242e+00
2.713611602783203125e+00
3.382792949676513672e+00
2.447208166122436523e+00
2.204065322875976562e+00
2.186850309371948242e+00
1.932722330093383789e+00
2.177533626556396484e+00
1.921826124191284180e+00
1.926664829254150391e+00
2.226193189620971680e+00
1.931256771087646484e+00
2.188581705093383789e+00
2.334849119186401367e+00
1.922856569290161133e+00
2.246958255767822266e+00
1.920167207717895508e+00
2.069154262542724609e+00
2.340171098709106445e+00
2.168420553207397461e+00
2.308150053024291992e+00
2.198929786682128906e+00
2.181880712509155273e+00
1.907619237899780273e+00
1.909995079040527344e+00
2.124041080474853516e+00
2.079502582550048828e+00
2.053636312484741211e+00
1.919833660125732422e+00
1.906651973724365234e+00
2.273162841796875000e+00
2.162441968917846680e+00
1.903437376022338867e+00
2.182421922683715820e+00
1.886584281921386719e+00
1.901819467544555664e+00
2.092088699340820312e+00
2.091565608978271484e+00
2.151622772216796875e+00
1.915183782577514648e+00
1.907797813415527344e+00
2.151738405227661133e+00
2.122221231460571289e+00
2.132331609725952148e+00
2.132725238800048828e+00
2.287915945053100586e+00
2.064869165420532227e+00
2.260826587677001953e+00
2.180044174194335938e+00
2.173456907272338867e+00
1.912180185317993164e+00
1.890306711196899414e+00
1.912465333938598633e+00
1.891139030456542969e+00
2.065780401229858398e+00
1.910952329635620117e+00
2.270113229751586914e+00
1.929345846176147461e+00
2.052849531173706055e+00
1.931847810745239258e+00
1.902480125427246094e+00
2.176966667175292969e+00
2.274899959564208984e+00
2.154557704925537109e+00
2.131030559539794922e+00
2.153593778610229492e+00
2.146343469619750977e+00
2.042050600051879883e+00
2.219572067260742188e+00
2.270019054412841797e+00
2.175682306289672852e+00
2.259243726730346680e+00
1.908372402191162109e+00
2.064574718475341797e+00
1.899225950241088867e+00
2.221074581146240234e+00
2.156031608581542969e+00
1.924594879150390625e+00
2.171716928482055664e+00
1.911780834197998047e+00
2.177331924438476562e+00
2.146435737609863281e+00
2.050354242324829102e+00
2.178947687149047852e+00
2.278574466705322266e+00
2.129568576812744141e+00
1.913200616836547852e+00
1.916457176208496094e+00
2.152198076248168945e+00
2.154606819152832031e+00
1.927754640579223633e+00
2.165956258773803711e+00
2.073728322982788086e+00
2.290587425231933594e+00
2.163858890533447266e+00
1.933393239974975586e+00
2.045748949050903320e+00
1.920899391174316406e+00
2.041859149932861328e+00
2.061770439147949219e+00
2.261460542678833008e+00
2.157600641250610352e+00
2.059236526489257812e+00
2.167269706726074219e+00
1.934995889663696289e+00
2.186269283294677734e+00
2.173540830612182617e+00
1.917879581451416016e+00
2.140082120895385742e+00
1.907776832580566406e+00
2.278853178024291992e+00
1.937919139862060547e+00
1.911289453506469727e+00
1.903614044189453125e+00
2.144558429718017578e+00
1.931864976882934570e+00
2.119089365005493164e+00
2.182936429977416992e+00
1.894813776016235352e+00
1.911170244216918945e+00
1.911672353744506836e+00
2.218450307846069336e+00
2.174115896224975586e+00
1.919195413589477539e+00
2.086630344390869141e+00
2.138060331344604492e+00
2.136848926544189453e+00
2.162434339523315430e+00
1.968145132064819336e+00
1.897493362426757812e+00
2.044507741928100586e+00
2.205082416534423828e+00
2.167054653167724609e+00
2.139755487442016602e+00
2.165506601333618164e+00
1.905569553375244141e+00
2.176285266876220703e+00
1.913824796676635742e+00
1.927577972412109375e+00
1.933839797973632812e+00
2.177632331848144531e+00
2.134068727493286133e+00
2.173739910125732422e+00
1.895087480545043945e+00
1.899951457977294922e+00
1.945059061050415039e+00
2.146353006362915039e+00
2.301264047622680664e+00
2.160401344299316406e+00
1.909052371978759766e+00
2.064931392669677734e+00
2.141356945037841797e+00
2.282125949859619141e+00
1.930311679840087891e+00
1.907639503479003906e+00
1.905969142913818359e+00
2.136031866073608398e+00
1.898232460021972656e+00
2.290797233581542969e+00
2.258538484573364258e+00
2.154691696166992188e+00
2.159122943878173828e+00
1.916116714477539062e+00
2.153591871261596680e+00
1.894191503524780273e+00
2.145406723022460938e+00
1.932341814041137695e+00
2.263357639312744141e+00
2.195508241653442383e+00
2.213597297668457031e+00
1.890981674194335938e+00
1.890354156494140625e+00
2.145759820938110352e+00
1.931110143661499023e+00
2.128359079360961914e+00
2.062231779098510742e+00
2.061805486679077148e+00
2.150429964065551758e+00
2.170145034790039062e+00
2.084981441497802734e+00
1.919583320617675781e+00
2.166195154190063477e+00
2.264346122741699219e+00
2.152316331863403320e+00
2.065744638442993164e+00
2.167349815368652344e+00
1.905226707458496094e+00
2.200193881988525391e+00
2.175888299942016602e+00
1.901306629180908203e+00
2.188065052032470703e+00
2.129967451095581055e+00
1.895031452178955078e+00
1.929791212081909180e+00
2.049684524536132812e+00
2.202368974685668945e+00
2.160571813583374023e+00
1.917671203613281250e+00
2.035832881927490234e+00
2.275612831115722656e+00
1.918040275573730469e+00
2.098080873489379883e+00
1.911910057067871094e+00
2.151548862457275391e+00
1.898713111877441406e+00
2.146085977554321289e+00
1.886854648590087891e+00
1.876581668853759766e+00
2.096094608306884766e+00
2.166755914688110352e+00
2.276220798492431641e+00
2.142323017120361328e+00
2.154497146606445312e+00
1.896292448043823242e+00
