2.730000000000000000e+02
1.230000000000000000e+02
1.590000000000000000e+02
2.050000000000000000e+02
2.200000000000000000e+02
2.610000000000000000e+02
3.230000000000000000e+02
4.240000000000000000e+02
3.650000000000000000e+02
4.140000000000000000e+02
1.360000000000000000e+02
1.550000000000000000e+02
2.700000000000000000e+02
1.460000000000000000e+02
1.810000000000000000e+02
1.700000000000000000e+02
2.370000000000000000e+02
2.330000000000000000e+02
2.460000000000000000e+02
3.500000000000000000e+02
2.210000000000000000e+02
1.830000000000000000e+02
1.380000000000000000e+02
1.480000000000000000e+02
1.430000000000000000e+02
1.760000000000000000e+02
1.650000000000000000e+02
1.970000000000000000e+02
2.730000000000000000e+02
3.510000000000000000e+02
4.090000000000000000e+02
2.780000000000000000e+02
2.060000000000000000e+02
1.770000000000000000e+02
1.600000000000000000e+02
1.650000000000000000e+02
2.300000000000000000e+02
1.540000000000000000e+02
1.500000000000000000e+02
2.170000000000000000e+02
6.610000000000000000e+02
3.480000000000000000e+02
1.920000000000000000e+02
1.930000000000000000e+02
1.320000000000000000e+02
1.380000000000000000e+02
1.580000000000000000e+02
1.730000000000000000e+02
2.020000000000000000e+02
1.820000000000000000e+02
7.540000000000000000e+02
3.740000000000000000e+02
2.030000000000000000e+02
2.330000000000000000e+02
2.090000000000000000e+02
1.020000000000000000e+02
1.690000000000000000e+02
2.130000000000000000e+02
2.180000000000000000e+02
1.660000000000000000e+02
1.000000000000000000e+03
5.760000000000000000e+02
4.080000000000000000e+02
2.150000000000000000e+02
1.880000000000000000e+02
1.830000000000000000e+02
2.190000000000000000e+02
1.410000000000000000e+02
1.990000000000000000e+02
1.560000000000000000e+02
1.000000000000000000e+03
1.000000000000000000e+03
5.750000000000000000e+02
3.840000000000000000e+02
2.420000000000000000e+02
1.130000000000000000e+02
2.010000000000000000e+02
1.910000000000000000e+02
1.510000000000000000e+02
2.220000000000000000e+02
1.000000000000000000e+03
1.000000000000000000e+03
6.810000000000000000e+02
3.370000000000000000e+02
3.680000000000000000e+02
1.670000000000000000e+02
1.800000000000000000e+02
1.710000000000000000e+02
1.810000000000000000e+02
1.540000000000000000e+02
1.000000000000000000e+03
1.000000000000000000e+03
5.850000000000000000e+02
6.040000000000000000e+02
3.460000000000000000e+02
2.460000000000000000e+02
2.590000000000000000e+02
1.650000000000000000e+02
1.710000000000000000e+02
1.970000000000000000e+02
