3.021355009078979492e+01
1.357030034065246582e+01
1.771779561042785645e+01
2.268082904815673828e+01
2.437070870399475098e+01
2.855547976493835449e+01
3.721249842643737793e+01
5.138669371604919434e+01
4.091512894630432129e+01
4.561136436462402344e+01
1.497059583663940430e+01
1.713493490219116211e+01
2.939453148841857910e+01
1.604968857765197754e+01
2.015643596649169922e+01
1.885474848747253418e+01
2.631322574615478516e+01
2.987362718582153320e+01
2.731873583793640137e+01
3.886055898666381836e+01
2.545602750778198242e+01
2.318692159652709961e+01
1.632686257362365723e+01
1.644431209564208984e+01
1.654144525527954102e+01
2.132019710540771484e+01
1.820314860343933105e+01
2.188691163063049316e+01
3.057605195045471191e+01
3.866769933700561523e+01
4.508518195152282715e+01
3.089220905303955078e+01
2.300162148475646973e+01
1.967638635635375977e+01
1.782943701744079590e+01
1.835621261596679688e+01
2.502747869491577148e+01
1.690308690071105957e+01
1.635383367538452148e+01
2.354458761215209961e+01
7.190419077873229980e+01
3.907136321067810059e+01
2.188082981109619141e+01
2.208626317977905273e+01
1.441461086273193359e+01
1.509666180610656738e+01
1.730587339401245117e+01
1.884426546096801758e+01
2.288804721832275391e+01
2.077730035781860352e+01
8.581065559387207031e+01
4.268001174926757812e+01
2.202672910690307617e+01
2.576790404319763184e+01
2.302982234954833984e+01
1.121704530715942383e+01
1.848512458801269531e+01
2.370887088775634766e+01
2.429346561431884766e+01
1.826391053199768066e+01
1.105971624851226807e+02
6.374622082710266113e+01
4.498923182487487793e+01
2.423779845237731934e+01
2.078498816490173340e+01
2.018605113029479980e+01
2.472512578964233398e+01
1.552743077278137207e+01
2.226748323440551758e+01
1.718720650672912598e+01
1.103324654102325439e+02
1.106754190921783447e+02
6.424936795234680176e+01
4.224950599670410156e+01
2.635553574562072754e+01
1.233688545227050781e+01
2.196994423866271973e+01
2.092066884040832520e+01
1.656697654724121094e+01
2.427917933464050293e+01
1.103697397708892822e+02
1.104446449279785156e+02
7.672350096702575684e+01
3.686278724670410156e+01
6.082941412925720215e+01
2.288994264602661133e+01
2.596065258979797363e+01
2.709805035591125488e+01
2.836299967765808105e+01
2.473980784416198730e+01
1.589118113517761230e+02
1.547808282375335693e+02
9.067295575141906738e+01
9.368308758735656738e+01
5.483239030838012695e+01
4.008527016639709473e+01
4.572920131683349609e+01
2.826731419563293457e+01
2.854003810882568359e+01
3.290285372734069824e+01
