4.182081775327972650e-08
4.350950599807390518e-09
2.339780988402928585e-07
1.670868356451471470e-07
1.583350800471450270e-07
2.060085423916113712e-07
4.484076878696896529e-07
8.389112327034098371e-08
2.598261532038570465e-07
4.318179434581459475e-07
4.064934845948720010e-07
1.080788648022412701e-07
2.024456128291163282e-07
5.451769929942784643e-08
7.275965541175821727e-08
1.037365756628716440e-07
8.456792899291798449e-08
6.292886245429230030e-08
3.076527209655566253e-07
1.365156125365807327e-07
5.259460222339917834e-07
1.921147994021765726e-06
1.336247746897001321e-07
2.264117710537583150e-07
6.887129327948215973e-08
1.638998613495701306e-07
1.314295338117332790e-07
1.983943091476980669e-07
1.184819737320985666e-07
2.889522959237389443e-07
3.645526116591302213e-06
1.063764239639386489e-06
1.047735721515508089e-07
1.837209869792744144e-07
2.068673904953577392e-07
1.587815843251405568e-07
1.648177817004103929e-07
2.252568687133305048e-07
9.334902772994979614e-08
5.303036376691494524e-08
3.039896543743925150e-05
3.331812618023732853e-06
2.981415230418615891e-06
2.472020491084414573e-07
1.902994370417410153e-07
2.924724201158745984e-07
3.408662958559460776e-07
7.136289437159604176e-08
1.011336741019164265e-07
2.458481210831919839e-07
1.938537022840303159e-04
1.256975363173040705e-05
3.380592674129268005e-07
1.055277531969434079e-06
2.315330407953730685e-07
1.715918312994446637e-08
1.016111763618710029e-07
1.326018513880811156e-07
2.921312876047466034e-07
1.733923090108113740e-07
1.246545934150966595e-03
4.637688373326787072e-05
3.143091932111818920e-06
2.700827008483841496e-06
8.002903633674840478e-07
1.758667243945133407e-06
1.865716453552934695e-07
4.799892148188433794e-07
5.581420181588470086e-08
4.070606312023272721e-07
2.544687994180283575e-03
1.814106180439423177e-04
4.406323682704105238e-06
6.410660418454394716e-06
1.624304646841157052e-06
1.476996713101197400e-06
2.266516165305709762e-07
3.277566930637298981e-07
2.651283577681518011e-07
7.453176037452990954e-08
4.162993457775682193e-02
3.621724158742734012e-04
1.040357602727359776e-05
6.822704537001733627e-06
3.206733233895864288e-06
2.571856943522909944e-07
7.743402015147893280e-07
1.244107835640662074e-07
5.463513131354069685e-07
1.231994498085420275e-07
1.594031339353850218e-01
2.427545394677377288e-03
7.688542879807913621e-05
2.522338578053728853e-05
9.151697990372742453e-06
1.720494429979790851e-06
1.947424363990535312e-07
4.583538470992465363e-08
1.633616915075464249e-07
5.055653643504243178e-07
