1.877806174073943346e+00 2.799025468295492924e-01 1.413870319047290103e+00 1.102938565636965684e+00 1.903434409155194906e+00 1.108824581233953110e-01
2.025870581185303276e+00 3.059519566425326562e-02 1.776454548398793909e+00 4.878620745781887813e-02 1.371568064820403610e+00 -8.825048587322523730e-01
1.284954175862553560e+00 1.856453018032113711e+00 1.417355405328949658e+00 1.642367220925786464e+00 -1.506540637194633998e-02 8.957016873913081767e-01
2.479849878264761998e+00 1.173277880220367386e+00 8.442837426624011377e-01 1.825854455310878866e+00 9.329985410473228269e-01 -7.820785507061439948e-03
1.672238473477050791e+00 -9.880845573205421228e-02 1.435994156459277304e+00 1.239941167044011472e+00 1.700046391663535550e+00 3.241582009528304331e-01
1.758947552601289432e+00 3.685969961810405260e-01 1.407943966508543587e+00 1.533762235347049252e+00 1.118208554619586570e+00 5.413919076447901713e-01
2.147597906084327768e+00 -1.665744686052567924e-01 1.025766798387766743e+00 1.749513655546238722e+00 1.525292361863880064e+00 9.111005392706837958e-01
1.573690477904466922e+00 3.071885042594909784e-02 1.564076160204007859e+00 1.690532719214693280e+00 1.257609152718463186e+00 7.631362998602234660e-01
1.302659644094361635e+00 -6.331640432886001535e-02 1.844033938689934704e+00 1.672599048540206246e+00 1.269678576827154348e+00 7.285244970620499139e-01
1.836930909840093440e+00 6.682049476213588468e-01 1.476571447751271693e+00 1.385714245154138879e+00 4.587079486496854486e-01 3.342238213364339683e-01
3.151415385603361097e-01 1.730150389811154099e+00 1.907910654028894815e+00 1.313691135162963874e+00 1.075065580361771245e+00 1.890946983702754824e+00
1.737988770704415042e+00 1.049796964059250159e+00 1.497279808894659059e+00 1.559033655568092813e+00 1.168695189709869631e+00 4.928090371324962415e-01
2.528611121332906109e+00 -5.087744916435643638e-02 5.757025320183218886e-01 6.297443446420838420e-01 2.112633882488547776e+00 -2.553853658654256509e-01
1.533642088852177787e+00 1.510853067915017389e+00 1.445257629781536046e+00 1.698602049367005318e+00 4.151030014697589254e-01 6.879225802893489394e-01
1.300765520759402660e+00 2.043595626883095984e-01 1.933341210502261598e+00 1.095110369808755202e+00 1.592054126305345152e+00 2.315537579100903909e-01
1.501684539532642138e+00 1.115146951957303040e-01 1.680331097644169880e+00 1.218232829039681553e+00 1.574163309581199321e+00 3.009662044742646425e-01
1.735245666945347098e+00 8.533406680696460356e-01 1.661869675523354406e+00 1.314302895754813960e+00 7.015843877167936560e-01 3.533928432395151420e-01
1.361050907029283996e+00 -2.222269974565720119e-02 1.759365365005138404e+00 8.057772912136366150e-01 1.528278912512246679e+00 -1.259708071837943588e-01
2.457800406519967673e+00 1.320394956324237201e+00 8.571986485796370125e-01 1.921417058330266547e+00 5.195507443921799640e-01 -2.531373988590537860e-02
1.730514875105135131e+00 1.163770525837382053e+00 1.267349418873990219e+00 1.832396122244501102e+00 1.996051848366155179e-01 6.047730004849382057e-01
1.357185049077644257e+00 5.443320508495985005e-02 2.064705483987183232e+00 1.714321645205450217e-01 2.203494458400415468e+00 -7.362607592667941292e-01
1.259485967790381133e+00 6.109201247661754097e-01 2.034830483743035323e+00 1.196920047945619459e+00 1.762386069237238839e+00 5.078988054323992918e-01
3.738192210373415314e+00 1.995469950739823917e+00 -4.096225557056962230e-01 2.633162419037132107e+00 3.055089607406502150e+00 -1.701157503317380915e-01
1.833919193778195567e+00 1.507129753519853788e+00 1.439554282159098975e+00 1.681388476843447055e+00 6.145163728249057877e-01 3.895580241240563790e-01
3.042290655704594116e+00 1.565640224043637341e+00 2.991248862546157933e-02 2.849301818392506291e+00 1.869148068744095781e+00 3.577594924622415906e-01
1.188499048452183349e+00 1.039930767677914591e+00 2.295544851093039185e+00 9.377484294773714701e-01 9.373933722687921577e-01 6.032386655362159678e-01
1.032696503764809703e+00 1.329605684050140457e+00 1.885652572250009040e+00 1.410357485761197571e+00 5.548751546178430916e-01 1.113907256552245650e+00
1.548640447233190276e+00 1.288361044738682182e+00 2.297092537459450856e+00 8.276607394854165189e-01 3.279182544528084775e-01 4.695816360450054683e-01
7.793701172257093690e-01 1.299834332296239570e+00 2.577323620476954513e+00 8.082592066531856245e-01 7.952690573535378116e-01 9.593061445344852611e-01
7.365615752312528741e-01 8.065590065767576089e-01 2.559970769505535593e+00 9.557506357641826211e-01 1.003698966130646797e+00 6.812043023300129452e-01
5.867662514871742063e-01 1.400704178535331579e+00 2.160782978642828311e+00 1.341733571685740589e+00 1.574805850804561036e+00 1.509847045125443321e+00
1.066921982355494292e+00 1.200566298018935107e+00 1.208854517400333117e+00 2.068422024999040598e+00 1.002967434545424030e+00 1.248698371743206970e+00
1.919279578142786491e+00 1.376053113887331092e+00 4.616583831229359447e-01 2.647920279158257451e+00 1.154398845974239363e+00 6.552028101899201040e-01
3.215021308487799739e-02 3.067203091328240649e+00 2.835943081663262699e+00 3.208685402561525457e+00 2.551933435615834078e+00 -9.350517851063310237e-01
1.264729202668759100e+00 1.346519373093753691e+00 2.134119788812907093e+00 1.068539783609450344e+00 8.833913678315299389e-01 7.943766748592305804e-01
6.552922885966283584e-01 9.133717536469252440e-01 1.667560480936845835e+00 2.063869439782067161e+00 8.981481331032324933e-01 1.644560102270508528e+00
9.824965453938578896e-01 6.455612919573165964e-01 2.504581874918781814e+00 7.231759328665132713e-01 1.338923202064850937e+00 2.558516795549332090e-01
1.599040046198417997e+00 9.629444297921022633e-01 1.571538844318617567e+00 1.550222221251835064e+00 8.554665664018760163e-01 6.085684138735625304e-01
1.468499607234678983e+00 1.240025268869900499e+00 1.955925231864653169e+00 1.198052390932410782e+00 5.089444341371645031e-01 6.152475791871457877e-01
1.303543083989106899e+00 1.871267824068712504e-01 1.990858486381556380e+00 8.261695353873076408e-01 1.425287125049202741e+00 -3.788260787707349586e-02
2.009127184795770127e+00 6.882445033533932666e-01 1.678639003664094798e+00 9.804106826089774573e-01 1.775762348999506246e+00 -6.435162878049825730e-02
1.179267805812321823e+00 5.579036643833334974e-01 1.872988871264481991e+00 1.637740409947191278e+00 1.995845339324396228e+00 9.062153037524575128e-01
1.753423017242909721e+00 2.145772935052277841e+00 1.325885604265413908e+00 1.960640090372820943e+00 3.524852416869644345e-01 2.898172595569427634e-01
3.281345079534768505e+00 6.876290627007192180e-01 -8.971889345445684949e-01 7.703716944646680220e-01 3.107326057073347414e+00 -8.027493195505840395e-01
1.282367256799707311e+00 5.115223624604505748e-01 2.032669171672886854e+00 1.132839005259307807e+00 1.709768845855976549e+00 3.971933702935662169e-01
1.650635167258857727e+00 4.671852724147059210e-01 1.672861937936868992e+00 1.203433308423754955e+00 1.619134006225938727e+00 2.811940039928141344e-01
1.423153355052493074e+00 1.742525126263076984e+00 1.271128324634568818e+00 1.848253927065375057e+00 2.505751114980938055e-01 7.363225262823511752e-01
6.191635034975491170e-01 6.382528104087694665e-01 2.203572388737799592e+00 1.936875585756932638e+00 1.402423958164226381e+00 1.477425936556170827e+00
2.238873509026868547e+00 1.028206486551932253e+00 2.808150604775484283e+00 3.196886905712521543e-01 -1.773362678306279194e-01 -7.324974991902652444e-02
1.416367643504528928e+00 5.993520392514617434e-01 1.895240364003800027e+00 1.221103553760638283e+00 1.182238185057171709e+00 4.407765449915107547e-01
9.297333805219581970e-01 6.538633202181856063e-01 1.999505259557372572e+00 1.747129498080406851e+00 2.095665747346057817e+00 1.176799769694850006e+00
1.458481103912836696e+00 1.136893177644818786e+00 1.191349123675844002e+00 2.025306314320090006e+00 1.373157777451924355e+00 9.262260526506584934e-01
2.331203317433235167e+00 6.115443209989620543e-01 5.083275150790662611e-01 2.479441042122482841e+00 2.019447099676424884e+00 1.057745626201719080e+00
3.285600288878303132e+00 5.213629745769577939e-01 -6.281386110603816020e-01 6.460155468486815655e-01 2.903622886015716720e+00 -7.791061090689234137e-01
1.755697461553975991e+00 3.682020165267741452e-01 1.582478173126704579e+00 1.100374024293092168e+00 1.887073222983123300e+00 1.407961625146309792e-01
2.431654464987806019e+00 3.043386253098829819e+00 -9.514114979932446481e-01 2.815755946008993149e+00 2.466310430159100342e+00 -1.186479475957626928e+00
1.412710929163187190e+00 6.922822030258801718e-01 1.621665679021276230e+00 1.681645076313016629e+00 1.432554191901953988e+00 8.297442436592820103e-01
1.895074182706711907e+00 6.597212311010770547e-01 1.920946288528789125e+00 7.979740453586743332e-01 1.112944088070692006e+00 -1.199230985454337456e-01
1.435554853651836105e+00 1.973498228777857411e-01 1.709163498499896461e+00 1.541756788866226691e+00 1.774124729859379190e+00 6.414862247060688638e-01
1.469669890852970617e+00 3.736053402132073330e-03 1.673530693540056680e+00 1.094761723748965521e+00 1.893876495018069539e+00 1.678256339072821957e-01
2.159092064073063977e+00 1.575675984693981624e+00 2.517056253808404698e+00 7.149937599174684966e-01 6.935186103164903137e-01 3.084101828469563711e-01
2.060275375152789579e+00 1.274761887085508416e+00 1.464459905590508315e+00 1.525939334650251888e+00 1.381764864291956885e+00 1.691037929141193108e-01
3.240325677296921114e+00 1.561672180272837274e-01 -9.923930960428131720e-02 1.600017540146149164e+00 2.566049652483831878e+00 5.182981191290958467e-01
2.072301656265322034e+00 1.592970559704545375e+00 1.244052967126267228e+00 1.869496733556182511e+00 1.028058477206204691e+00 1.603655132034997599e-01
1.640491369957812973e+00 1.874837081164448138e+00 1.481512695401693058e+00 1.685926742870466288e+00 5.103134545832861413e-01 5.435500064434265477e-01
1.389295593918815186e+00 1.352313244955346550e+00 1.788371038492366338e+00 1.390265061004042346e+00 9.717292600640557998e-01 7.787990700718389059e-01
1.500663637452134047e+00 1.028249682563850742e+00 1.948791013485281498e+00 1.173123505744475326e+00 1.171956722984513366e+00 4.985155759456015301e-01
1.799764577673919952e+00 3.063853365892270086e-01 1.496952604878357684e+00 1.124757340808524075e+00 1.796397074073407429e+00 1.508182389765828912e-01
1.614514059733390239e+00 6.774230882069498527e-02 1.576644939788877320e+00 9.406083396754361114e-01 1.979354203149571445e+00 1.199210816903682753e-02
1.224365140280526454e+00 1.860657538147368228e+00 1.237244706362924829e+00 1.805050093769615227e+00 4.967061973316802548e-02 8.962386237881628803e-01
1.728142404544076749e+00 1.892645338474952199e+00 1.268562855992396710e+00 1.931192957099728380e+00 9.435139422020059063e-01 4.384036856295250306e-01
2.983622999028486600e+00 4.934940658835877403e-01 2.220498357349795615e+00 4.464553742722890961e-01 6.049442297097807897e-01 -8.293868303203240089e-01
1.488977191714163872e+00 1.147987180418729380e+00 1.741252585287094590e+00 1.420760208266336644e+00 1.460307830340604074e+00 6.575312507760385783e-01
1.957247119482229403e+00 5.632598108713403606e-01 1.355785876849727289e+00 1.356562244283037844e+00 1.955481649557950119e+00 2.596870948992140438e-01
1.217729927071063756e+00 1.573268612749691764e+00 4.796583061129732206e-01 2.635392838805572513e+00 5.556403332287179753e-01 8.107113894719421010e-01
2.547069829307147426e+00 6.303452760625845031e-01 7.672208544910922301e-01 1.422314813150344026e+00 1.934455106014225878e+00 -2.749298406349702864e-03
1.579908640048882873e+00 1.485639270891840669e+00 1.373973769610630891e+00 1.767584228824620629e+00 8.010270835532190548e-01 6.511278051739396444e-01
1.206222772434753177e+00 1.605353289591283872e+00 1.630003113063914100e+00 1.503218947914326753e+00 6.328514321125225939e-01 1.009478244059278440e+00
1.410702621256118894e+00 9.289569634765502126e-01 1.685637911026661273e+00 1.547848890810081368e+00 1.222904866841403537e+00 7.576500464025793802e-01
1.442415306434420952e+00 7.344330813739821107e-01 1.933982264057431566e+00 1.172628815887597264e+00 1.329000173208790159e+00 4.333456995292956915e-01
2.205355899600889291e+00 9.113662936384093749e-01 2.633794074463500223e+00 4.094871253939817990e-01 9.421515214411351202e-01 3.080649632292427331e-02
2.130731499225802850e+00 1.400208546461852555e+00 2.694351605678936501e+00 4.877856139736304053e-01 7.203364974570850565e-01 2.548023290467659185e-01
1.171189974813326096e+00 1.593789190776983444e+00 1.173055047530447093e+00 1.932266317405242351e+00 9.018353307011647280e-01 1.010020700988751630e+00
1.795402258966302567e+00 2.296473885400218684e+00 1.568014883245766544e+00 1.769341763427989322e+00 2.935389349384378566e-01 3.471371685647287042e-01
1.304008136966694709e+00 1.107058489602067874e+00 1.520196203779336175e+00 1.755122664871986427e+00 1.352763677697384370e+00 9.642721429034226688e-01
1.575328757157463233e+00 5.884941115996781269e-01 9.766474476102998681e-01 2.450915052429160301e+00 1.613569357472698584e+00 1.337751377268159070e+00
1.637857722048486675e+00 6.464310635676969730e-01 1.773771521576356758e+00 1.164848488291392536e+00 1.651870667187077757e+00 2.839827487665487760e-01
1.792080488616651257e+00 1.756488913404921748e+00 1.733054320922861491e+00 1.450171689521921659e+00 4.949665671864312833e-01 4.506487575443930971e-01
1.820225886473131327e+00 2.196355587263502329e+00 1.542614679144985956e+00 1.779700446697731753e+00 4.802506924607833488e-02 3.208635958858718218e-01
2.351336943102629640e+00 1.424734293791541928e+00 1.253139122261279326e+00 1.702562640836791541e+00 9.031974604531050055e-01 -9.209401503317173054e-02
2.464841730764403493e+00 9.138038893710593857e-01 2.342994960232604118e+00 6.282233654494445707e-01 9.643042267770293163e-01 2.817996263397413159e-01
1.501714372586295587e+00 5.511647624907457521e-01 1.756962778239952394e+00 1.329007387658908579e+00 2.192113868777162189e+00 5.208872226878381584e-01
1.152373755248029985e+00 1.446700605321079136e+00 1.329394730246516998e+00 1.841418355611492697e+00 1.121670646911309799e+00 1.086750321945313846e+00
1.544395057360757662e+00 1.055969355496370721e+00 1.438178718595976457e+00 1.737481240348037748e+00 1.543596435875085993e+00 7.525757525927733171e-01
1.461060774441899079e+00 7.360801977450346367e-01 1.158829297117884183e+00 2.225737269957719366e+00 1.651242357293028373e+00 1.181058716592831015e+00
1.800408142485471208e+00 2.282004831474013340e+00 1.482723448011517897e+00 1.871004878017872963e+00 2.395952550606936793e-01 2.786516054921190921e-01
1.561237125583987639e+00 1.712565022480839527e+00 2.268011716809297695e+00 8.677935501500202431e-01 7.309360990454161211e-01 7.425573753448515557e-01
1.671600860556436752e+00 1.702657408289348639e+00 1.437144211170788610e+00 1.718076881378579390e+00 6.516228677874228437e-01 5.252990826135176539e-01
2.502832730956258356e+00 1.487330436355877472e+00 2.880772941919710339e-01 2.668155037853720213e+00 1.605488229311856196e+00 3.488404901432569094e-01
1.545339508278086083e+00 1.722858007843044659e+00 1.669673265056961231e+00 1.467216960008784765e+00 4.939084872519519664e-01 6.843567160012677952e-01
