-1.249772169690185619e-01 6.249939950035467151e-02 6.247387109453253484e-02 -3.124507643002964741e-02
-8.155826675644085866e-02 5.048861199622817209e-02 4.077733308050428274e-02 -2.524375690986505050e-02
-5.741978657863308633e-02 4.232688194313369290e-02 2.871946860753651909e-02 -2.116291935448647021e-02
-4.257972587530762382e-02 3.644760365300815652e-02 2.129528871447090854e-02 -1.822009094013565464e-02
-3.283262240985698049e-02 3.200610739164085755e-02 1.642403146536375314e-02 -1.600046917946952238e-02
-2.608960051516949138e-02 2.852090480276367121e-02 1.305043580313790773e-02 -1.425682310434834253e-02
-2.123371263142671134e-02 2.571114849275116937e-02 1.061982548675751391e-02 -1.284950190741476934e-02
-1.760149561622571107e-02 2.343210417228629855e-02 8.802180855870131437e-03 -1.171395727490356399e-02
-1.484105425718273454e-02 2.150444088619476307e-02 7.427084210837110387e-03 -1.074422078587364444e-02
-1.268495687261192439e-02 1.986512683272148236e-02 6.349367424786489696e-03 -9.923616939358332126e-03
-1.250499045078963534e-01 5.046580508081961736e-02 6.253366885248334839e-02 -2.522884465898065157e-02
-8.154286180523520611e-02 4.079026914647271296e-02 4.076827852397253704e-02 -2.039404205634932563e-02
-5.736216100986941957e-02 3.422202455778262237e-02 2.867920933069812578e-02 -1.711411082585459834e-02
-4.256580227746459971e-02 2.944997841029368263e-02 2.128422529164739063e-02 -1.472338094015020714e-02
-3.282289390368661047e-02 2.586007548303319997e-02 1.641623457205137679e-02 -1.292864750052780815e-02
-2.605568086654538526e-02 2.306493464674165897e-02 1.302472405740764082e-02 -1.153348128934378498e-02
-2.119840899055015424e-02 2.080425251875663017e-02 1.059705513281182510e-02 -1.040282220523715620e-02
-1.759908803033011920e-02 1.893231039991115708e-02 8.801583078528185666e-03 -9.465450609011626104e-03
-1.483952814250913757e-02 1.736878453298486974e-02 7.422264248192388114e-03 -8.678740068475436151e-03
-1.267475211385760830e-02 1.606004105289731906e-02 6.340433514024216774e-03 -8.028016885122850679e-03
-1.249672464339644379e-01 4.233092153220667508e-02 6.243888048475978308e-02 -2.115367339639054323e-02
-8.150524845521320283e-02 3.423071147422249855e-02 4.072298088674164429e-02 -1.712666234088860637e-02
-5.736702508263490097e-02 2.869611965357425978e-02 2.868031915764451822e-02 -1.434532155782629673e-02
-4.257798219128480777e-02 2.470213653034490989e-02 2.129749377703223090e-02 -1.235287866730967049e-02
-3.280800690904080857e-02 2.170245273400275843e-02 1.640402244476848320e-02 -1.085505927989228146e-02
-2.608124948472118412e-02 1.933090648164586395e-02 1.304299430349080760e-02 -9.665837042074429050e-03
-2.119745500307263289e-02 1.744933595904810814e-02 1.059577695017914836e-02 -8.724392492855495215e-03
-1.760173000856653583e-02 1.587858791336912989e-02 8.805622799698624090e-03 -7.937288732163792077e-03
-1.483459098894084061e-02 1.457817509658262609e-02 7.419904299393527067e-03 -7.289070576022513466e-03
-1.267440334683902180e-02 1.346679389491255673e-02 6.339207363893867644e-03 -6.728510924802184531e-03
-1.248466487290187527e-01 3.643049468401463042e-02 6.228912499761414534e-02 -1.817285502568774525e-02
-8.150987776463550216e-02 2.945203376908586343e-02 4.070991670936992962e-02 -1.471693063815099865e-02
-5.737111227789196133e-02 2.471325518609233246e-02 2.868352821207514891e-02 -1.235686299614379216e-02
-4.256155504486321128e-02 2.128097862224754069e-02 2.128186929323893847e-02 -1.064605335940919072e-02
-3.282406071379742607e-02 1.867690051141987495e-02 1.641663821218979080e-02 -9.335918879252131514e-03
-2.607903943590683324e-02 1.664855194703153060e-02 1.304127639711897928e-02 -8.325155328162619356e-03
-2.121785587314395025e-02 1.501567452950738381e-02 1.061282344340761831e-02 -7.506223399523640101e-03
-1.758267314238380966e-02 1.368674063301037955e-02 8.791513840261616294e-03 -6.843138340548857688e-03
-1.482067564783602111e-02 1.256316361647175951e-02 7.407895318246029634e-03 -6.283096375704292497e-03
-1.266897662836009679e-02 1.160667458251920907e-02 6.336454342737034111e-03 -5.803817028232383622e-03
-1.245833514948954251e-01 3.194475512893227981e-02 6.190779952729391633e-02 -1.588732485008916354e-02
-8.145611336144747971e-02 2.585042649331991196e-02 4.065674448987577350e-02 -1.289754010866627117e-02
-5.732137565208145907e-02 2.168982331723363216e-02 2.860803232539113616e-02 -1.083492378846023958e-02
-4.256324130074838619e-02 1.867795916919874968e-02 2.127813974102159278e-02 -9.338050457482326844e-03
-3.282439168386708239e-02 1.640152444847411614e-02 1.641499899359539008e-02 -8.201213416834995940e-03
-2.608277222866248538e-02 1.461955805869433710e-02 1.304573399580703438e-02 -7.311895060492432791e-03
-2.119602639167018909e-02 1.319709083148701452e-02 1.059566231636851694e-02 -6.599479453927505936e-03
-1.758626225451870653e-02 1.201469197931926899e-02 8.792583541242711756e-03 -6.006649613137413427e-03
-1.483148637954153498e-02 1.102411576831509310e-02 7.416482233732668919e-03 -5.511644685558381336e-03
-1.267105658187702051e-02 1.018650518205343851e-02 6.337488268709217699e-03 -5.090203413764073960e-03
-1.239812062015585442e-01 2.832500848375978098e-02 6.100646872816924138e-02 -1.393783664971111509e-02
-8.135785028154526866e-02 2.302205546083325657e-02 4.051888592442859371e-02 -1.146436694926254544e-02
-5.737156859236544615e-02 1.934473474761492715e-02 2.868263478326681798e-02 -9.675561956274083414e-03
-4.255076069447891879e-02 1.664205119084721449e-02 2.125765594419234267e-02 -8.314645188199597248e-03
-3.280086414404179140e-02 1.462630498177282072e-02 1.639888818785832994e-02 -7.312081051894190990e-03
-2.606993451686421062e-02 1.303416985034646161e-02 1.303667878746407431e-02 -6.517136302439621720e-03
-2.120353190889510270e-02 1.175842216097181155e-02 1.059882451803612242e-02 -5.879942710313797345e-03
-1.758562182333012203e-02 1.071031141096603564e-02 8.790555398044817836e-03 -5.356397039945712257e-03
-1.481811172444891939e-02 9.834916713289312135e-03 7.408288442953323179e-03 -4.917972943250669901e-03
-1.266937245054806579e-02 9.081288335772395859e-03 6.336407991391397425e-03 -4.538602732597311895e-03
-1.222243951244014332e-01 2.526594294227431717e-02 5.858889833343766673e-02 -1.210272077749679522e-02
-8.119560915431749126e-02 2.072948335360679656e-02 4.028139981284275389e-02 -1.028509986448600082e-02
-5.732799646827319018e-02 1.744652207993087692e-02 2.862625266386543271e-02 -8.721283028259132694e-03
-4.250364394447692790e-02 1.501211018183201337e-02 2.121229792417636192e-02 -7.492599767243457963e-03
-3.279315508404966051e-02 1.319040923974943401e-02 1.638247385760685515e-02 -6.593895305190853283e-03
-2.603913571660712925e-02 1.176471447230318518e-02 1.301115884452068612e-02 -5.881171651273629786e-03
-2.120393394950386909e-02 1.060622938568159604e-02 1.059882742241544280e-02 -5.304388199377756651e-03
-1.758061075294980666e-02 9.663279511599532148e-03 8.788672239638264938e-03 -4.832410020360064853e-03
-1.482356823941333862e-02 8.868414822029930047e-03 7.411781924774134972e-03 -4.434948289066091565e-03
-1.267352397893552023e-02 8.189422413104937432e-03 6.338391587928656791e-03 -4.093855689893432723e-03
-1.210311720767411753e-01 2.283366278081426504e-02 5.690810926137081227e-02 -1.073656867525781683e-02
-8.085025087286416834e-02 1.880889131115326407e-02 3.980140106828840285e-02 -9.252925451112578234e-03
-5.731716925513889033e-02 1.587631411305320470e-02 2.859731748593295764e-02 -7.927042247649198486e-03
-4.248150504206685968e-02 1.367347888063459062e-02 2.118330518026722425e-02 -6.824569000790137001e-03
-3.279005623753231125e-02 1.200936858687621546e-02 1.637406070642640973e-02 -6.001283933352306518e-03
-2.604555589860082024e-02 1.071443086734810181e-02 1.301731525898630615e-02 -5.357467314402512143e-03
-2.120397182042448730e-02 9.661156003960631039e-03 1.060315711933212425e-02 -4.831493847725266792e-03
-1.759708543003820833e-02 8.792991525586615897e-03 8.798170585677998409e-03 -4.397117937190948844e-03
-1.482042487901772537e-02 8.078326253794154352e-03 7.410080382797432086e-03 -4.039755519144732319e-03
-1.266178360828230411e-02 7.464378624644492193e-03 6.330281127325333539e-03 -3.731804859334158977e-03
-1.084450636237924009e-01 1.903803620919605755e-02 3.924575601844892958e-02 -6.760576185565313895e-03
-8.058930634406454019e-02 1.720865475985624421e-02 3.941047596526937175e-02 -8.406282060318053667e-03
-5.726368694695382899e-02 1.455936645702312834e-02 2.853002093267668210e-02 -7.250319032668582978e-03
-4.247402565972878408e-02 1.254704537632584868e-02 2.117638510182567185e-02 -6.255196569958329858e-03
-3.276892956747269603e-02 1.102003721067041156e-02 1.635184707721014027e-02 -5.498554954787726427e-03
-2.606084137715003468e-02 9.827110971412046300e-03 1.302525833264617586e-02 -4.910170898128555193e-03
-2.119323361726038052e-02 8.866335045550973945e-03 1.059019050454125012e-02 -4.429611491118982253e-03
-1.758547453483141204e-02 8.075049936896951455e-03 8.789489653747432213e-03 -4.036735334791854458e-03
-1.481742660440398505e-02 7.416066897372172034e-03 7.407550171894461931e-03 -3.707357659023124367e-03
-1.266866124102415496e-02 6.849374858985093212e-03 6.334812350855923736e-03 -3.424170353794111013e-03
-8.857927425111301878e-02 1.490351902719613125e-02 1.157973273086097994e-02 -1.870315092856746379e-03
-7.906633124481685093e-02 1.565164291638009367e-02 3.723351331060793107e-02 -7.368025641497592294e-03
-5.707743698795361698e-02 1.341825543727285554e-02 2.825257402915986454e-02 -6.643198884167209398e-03
-4.242876869035473730e-02 1.157903817898497945e-02 2.109371495732249857e-02 -5.758961873870164540e-03
-3.275484957858602886e-02 1.017817725125567951e-02 1.632181758996009355e-02 -5.074095464936096388e-03
-2.604101181676025945e-02 9.082841401803484066e-03 1.300440627576667299e-02 -4.535262090780844621e-03
-2.120190686653753223e-02 8.193293873326793625e-03 1.059684859997059130e-02 -4.094339193254791301e-03
-1.758926741095588261e-02 7.464039284891386093e-03 8.793810416867105934e-03 -3.732491084348075507e-03
-1.482073851189413642e-02 6.852622770675755905e-03 7.408727005584746575e-03 -3.425712317581105972e-03
-1.265968206454950486e-02 6.335660946748612569e-03 6.327531675081654594e-03 -3.169339175701998274e-03
