2.433203458786010742e+00
1.973960399627685547e+00
2.076158761978149414e+00
2.256145715713500977e+00
1.991932392120361328e+00
2.228551864624023438e+00
1.977516889572143555e+00
2.534169197082519531e+00
2.444330692291259766e+00
1.927676439285278320e+00
1.993972301483154297e+00
2.268501281738281250e+00
2.255527973175048828e+00
2.232769966125488281e+00
1.936427831649780273e+00
1.919461011886596680e+00
2.280661106109619141e+00
1.942681074142456055e+00
2.249996662139892578e+00
2.267974853515625000e+00
1.992286443710327148e+00
2.285264253616333008e+00
2.375920534133911133e+00
1.976929903030395508e+00
2.140235185623168945e+00
4.096372842788696289e+00
2.261349201202392578e+00
1.981110334396362305e+00
2.233188152313232422e+00
1.944604396820068359e+00
1.924196004867553711e+00
1.928126573562622070e+00
2.508494615554809570e+00
2.311909675598144531e+00
2.250710725784301758e+00
1.944367170333862305e+00
1.933416843414306641e+00
2.244529485702514648e+00
1.926222085952758789e+00
2.320440769195556641e+00
2.194314002990722656e+00
1.921146392822265625e+00
2.204732418060302734e+00
1.918242692947387695e+00
1.971585750579833984e+00
2.223759889602661133e+00
2.232321500778198242e+00
2.237824678421020508e+00
2.260894298553466797e+00
2.233211278915405273e+00
2.305351972579956055e+00
2.052664279937744141e+00
1.912540912628173828e+00
2.183614730834960938e+00
2.194288253784179688e+00
1.916293144226074219e+00
1.894633293151855469e+00
2.333511114120483398e+00
2.011071205139160156e+00
2.227067708969116211e+00
2.207655429840087891e+00
2.248876571655273438e+00
1.945295095443725586e+00
2.127055883407592773e+00
2.396797180175781250e+00
2.181900978088378906e+00
2.248149394989013672e+00
2.269409179687500000e+00
2.339892625808715820e+00
2.089582920074462891e+00
1.939874172210693359e+00
1.903984069824218750e+00
2.148276329040527344e+00
2.325780391693115234e+00
2.227431535720825195e+00
2.212948560714721680e+00
2.080387353897094727e+00
2.244936466217041016e+00
2.182346105575561523e+00
2.221202850341796875e+00
2.359430789947509766e+00
2.244181632995605469e+00
2.260782718658447266e+00
1.912695407867431641e+00
2.315618038177490234e+00
2.380341053009033203e+00
2.343256235122680664e+00
2.954095363616943359e+00
3.558198928833007812e+00
3.081486701965332031e+00
2.939536333084106445e+00
2.936446428298950195e+00
3.383508920669555664e+00
3.561415195465087891e+00
3.664530515670776367e+00
4.061797618865966797e+00
3.432021379470825195e+00
3.949386358261108398e+00
3.482914447784423828e+00
4.074424982070922852e+00
