2.205880875040999722e+00 1.622793492309719432e-05 3.150306233991240212e+00 -9.270738460943547254e-01
2.239048424399875170e+00 -2.486636895879933980e-05 3.075237493915660369e+00 -9.273938580192691017e-01
3.141755953956999026e+00 1.090712923562359160e+00 2.131255389336514927e+00 1.635544899657046802e-01
3.141880762143516304e+00 8.796193775511904622e-01 2.091119238977639849e+00 -4.751868753827299258e-02
2.408452642145261891e+00 -4.700533706491834989e-06 2.785958076227638802e+00 -9.274573824822434087e-01
2.366217349024156036e+00 -3.194488057124078654e-05 2.790495742186591244e+00 -9.272074995224887095e-01
1.764023226421450596e+00 1.203139493887609441e-05 3.355203127646412931e+00 -9.272589571537456221e-01
2.728279590307043811e+00 8.692511472658851174e-05 2.354900980660135534e+00 -9.270936968634948538e-01
3.140830351764194450e+00 2.677095552768661846e-01 1.907488132614885146e+00 -6.595396678319315198e-01
2.065019673732014560e+00 2.781863199492514013e-05 2.948410379316686925e+00 -9.272265429157459105e-01
2.698142279628051643e+00 -3.398632287269562477e-04 2.280833628786181233e+00 -9.275257659042187575e-01
-6.658039423168508734e-06 -1.814260666479051043e+00 4.946114731225931926e+00 8.869988035451009667e-01
-9.542823038351800902e-01 -7.731056241065074192e-05 -4.140446085733967552e-01 -9.273409834585490952e-01
9.222079075993269400e-05 -1.888288655033454777e+00 4.882719339427710636e+00 9.608288526926893613e-01
1.167232873061939680e+00 4.169969103625589541e-05 3.685534556473618828e+00 -9.272948947339614278e-01
3.141444033330146546e+00 1.921512343429353065e+00 1.682597572678828257e+00 9.943763726871179820e-01
1.773289922177715860e+00 -5.530379261147445554e-05 3.020727721839629787e+00 -9.274099791966733397e-01
3.141503566955307747e+00 1.934167158752374327e+00 1.625354205810277675e+00 1.007062659294688522e+00
2.459020775145755788e+00 2.257969033901573765e-05 2.280016057218384518e+00 -9.273229978012287322e-01
-3.247143756629600306e-04 -7.761550798962049136e-01 -1.569550914444572287e+00 -1.510225795676705118e-01
3.141585070919820311e+00 1.438894044000746719e+00 2.255383777439802451e+00 5.117972093737446215e-01
3.141660537058368785e+00 -2.250580820158790130e-01 2.214318113545379330e+00 -1.152270884981558385e+00
3.007519909226953558e+00 1.285408278867198250e-03 2.309163418921941879e+00 -9.261087199315265472e-01
2.879721723015574053e+00 -1.367349277640845877e-04 2.397665904675731152e+00 -9.276047196109277193e-01
2.178104420420714060e+00 -1.603589165081389250e-04 3.061070408140409427e+00 -9.275247622456347374e-01
3.141301351903317052e+00 4.527326138373239384e-01 2.061384154396231683e+00 -4.746053153630873100e-01
3.141653334377477069e+00 9.085939118825576699e-01 2.023823292806862906e+00 -1.875664865460297676e-02
2.002989393519383210e+00 1.548541526778819796e-04 3.127744859333501992e+00 -9.272070971690168362e-01
2.266720177910825917e+00 9.900600362415744904e-06 2.828907502751484060e+00 -9.273309596981000880e-01
2.371718383680164965e+00 -6.789256631777747627e-06 2.690140726751061084e+00 -9.272282389485215770e-01
2.408456665617830339e+00 -3.747953758353627149e-05 2.620249916184973937e+00 -9.272576031565757937e-01
-1.164454619463859864e+00 -9.165634272112588407e-05 -1.223505903925822952e-01 -9.272523835699528760e-01
-4.270106527511453377e-05 -1.984607729398758735e+00 4.964337025138889636e+00 1.057234850007856108e+00
2.174048563358794706e+00 -6.829379454787300272e-05 2.759869033057389842e+00 -9.272278311302410980e-01
2.200005342302190581e+00 -5.956694337630119508e-05 2.703835462189036143e+00 -9.271613035870798214e-01
2.565938864048934231e+00 -1.800245746755731429e-04 2.307727359411056778e+00 -9.276862190315797729e-01
3.141540330770419498e+00 2.352925553005370318e+00 1.704375772241315090e+00 1.425549864728226312e+00
2.380839168118322302e+00 3.329459064385049619e-05 2.436638296063995401e+00 -9.272944031761243266e-01
1.661514010169056199e+00 3.922864477492847427e-05 3.129260839398756655e+00 -9.271911722905764597e-01
3.141293689495600727e+00 7.068433412229409019e-01 1.623127140993752660e+00 -2.203993245459616723e-01
3.142848922693397995e+00 -1.141278282078658501e-01 2.290904197868887771e+00 -1.041591694420385350e+00
2.295585849999074668e+00 -1.714080718019117837e-04 3.098407813886781881e+00 -9.274145737151539004e-01
3.141681784946638523e+00 2.154315288245875148e+00 2.214379139495578741e+00 1.226844620029790445e+00
2.869912267111845328e+00 -2.591401101818938168e-04 2.448242834052242856e+00 -9.275189558000030976e-01
1.869488652871289958e+00 -1.126344073017749008e-04 3.411718735261135560e+00 -9.273225427028106704e-01
3.141645677289603533e+00 7.372624456534035975e-01 2.102859028451419920e+00 -1.900158371358133258e-01
1.925746772611387270e+00 -3.853856072969267469e-05 3.283516172189612892e+00 -9.269523083479922487e-01
3.141791043546167117e+00 1.441921672223934747e+00 2.032312445730849682e+00 5.146795894322786502e-01
1.452503363974460449e+00 -6.001989354953476117e-05 3.688034252602311547e+00 -9.273245690835434374e-01
2.997887314484096510e+00 -1.754310579329401969e-03 2.108696663993425258e+00 -9.290118373231012194e-01
-4.278358638685019052e-04 -3.692944485842809543e-01 -1.207830907471578952e+00 -5.577833940681703462e-01
3.141234760539747928e+00 5.018824244068722518e-01 1.902388704680225029e+00 -4.253000091684727701e-01
2.661889486623393530e+00 -4.037215763305617041e-05 2.349621495344922373e+00 -9.272888864340915749e-01
3.141165798626004868e+00 3.109110541627565505e-01 1.840216005149075906e+00 -6.164726248456013913e-01
3.877415059333257363e-01 -3.559828969761309790e-04 4.562945093829868348e+00 -9.267219327531254214e-01
3.141466109304396959e+00 1.250470146237341762e+00 1.781301746995658020e+00 3.232857686286393917e-01
2.199576272288644940e+00 1.152017253113629013e-04 2.694438070883976799e+00 -9.272661451915732433e-01
1.044208371964542990e-04 -9.370137653314475346e-01 4.865291492261077266e+00 9.527365782756227336e-03
1.284650876766991773e-04 4.183315994698704743e-01 -1.444616187459936807e+00 -1.345612959844084244e+00
4.101180173201716430e-05 -1.659531385777919477e+00 4.811562696224410018e+00 7.322268116293630946e-01
3.246296989783848286e+00 1.163060636084015586e-03 2.221467372251393346e+00 -9.260892773254670862e-01
3.141533137054109304e+00 2.297864838274350063e+00 2.288307685829551907e+00 1.370501771486369424e+00
3.141644200286615618e+00 6.650514794588341383e-01 2.250359365542716095e+00 -2.620389335812953746e-01
3.141680322297901728e+00 1.562965338119411518e+00 2.213770782048485319e+00 6.357779237128889926e-01
3.141626253796365287e+00 1.186505925329247146e+00 2.178437901146186739e+00 2.591729517063779409e-01
3.141593132167647795e+00 1.341911563568296772e+00 2.142513478875540667e+00 4.147112646261622571e-01
3.143971648021817611e+00 1.214299509834330520e-01 2.105272641034682479e+00 -8.057747812429324474e-01
3.141319319977434077e+00 3.292579880879268894e-01 2.074785742344394723e+00 -5.981299465757716760e-01
1.556768998152237238e+00 6.311283325166257578e-05 3.625543610985016318e+00 -9.272496374792198459e-01
2.471346198917010462e+00 5.510352410162541129e-05 2.678362318313271651e+00 -9.273366634224848859e-01
1.326700080455855524e+00 -3.537020986122671923e-05 3.791087532295391860e+00 -9.273303259222657191e-01
3.141535047013687354e+00 6.963789490282138450e-01 1.945379533982736664e+00 -2.308652166257414984e-01
3.141272045556130266e+00 1.423955408798830424e+00 1.915239274339590514e+00 4.966875810823813131e-01
3.141165227330064535e+00 4.592565842366141404e-01 1.885157932502183220e+00 -4.681465150947632381e-01
3.141434295807378874e+00 1.336968177397560797e+00 1.855072712365732457e+00 4.095922922036761560e-01
1.837822232717897464e+00 1.179573087745348534e-04 3.129933336770239105e+00 -9.272711383939482577e-01
3.141320370979075793e+00 6.732755315715156508e-01 1.798475006122322029e+00 -2.540446409793153393e-01
-3.439087441511186061e-01 -4.909804895197107015e-04 -1.027298249918550566e+00 -9.268384439633020611e-01
3.141518353003502462e+00 1.550328990111929262e+00 1.744061293380898769e+00 6.229608791321673555e-01
1.502797641261712558e+00 4.009703225354709517e-05 3.355665338620698712e+00 -9.273378711493026616e-01
2.243216131064192265e+00 1.429555658465534265e-05 3.256920941823266968e+00 -9.266150868690555820e-01
2.798208308001661315e+00 7.361731702468501059e-05 2.664682950422534891e+00 -9.273096284455216720e-01
3.053176164422358063e+00 1.611455991515030372e-03 2.373918568908061744e+00 -9.255699350149537707e-01
3.657285595167121706e+00 5.725690521813831695e-05 1.733592543984438850e+00 -9.273047726093494036e-01
3.141541640214230657e+00 1.421656166376434660e+00 2.215020869121724800e+00 4.945749528416528151e-01
3.909467247090826714e+00 -4.260706480312775565e-05 1.411946116548528529e+00 -9.272577120235548920e-01
2.718628400596517558e+00 3.953660892750533826e-05 2.568830621837176142e+00 -9.272516281709851649e-01
2.180206840118610767e+00 -4.208968443107521349e-05 3.074104697213014159e+00 -9.273090749457000292e-01
3.141475707889733737e+00 6.048261626276520975e-01 2.080272730326169217e+00 -3.223874509554082168e-01
1.130975052889497512e+00 7.603260961881550407e-05 4.058433034166389675e+00 -9.272897110092248596e-01
2.177685370823790212e+00 7.711411111120718359e-05 2.980758448046716413e+00 -9.272758585569665923e-01
2.344772204903410096e+00 2.178851832758812795e-05 2.782547354078657165e+00 -9.272837373671862782e-01
2.497313908671710880e+00 -7.555479435793191934e-05 2.599561309418332744e+00 -9.273014362021876344e-01
3.141322661550276063e+00 4.616742129428978436e-01 1.926806217749088113e+00 -4.657559060534850470e-01
2.892605375537150803e+00 6.119433912229574508e-04 2.146301002056171470e+00 -9.267735402045799153e-01
-5.389065044547310460e-05 -1.571868637873567565e+00 5.009988742476036094e+00 6.446220631333772211e-01
2.507094349860332638e+00 7.898079267614582474e-05 2.475365998871103645e+00 -9.272769048546438686e-01
3.454577640049030123e-05 5.224385404778876252e-01 -1.327966938897690241e+00 -1.449634942986099739e+00
3.141521208006354815e+00 1.611821691341843943e+00 1.787821651110015120e+00 6.844705557296151266e-01
-1.592386198318339163e+00 6.852449742291946049e-05 2.115989255029752381e-01 -9.273199684385614594e-01
-8.604150773361131073e-05 8.795763942335393937e-01 -7.538872512582334151e-01 -1.806655953798883329e+00
3.561882058947650531e+00 -2.757217324114603766e-05 1.931805100977822320e+00 -9.270857112666399669e-01
2.755415956777403252e+00 5.660809597506559981e-05 2.703206404731432144e+00 -9.271310323664483377e-01
3.141506131204042873e+00 4.741398358109800704e-01 2.282226807678890523e+00 -4.532415272830221942e-01
3.141704213321424799e+00 6.544115816894774396e-01 2.247704037536632171e+00 -2.727518845283066762e-01
2.512043474891906047e+00 -9.290032886352179086e-05 2.843872771597985682e+00 -9.273607279859671371e-01
3.141599667724832567e+00 9.898007036555451776e-01 2.181731073700247769e+00 6.261896120033604018e-02
2.248327722973525677e+00 8.129517294461426383e-05 3.041914992327077627e+00 -9.273192784370085651e-01
-1.055537299175006655e-04 7.526850702303847784e-01 -1.024815417023510866e+00 -1.679955810328844334e+00
2.819331635622160714e+00 1.881413049951425449e-04 2.407853067584247775e+00 -9.268413222459850331e-01
3.141624621911450088e+00 1.211258095114266187e+00 2.053941120398540043e+00 2.839907677062850633e-01
-4.184604638850684889e-04 -3.277673863444396374e-01 -1.116389646119184009e+00 -5.993763517641820249e-01
3.141491644180498088e+00 1.500791822397889774e+00 1.995050252355571985e+00 5.735362832951821366e-01
1.469920726025119029e+00 -1.121228748324234440e-04 3.637135047442322744e+00 -9.272192235493692536e-01
-5.260646147566418835e-04 -3.182439274128552875e-01 -1.203519275422658685e+00 -6.089711865758302700e-01
2.257871572565584462e+00 2.471449186081464493e-05 2.792766282925315924e+00 -9.271733231076444426e-01
9.845717073027264823e-05 1.426588863834021614e+00 -1.259710832561439675e+00 -2.353968613579579650e+00
3.141066758942642867e+00 4.255484586469121533e-01 1.855720278771288756e+00 -5.016921596381787030e-01
1.733978121679397910e+00 -8.031644832939748642e-05 3.235605025687264380e+00 -9.272836792508346582e-01
2.751316005442757451e+00 4.766781697389790493e-05 2.192723609094591630e+00 -9.271066458106304031e-01
3.714876744015887411e+00 4.053868034612531342e-05 1.841806027814604230e+00 -9.262976456095607380e-01
3.894492376335958905e+00 7.497479623215122746e-06 1.627538396407620436e+00 -9.269822051769303073e-01
3.141608822072623486e+00 -2.630800105220735263e-01 2.346343503307671607e+00 -1.190263136539830402e+00
2.917621616566763887e+00 -8.786272311003491054e-05 2.536598501283630736e+00 -9.274406825894058182e-01
3.141719692745110315e+00 -1.888952693870231958e-01 2.279142004210983341e+00 -1.116147845439831920e+00
2.712352262320017360e+00 4.166900616223196974e-05 2.675742097541367936e+00 -9.273057972575572405e-01
2.473171600952274840e+00 8.397852952977440046e-05 2.882693969508598464e+00 -9.271528403774288440e-01
3.141677994184311817e+00 6.180423507216401546e-01 2.182418388421420552e+00 -3.091795679915505524e-01
3.141510046338486628e+00 9.119925673231571439e-01 2.152250309620177049e+00 -1.529312851901794626e-02
3.141532886585677975e+00 1.416510780401368130e+00 2.121478388148556160e+00 4.891275678369600977e-01
3.141604339956152181e+00 1.293392235942999235e+00 2.089411730271732104e+00 3.661719992321735284e-01
3.141387389755143200e+00 1.441453890397417004e+00 2.061612014146554372e+00 5.140797845455230553e-01
9.639586305899356944e-01 1.072414239712760542e-04 4.209458514981986532e+00 -9.274387454476221704e-01
1.976132631411211982e+00 -3.143761318441163673e-05 3.168365296975967471e+00 -9.273051226495964139e-01
3.141413278159976397e+00 6.619610503922537248e-01 1.975251671594728142e+00 -2.652993300493318163e-01
2.152371233509286608e+00 3.949272504225063757e-05 2.936379449720168733e+00 -9.273381789240413564e-01
3.141567699908630829e+00 1.853693171752052393e+00 1.919492455927600316e+00 9.264404217975099609e-01
3.141433009088942629e+00 1.381047504582484819e+00 1.893912168830496956e+00 4.537099520459215718e-01
1.628604915305472467e+00 1.302284433477212067e-05 3.380553546753607197e+00 -9.271863638377341177e-01
3.141287908009730234e+00 9.791474999582110428e-01 1.843183037227432264e+00 5.172656897902377232e-02
3.368361827357930327e+00 1.124100605037888580e-04 2.214017157785815204e+00 -9.269233013633044749e-01
3.141291986734533914e+00 4.215419262622516205e-01 2.408278557635243455e+00 -5.058091286813998222e-01
3.141591878532977500e+00 -2.518967275090419067e-01 2.373869425141045930e+00 -1.179255030100477830e+00
2.037146981829391024e+00 1.501958263421013478e-04 3.445735340055667173e+00 -9.261462016688453147e-01
2.871405760714361932e+00 -2.162746966617449173e-04 2.578640106495270867e+00 -9.274481782562135068e-01
2.981536637212991447e+00 -5.677054422186400160e-04 2.436812196075969883e+00 -9.279911274384833320e-01
3.141623310031791849e+00 4.756413661122793068e-01 2.245089819080900995e+00 -4.515862220187347731e-01
3.141582592287597286e+00 -4.328710120267741379e-01 2.214237918982085329e+00 -1.360102025686052984e+00
3.141586266628660695e+00 1.655196741507239722e+00 2.184216868954506285e+00 7.278871327956883963e-01
1.542499546428045321e+00 -3.254340959524028309e-05 3.752881544102937728e+00 -9.271322057163969843e-01
3.141772139234106032e+00 6.631519251106658963e-01 2.123228231798635068e+00 -2.642690721345833937e-01
2.257256124567129874e+00 1.491736546834173988e-05 2.979315620076911753e+00 -9.273484863237539955e-01
1.756497997361283980e+00 -3.516207750538423790e-05 3.451620031510454822e+00 -9.273554983731746582e-01
-6.450616325676467033e-01 7.000633880877509636e-07 -4.582727281785137219e-01 -9.272706216142667657e-01
3.141451273183219151e+00 1.189289380731199719e+00 2.011132143897321978e+00 2.619426987553213904e-01
2.314136215383518547e+00 6.563921924565257050e-05 2.810961487373882850e+00 -9.272577240535725407e-01
1.065045013653162842e+00 3.474058277648153493e-05 4.033114893048518113e+00 -9.272199271058970682e-01
3.141269919331433513e+00 1.578017911459385081e+00 1.932035980416685561e+00 6.505882873555391965e-01
3.140362309802972263e+00 2.532848038257288770e-01 1.906990431694991495e+00 -6.741101698401708031e-01
3.141601204772363598e+00 1.117088320516204769e+00 1.879685512308859385e+00 1.898471980632811251e-01
4.200398367856162274e+00 -2.153251501121280730e-05 1.405921806386309925e+00 -9.260205254956600518e-01
3.141666240258826903e+00 1.147239107744863595e+00 2.432178992892987779e+00 2.199000864976917990e-01
2.805348745560840129e+00 6.679084042727290247e-05 2.736189906542737305e+00 -9.267869831840119810e-01
3.041060317757102283e+00 -2.077247120373487601e-03 2.468077190520161057e+00 -9.294712004191932886e-01
3.142258873765940930e+00 -1.097633084758966454e-01 2.335627553899392250e+00 -1.037031495595607478e+00
3.139486241720033100e+00 1.208158737392299453e-01 2.308010331944998939e+00 -8.064199788094880139e-01
3.141333801166567241e+00 6.570347814536797726e-01 2.275047071664662468e+00 -2.704222446086334553e-01
4.014472332065282423e+00 -7.392064266686508870e-06 1.371102302198820899e+00 -9.269777728115671245e-01
3.606018937278828940e+00 2.287876777862917356e-05 1.749899191777136709e+00 -9.271722321515437626e-01
2.426375204452213552e+00 2.864625690294148920e-05 2.900146583428047542e+00 -9.271670854197142653e-01
2.086066345857789273e+00 -6.901994660461089682e-05 3.211457857140000982e+00 -9.272196557442869969e-01
3.141187620951179316e+00 8.489512389236307799e-01 2.128602322555375626e+00 -7.844794948353261965e-02
2.919908194723614070e+00 4.265414128526380977e-04 2.321267304132150766e+00 -9.268495448093214684e-01
1.866213643140649525e+00 -2.540652466786928407e-05 3.347010803022781644e+00 -9.273781627950244966e-01
-2.931852627838354422e-04 -6.727582948000310203e-01 -1.096282854967594256e+00 -2.545589567518933838e-01
3.142486171638325221e+00 2.042883535421688157e-01 2.016194122873680161e+00 -7.229339417627844711e-01
3.141725320736114213e+00 1.175241896217342541e+00 1.990216688972343162e+00 2.477981674306159177e-01
2.394492079734485745e+00 1.214758940920444450e-05 2.712992982887893145e+00 -9.271550179107046485e-01
4.271478779943485658e-05 1.207874768315684078e+00 -1.200617035147996337e+00 -2.135083272617649186e+00
3.141557557131312794e+00 1.295627639181025526e+00 1.916059879557823864e+00 3.684030819572012838e-01
3.304292708527993838e+00 -2.600536751875386901e-04 2.324679932535047566e+00 -9.277633601564612142e-01
3.139351156608380045e+00 9.519012063032278315e-02 2.458382717126890604e+00 -8.322122267391112160e-01
3.141978819167491999e+00 4.051323007832922096e-01 2.423322033777212337e+00 -5.221215977246934647e-01
3.544797896681671112e+00 1.174214502383580025e-04 1.989796016394249634e+00 -9.270624774670873647e-01
2.822131375334191894e+00 2.687521742388739032e-04 2.681770264020103767e+00 -9.270052591500045347e-01
3.142265476083283993e+00 2.072240307149856298e-01 2.330963703608573301e+00 -7.200971581990978088e-01
3.141690274487419110e+00 8.541338362721537791e-01 2.300691953541061707e+00 -7.306304200416739725e-02
3.140817897237725198e+00 2.575785446882055130e-01 2.273434159616418704e+00 -6.697728491535991369e-01
2.927876974868209192e+00 1.757788650848702173e-04 2.456951788798849456e+00 -9.270295934553303141e-01
1.951092210443763131e+00 9.813900205060164888e-05 3.405099784154876907e+00 -9.273092394071837941e-01
3.143266484208845579e+00 1.394818494207292758e-01 2.183775222324883636e+00 -7.877353222184011461e-01
2.673830667712408182e+00 -3.279112548051204017e-05 2.625814075078577225e+00 -9.271639656931328632e-01
3.141720069079913191e+00 1.592696126948367485e+00 2.129999661387502741e+00 6.653869918946426765e-01
3.149531045345092650e+00 -5.951265292127153050e-02 2.096147125121918808e+00 -9.869279626645041104e-01
3.141267983702753064e+00 7.176529015186289273e-01 2.077561387053099118e+00 -2.096824035500929884e-01
3.141268346620297081e+00 4.650146752701730946e-01 2.051339655169802434e+00 -4.621303833166319208e-01
3.141511396450259674e+00 2.439920634074054462e+00 2.024382034913642769e+00 1.512571918600565279e+00
2.385888431191926173e+00 6.133559947983497599e-05 2.754510735790504317e+00 -9.272238648192776544e-01
3.141521976337017907e+00 1.286299236264904389e+00 1.974556485305278164e+00 3.588987320977894968e-01
2.853553686860359040e+00 3.970366872725587131e-04 2.237402443618960568e+00 -9.268355312078924158e-01
3.883465359206132561e+00 -2.852136846174401261e-05 1.766409296929424499e+00 -9.267076564738746525e-01
3.143215587905361375e+00 1.043586011323845847e-01 2.475593760941294796e+00 -8.230032413958070503e-01
4.225662299105032105e+00 1.850567899809127555e-04 1.362553061113497943e+00 -9.256826010611801658e-01
3.650045977840179035e+00 2.624951036355436824e-05 1.907877170058271954e+00 -9.270718742977851479e-01
3.285270101780707996e+00 8.160174116591604717e-04 2.242490703305477062e+00 -9.262448416423242348e-01
3.141734605519515888e+00 1.763478941386206644e+00 2.356448224339589892e+00 8.363186468785129835e-01
3.141644684315190172e+00 6.373073399190444244e-01 2.326958218851301385e+00 -2.898959367204244630e-01
2.732640695470219594e+00 -1.162637614504272827e-04 2.707765887584995479e+00 -9.274411879776579548e-01
3.141692884549688536e+00 3.143730540817834540e-01 2.269862707750384789e+00 -6.129142269696812306e-01
2.579621315041792595e+00 2.317046585367553760e-06 2.804069497672614819e+00 -9.272638808444595426e-01
3.141773314025696262e+00 1.033723505797845110e+00 2.213708847507837252e+00 1.065140828478747248e-01
3.141351752214866178e+00 6.609552864216214907e-01 2.187589727687360153e+00 -2.663675785379895911e-01
-4.090806037828848885e-04 1.538584183975569009e-01 -9.812260519720510388e-01 -1.081014745676085020e+00
3.141866188793172032e+00 1.238235644778175937e+00 2.132302189842599560e+00 3.109273896432780959e-01
1.172856560423066741e+00 6.112184669299091950e-05 4.075554979167757885e+00 -9.270458219653754384e-01
2.845168501476232237e+00 6.471436090318146252e-05 2.377650950576337241e+00 -9.271519577339728535e-01
3.141340819036134491e+00 9.783302416828125736e-01 2.056742372779932104e+00 5.087684601898691261e-02
2.000390074901047921e+00 1.381362139736922465e-04 3.172173655459278319e+00 -9.272033644933639351e-01
3.141468901072959063e+00 6.006152980836512167e-01 2.006711937565421433e+00 -3.266242617019060601e-01
2.060393310133242561e+00 4.674623209202991014e-05 3.062688221073408545e+00 -9.273611013098638223e-01
3.141480010976529513e+00 1.220100520737604333e+00 2.528315064711358140e+00 2.938387187247124555e-01
3.141740542312530415e+00 3.138732231731686251e-01 2.497900519582724854e+00 -6.134514236428115774e-01
3.141722619671620809e+00 1.209825060346296333e+00 2.467884859657948571e+00 2.835526849143040207e-01
2.624045867241995733e+00 -6.493621757171929741e-05 2.956234439267073633e+00 -9.272737230310800216e-01
3.278830290495280853e+00 -5.108589214912340063e-04 2.272286497934806082e+00 -9.278703176107114814e-01
3.141823752531173408e+00 8.032259947999310645e-01 2.380008592726320149e+00 -1.240696441694575103e-01
2.966935283340836893e+00 1.732863955064289116e-04 2.526691073070426619e+00 -9.271679147326081782e-01
3.141279399245073378e+00 5.067104730318339190e-01 2.324586824064353685e+00 -4.205685691707970464e-01
2.941345957408312284e+00 -2.686912638680345657e-04 2.495895471154163658e+00 -9.276504483412335578e-01
3.141463915854860733e+00 7.107504315815645901e-01 2.268660182831944372e+00 -2.165832340906819198e-01
1.997605995727310457e+00 -9.395564695443464935e-05 3.385104874639300654e+00 -9.272636437487132843e-01
2.502212859232558095e+00 -1.050638669360875815e-05 2.853977314443306490e+00 -9.268899532258251250e-01
3.141382671482995548e+00 6.081679884302727546e-01 2.188792241287924156e+00 -3.190229868952370040e-01
1.373859230480794169e+00 9.589301321973221900e-05 3.929185883610407437e+00 -9.269294957340284968e-01
3.470842646711317592e+00 -4.418561075169891465e-05 1.806568822246086503e+00 -9.272383310717786653e-01
1.956496185913775276e+00 1.819729784565342996e-05 3.295542747478102719e+00 -9.274801679636248686e-01
3.141496343405133729e+00 5.569524398954456279e-01 2.085881141237960534e+00 -3.702103420915162091e-01
3.816969041429759901e+00 -1.315612476893269849e-04 1.385579325227938474e+00 -9.274269943876184419e-01
1.688261540567656649e+00 2.204695729769076256e-05 3.489716152055850618e+00 -9.272698518570444692e-01
2.849165169629114924e+00 2.273816949287423418e-04 2.305128681941200242e+00 -9.269358253989019580e-01
3.141587556904780865e+00 -3.758845520194026291e-01 2.546801950198125830e+00 -1.303189297675253044e+00
3.975277338737210897e+00 -4.132134807017230041e-05 1.683554394957251343e+00 -9.256589993867401223e-01
4.265504862157253108e+00 1.548895792662738509e-04 1.364442362290729571e+00 -9.255971981221488010e-01
1.142348905286125936e-04 1.440359576142203668e+00 -6.820941441751859902e-01 -2.366588376769490853e+00
1.476275776721689987e-04 2.490758281271735264e+00 -7.096528166538760285e-01 -3.417929282971127858e+00
3.140957681612751351e+00 2.768526395093903747e-01 2.403961330105296224e+00 -6.502901540377502565e-01
3.141638395652218030e+00 9.357067030600593194e-01 2.374411870901329547e+00 8.481950753264329637e-03
3.517903333638532803e+00 -3.286843570777701835e-05 1.970979261332848287e+00 -9.270451701500709296e-01
3.009682024475599960e+00 -6.063515483747137840e-04 2.452008356304994141e+00 -9.279271968485126587e-01
3.141889089518647094e+00 2.822412693451680221e-01 2.292406021206927935e+00 -6.451971513397898317e-01
3.354690950658545390e+00 8.505810619296175689e-06 2.053325649892072224e+00 -9.271746063748194100e-01
3.141795361744797788e+00 -1.946621145120164542e-01 2.240119162276835052e+00 -1.121851030135810889e+00
2.960632161767119186e+00 -3.707025089767387285e-04 2.395292094995134846e+00 -9.277555422256074102e-01
3.141677941260763163e+00 7.495871439592988184e-01 2.188543485785531040e+00 -1.777331067664644770e-01
1.998461213162232131e+00 2.030319970106815008e-05 3.306476745903427439e+00 -9.271900028438940788e-01
3.140957918180254715e+00 2.228927582846912392e-01 2.139316372659088028e+00 -7.044950497542005197e-01
2.392618221691265923e+00 8.761708731379837440e-05 2.862812767489884003e+00 -9.271590688482872489e-01
1.789129615205396817e+00 1.129877459098261683e-04 3.442061913520526595e+00 -9.272060258444619896e-01
3.141343990345710324e+00 1.304822034653792207e+00 2.066570856066218376e+00 3.775276391567701229e-01
2.222199450091363548e+00 8.054396742705529906e-05 2.961428577792811545e+00 -9.273378934219675962e-01
3.141705583294046811e+00 -2.359624760075028083e-01 2.564400607036903423e+00 -1.163168495067707697e+00
3.140985139318837494e+00 -1.440838266955264679e-01 2.536462391545140527e+00 -1.071333017602656978e+00
3.141178006179485838e+00 1.931689186009241943e-01 2.508240749813031911e+00 -7.340984292619688878e-01
3.141673544209323321e+00 -2.099747116006495107e-01 2.479447993876058742e+00 -1.137188713544164287e+00
3.141516867164668714e+00 -1.939361613325187861e-01 2.451602596418299029e+00 -1.121126682400501506e+00
3.140446202498283768e+00 -9.732923427049323950e-02 2.424962459738696285e+00 -1.024529172422435019e+00
3.141885874033038650e+00 7.409159471994614110e-01 2.396175095583046311e+00 -1.863450337236730314e-01
3.141760445908479582e+00 3.105698351439073468e-01 2.369329182325486727e+00 -6.167705005409330754e-01
3.142158044706887310e+00 2.072842610719588530e-01 2.342113385537064385e+00 -7.200817748726373591e-01
3.141722297677603137e+00 8.121597947849120702e-01 2.316459272390599899e+00 -1.151005357906313559e-01
2.386734697859802079e+00 1.615984974081915331e-04 3.045543455029420254e+00 -9.270154511415030774e-01
3.141617478547117592e+00 5.962867972889211998e-01 2.264364728941583138e+00 -3.310345793341943899e-01
2.708708208468815659e+00 -2.956144829080409943e-06 2.672279897282425765e+00 -9.273293074030497518e-01
3.141754446146807211e+00 7.851506247925973403e-01 2.213901272402252207e+00 -1.420480026936701556e-01
3.141665395667522898e+00 3.928077774516438025e-01 2.189308452396527827e+00 -5.344146434029021231e-01
3.142105789132180860e+00 3.228248767125630470e-01 2.164116895693153797e+00 -6.043475577309944669e-01
2.841727781713741427e-05 -5.240414621355619085e-01 5.282001507825376585e+00 -4.032417010648072786e-01
3.141803445184873311e+00 9.886914442029420824e-01 2.116262040761171637e+00 6.141658295928306699e-02
3.141934517596874255e+00 1.114192372177293500e+00 2.091768785356651783e+00 1.870152265732435148e-01
1.312036510411665580e+00 1.894058574748044789e-04 3.899989108632429868e+00 -9.274014939762692533e-01
4.006583154679875136e+00 5.396270002536742133e-05 1.715673375648899546e+00 -9.118869776540151628e-01
4.327935692235207910e+00 9.317127766258478938e-02 1.223931264744292369e+00 3.481469466346059916e-01
3.141568278789323543e+00 -3.684982916804841468e-01 2.525518040640328365e+00 -1.295800887083050412e+00
-4.542006902616056946e-05 1.610081003654374454e+00 -6.434889244476941217e-01 -2.536797917541493419e+00
4.437882503504043008e+00 8.722341718570468473e-05 1.174612888466533667e+00 -9.254139061317613324e-01
3.888092238623017671e+00 -1.724877872476057315e-05 1.697190413259626274e+00 -9.263366046892264061e-01
3.141695684844236336e+00 -4.483876879609549615e-01 2.417400788605081896e+00 -1.375774501505242942e+00
7.733358355596341438e-01 3.141510317705077604e+00 2.272140013581855356e-02 -4.068584534944585940e+00
4.031249074248405506e+00 9.544200717228865408e-05 1.475203077556388020e+00 -9.269701763362145908e-01
3.141453978872508657e+00 2.813034790057117318e-01 2.339502088979235062e+00 -6.460600944144814228e-01
3.141542918924448369e+00 1.456980015675275464e+00 2.313479643265424990e+00 5.297612197921075516e-01
3.141833589529261950e+00 3.056500156769915155e-01 2.287586542817166446e+00 -6.216281420399977220e-01
3.332904494164028897e+00 2.131952122452583230e-04 2.071971994045314513e+00 -9.271591641820968732e-01
3.141428585264867124e+00 4.247449053687659126e-01 2.239111590323198175e+00 -5.023496753218931188e-01
2.744142767864544030e+00 -1.119420649337271980e-04 2.611833680549781711e+00 -9.272560080395129134e-01
3.151440961050929523e+00 6.007265499153287280e-02 2.179062616669230845e+00 -8.670399326995088529e-01
2.409759996085031997e+00 -2.737355168652101105e-05 2.898255180344413873e+00 -9.271417994350525937e-01
3.141559854601309709e+00 1.079769165713126755e+00 2.143373760542751860e+00 1.525659084706014745e-01
3.141766424365546762e+00 1.015664658475212256e+00 2.119131470937800188e+00 8.843078868176852680e-02
3.141323600670259619e+00 4.334035637673017693e-01 2.097363277365215328e+00 -4.939628506191168777e-01
3.141643305766053107e+00 -5.979086427682600569e-01 2.596654402247573934e+00 -1.524988611210230660e+00
3.204999363534087209e+00 4.260507181097818348e-03 2.505759435259500734e+00 -9.225732893685089087e-01
3.854869435595366767e+00 1.860452719644339337e-01 1.634874715816890145e+00 2.360811232417091843e-01
4.522253597548366422e+00 1.071750250172044298e-04 1.135036305452192140e+00 -9.236349163576268451e-01
1.361581485765719357e+00 3.141491134984035316e+00 7.090905940383150918e-01 -4.065223021451558338e+00
3.911601872475135799e+00 6.633532910972086104e-05 1.692780679643689501e+00 -9.258120856348450722e-01
3.772287263933092660e+00 -8.318138016531262998e-05 1.806193913619966285e+00 -9.268713925606489878e-01
3.418428119489845596e+00 8.939289378606629069e-05 2.134415719604079165e+00 -9.271401355277056888e-01
3.316386393118376574e+00 2.699404317444851955e-04 2.210847106628786918e+00 -9.269724960633424216e-01
2.705292357734208064e+00 1.080529923046769906e-05 2.796875459345888437e+00 -9.272750543333201367e-01
3.141686501540233767e+00 3.338325274940465714e-01 2.334917788403277683e+00 -5.935623388962752989e-01
3.141656162748127645e+00 -5.447788109605499196e-01 2.310644788003153760e+00 -1.472115778549315523e+00
3.141493741818194518e+00 2.338213781521977508e-01 2.286400993680202554e+00 -6.935711095850713992e-01
3.025218246206119233e+00 1.792275558546881781e-03 2.378707977428688114e+00 -9.255638594026888155e-01
3.141311429448624626e+00 2.891429740436108342e-01 2.238522107635394054e+00 -6.379837296812708169e-01
2.947000553994992167e+00 -4.992069664584679193e-04 2.408839877338328606e+00 -9.278823197053103211e-01
3.141636347085765113e+00 1.449458452557520483e+00 2.191160031062532543e+00 5.222457721208946246e-01
3.141299907632668198e+00 3.580277338020804723e-01 2.168319234193170963e+00 -5.692216537285261779e-01
3.141417376397884098e+00 1.545242114977859904e+00 2.145644274186806921e+00 6.180269361104063774e-01
2.890471139748021390e+00 6.966059582359805430e-06 2.373382468089690889e+00 -9.273882815570450022e-01
2.997715793871608359e+00 6.355154182316382488e-04 2.755408736954034765e+00 -9.261241151210690692e-01
4.395598148814026551e+00 -1.560192628334557358e-04 1.329456935099198045e+00 -8.480405763299568855e-01
3.505949273249929554e+00 9.688932671009993264e-05 2.194410412927474852e+00 -9.269823212773314891e-01
3.141608017733286573e+00 -5.383296384775192456e-01 2.532609464655667164e+00 -1.465636158499965980e+00
3.991860072690046835e+00 -3.184884409572775321e-05 1.656419844652061713e+00 -9.265530522270548630e-01
3.141581577005116088e+00 6.760786290469767978e-01 2.481330234666887069e+00 -2.510198818638407769e-01
3.138826486399654225e+00 9.190434562230435922e-02 2.459068464291917167e+00 -8.352844479225781660e-01
3.608206618184936598e+00 -2.121054269911119725e-05 1.963721480411217746e+00 -9.271635586275143170e-01
3.141017740623834875e+00 1.853798678146869883e-01 2.406355469089676458e+00 -7.418258453998274327e-01
3.222039744082723978e+00 3.160543831610375647e-03 2.299477952018171845e+00 -9.239905260264531517e-01
3.141668087054244829e+00 4.095775057472596514e-01 2.355905319915246654e+00 -5.175154389564159407e-01
2.898772260785091426e+00 3.124535322126593311e-04 2.574786309486259750e+00 -9.270312716940952713e-01
1.171361040052003144e+00 3.141550566797699506e+00 3.375111648516212481e-01 -4.068793973177276868e+00
3.141559388134298025e+00 5.467124903188794738e-01 2.284614163442960866e+00 -3.806177805984043427e-01
3.141736696816447072e+00 1.085175966549671411e+00 2.259541408836216014e+00 1.577750766199479404e-01
3.143133521448611578e+00 1.316796540666969606e-01 2.235347032430644365e+00 -7.954716105885057953e-01
3.141537970686919756e+00 -3.781982054541390137e-01 2.214218905768532419e+00 -1.305571814295882316e+00
3.141521152479597401e+00 7.137740874683431436e-01 2.192029586662043616e+00 -2.134042040718083233e-01
2.851969199261387811e+00 -1.021365897693088420e-04 2.458709461485242276e+00 -9.272265010393974105e-01
2.104423347335757644e+00 -2.299079528853178171e-06 3.183939088371610104e+00 -9.273676789468360271e-01
4.375070482042151987e+00 -3.319246847079757447e-04 1.390657335899359914e+00 -8.115034278691025671e-01
4.605621200704413276e+00 -4.426599254950273270e-04 1.135655769395709225e+00 -8.923620001498274723e-01
3.141770542887323270e+00 3.720164923690048586e-01 2.573742760806749796e+00 -5.553664496705912335e-01
6.811064821019793269e-01 3.101170704368247044e+00 1.116510940177837669e-01 -3.560450612709059381e+00
2.918745725005259306e+00 1.765577341001861404e-04 2.746224822197947280e+00 -9.268789995709673102e-01
1.504165415143136064e+00 3.141436706178395433e+00 8.609054846630089797e-01 -4.066693287600925188e+00
3.141901917320373716e+00 6.401778516403098251e-01 2.472360008364880013e+00 -2.875227974900239070e-01
3.142811143217822512e+00 9.677601033469070135e-02 2.447035249216015895e+00 -8.306297034867142770e-01
3.141618444532252141e+00 -3.465128566285404776e-01 2.423967410729637617e+00 -1.273753209159330435e+00
4.107411187899296046e+00 -2.371340092807000115e-05 1.433785436803200142e+00 -9.265789501953963780e-01
3.141596880782958401e+00 6.521815970359442494e-01 2.375334406125874764e+00 -2.751783568264259960e-01
3.838631620877321016e+00 1.205680187891634708e-05 1.654700802984867991e+00 -9.269893847881163218e-01
2.699200852266552708e+00 1.322891760028932289e-04 2.770876988526879803e+00 -9.271292793718640679e-01
2.146412849018175528e+00 -6.333426582053806701e-05 3.300470232843973672e+00 -9.268984621214793052e-01
2.823773604233416279e+00 -5.622793380518137569e-06 2.600000480836794470e+00 -9.270810836492840989e-01
2.540504486099459669e+00 5.874106017868400205e-05 2.860347491872070158e+00 -9.273198901375349079e-01
2.313654249274876840e+00 -1.250508491058560007e-05 3.064765189786300414e+00 -9.273142170103615411e-01
2.991350789692105216e+00 -2.652145837774348117e-04 2.364470145519392830e+00 -9.277745247065473100e-01
3.141437662550428112e+00 1.428815658114702014e+00 2.192650232754044026e+00 5.014827009804130320e-01
1.850947722690362118e+00 -3.737971164075252741e-05 3.461140757132443735e+00 -9.272842673576092709e-01
3.141504119108234239e+00 -5.361405222131189197e-01 2.638934500579765530e+00 -1.462741777123766074e+00
3.467553721598988670e+00 -8.877591087888929964e-05 2.287569285839354816e+00 -9.278142980782256855e-01
8.222596021151086835e-05 7.719693708881881777e-01 -5.529814383961978441e-01 -1.697998853864974178e+00
-2.998553679712391996e-03 1.036880321771419755e+00 -5.859652251190655692e-01 -1.868242832987107471e+00
4.029175251625894738e+00 8.052792542882110925e-05 1.651499624514133346e+00 -9.248338691414483836e-01
3.141524808313945982e+00 -4.762595955872297449e-01 2.514340821458120434e+00 -1.403586479408205134e+00
3.487449474540713190e+00 -6.565683116730789532e-05 2.144038113874387808e+00 -9.275606568259368023e-01
3.141715096096168836e+00 -4.003836369547437157e-01 2.465837903589904290e+00 -1.327753815454619124e+00
3.722982445072274604e+00 -3.106238156772881071e-05 1.860364545540046821e+00 -9.264277141404440030e-01
3.141683732334456192e+00 6.071891420830241026e-01 2.417391872529515151e+00 -3.200915355513233029e-01
2.963870943127236313e+00 3.865690778484837001e-04 2.572615291173638408e+00 -9.269101745662629011e-01
4.352407111545747220e+00 1.130138300012358557e-04 1.160279266896717232e+00 -9.262058326968183319e-01
2.268837489635908700e+00 -1.438132659121180425e-05 3.220782852636677074e+00 -9.271508714157065123e-01
3.141746534903026244e+00 -1.827668095464337894e-01 2.325153050418196976e+00 -1.110197231427423104e+00
9.638378526428559301e-01 3.141483154615761553e+00 1.249004068920327865e-01 -4.068842985509393273e+00
3.141859960856102418e+00 1.031839771641766657e+00 2.279266308993029622e+00 1.045700565278043781e-01
3.141433082184470482e+00 5.082329882731374537e-01 2.258750527291021548e+00 -4.189109238411772851e-01
2.300228196942424752e+00 5.813094382077000667e-05 3.077499153890913330e+00 -9.273323406570316285e-01
3.141484757699718688e+00 1.077948743947804600e+00 2.214462209883977017e+00 1.507574317150457421e-01
3.141552600738028556e+00 1.600644247368768092e+00 2.193408435560279646e+00 6.732878748144145442e-01
3.672110679115290655e+00 5.719178456044775186e-05 2.121142287192591347e+00 -9.289407571911160177e-01
4.524613837099058955e+00 8.619607463720820040e-02 1.115257715908596348e+00 3.955746827335785420e-01
3.152464097387324582e+00 7.999602060523235414e-01 2.556711154340299164e+00 3.896561677339117624e-01
1.315208123701881965e-04 1.445634941930509232e+00 -5.635002700214856164e-01 -2.369608849087756930e+00
3.141613312086295462e+00 -3.575019669273874490e-01 2.553910338421508275e+00 -1.284727956657438996e+00
4.305000297408505538e+00 -2.861391696021750564e-05 1.366272019554487738e+00 -9.258999872034193723e-01
3.142128583609507420e+00 1.278390859534930257e-01 2.505150330400720549e+00 -7.994688614911211744e-01
3.928563191734524285e+00 9.349367977818488101e-05 1.695413769218983902e+00 -9.265517694715379449e-01
3.604953240790914393e+00 3.755177287436727501e-05 1.995459288089867611e+00 -9.272943362569056047e-01
-8.840545895558072525e-05 -2.972936618931374397e-01 -7.057486672611219536e-01 -6.299457600371818344e-01
3.141766818058191912e+00 1.339799285704502019e+00 2.411962654549687723e+00 4.126978826371350828e-01
3.142082757663544612e+00 -1.273733549034151424e-01 2.389338179006215590e+00 -1.054770343300703628e+00
3.846071103247981515e+00 1.318094104120914488e-04 1.662447180290058446e+00 -9.272678461977670317e-01
3.106118595483736922e+00 1.558885362528509601e-02 2.381257134086697924e+00 -9.114431768824410307e-01
3.141583071764141977e+00 5.034670279335821119e-01 2.322635933693601107e+00 -4.238647519017936238e-01
3.142414172040273623e+00 2.173999986754728275e-01 2.299139643591562088e+00 -7.098315225115972016e-01
3.141615845116669359e+00 3.372351494006942119e-01 2.278634126751855060e+00 -5.900406693809924219e-01
2.198682293380474828e+00 -5.701635081520230463e-05 3.199483531486961407e+00 -9.273447113624462279e-01
3.138209005679889252e+00 6.789750199362751260e-02 2.239311937421443410e+00 -8.592753993960133840e-01
2.312595569690877095e+00 -3.139142243474894283e-05 3.043559886517297031e+00 -9.269985851350623918e-01
