1.932538008689880371e+01
1.985336136817932129e+01
2.226361608505249023e+01
2.726691842079162598e+01
1.345702362060546875e+01
1.621999263763427734e+01
1.644047880172729492e+01
1.656363987922668457e+01
4.341328883171081543e+01
1.209789729118347168e+01
8.841783761978149414e+00
1.932768511772155762e+01
1.261322212219238281e+01
1.594417357444763184e+01
1.547633981704711914e+01
2.042546606063842773e+01
1.011815524101257324e+01
1.847375226020812988e+01
1.179042220115661621e+01
3.012530064582824707e+01
2.249430942535400391e+01
9.009664297103881836e+00
3.102288341522216797e+01
9.853533983230590820e+00
1.873644709587097168e+01
2.302063298225402832e+01
1.091353201866149902e+01
1.072728347778320312e+01
1.427502393722534180e+01
1.314412403106689453e+01
1.479966783523559570e+01
9.844323873519897461e+00
1.488257837295532227e+01
1.386488127708435059e+01
1.875580644607543945e+01
1.135927629470825195e+01
1.018373560905456543e+01
9.730230331420898438e+00
1.326951408386230469e+01
3.632845830917358398e+01
1.558717131614685059e+01
1.680364990234375000e+01
1.055829453468322754e+01
1.148903584480285645e+01
1.396405076980590820e+01
2.160611748695373535e+01
9.810845375061035156e+00
1.822737431526184082e+01
8.914558172225952148e+00
2.835174822807312012e+01
2.481929755210876465e+01
2.318290114402770996e+01
1.227252101898193359e+01
3.652136039733886719e+01
2.199806094169616699e+01
2.825194907188415527e+01
1.195321321487426758e+01
2.898349094390869141e+01
1.038677239418029785e+01
2.836688303947448730e+01
1.734767317771911621e+01
1.735718679428100586e+01
1.647616267204284668e+01
1.808570146560668945e+01
2.511464190483093262e+01
2.575102353096008301e+01
3.762393522262573242e+01
2.342290568351745605e+01
1.382075476646423340e+01
1.091114878654479980e+01
1.359369421005249023e+01
1.848058366775512695e+01
2.207592511177062988e+01
2.320845198631286621e+01
2.375031161308288574e+01
1.293310999870300293e+01
2.381165981292724609e+01
1.908403372764587402e+01
2.421832609176635742e+01
1.182767772674560547e+01
2.362137150764465332e+01
8.113052845001220703e+00
5.043162655830383301e+01
8.595932722091674805e+00
2.534479069709777832e+01
1.366762614250183105e+01
1.348687577247619629e+01
1.472467517852783203e+01
1.389695954322814941e+01
1.582513666152954102e+01
1.144176173210144043e+01
1.218170762062072754e+01
1.263290596008300781e+01
2.349909806251525879e+01
3.243468523025512695e+01
2.665173125267028809e+01
1.988028359413146973e+01
1.478091239929199219e+01
2.801665401458740234e+01
1.409917163848876953e+01
2.951833987236022949e+01
1.721216535568237305e+01
1.705929613113403320e+01
1.987066054344177246e+01
1.662138772010803223e+01
1.322878956794738770e+01
2.675841188430786133e+01
1.716701912879943848e+01
1.447086310386657715e+01
2.299895763397216797e+01
2.491530919075012207e+01
3.142951130867004395e+01
2.120425295829772949e+01
1.588202381134033203e+01
3.091910600662231445e+01
1.223007965087890625e+01
2.916268897056579590e+01
4.362034440040588379e+01
1.250555992126464844e+01
2.526562261581420898e+01
5.091235828399658203e+01
2.123768854141235352e+01
8.140159845352172852e+00
1.694001197814941406e+01
1.057640910148620605e+01
1.471333670616149902e+01
1.800651025772094727e+01
1.718325400352478027e+01
2.854685926437377930e+01
1.769239759445190430e+01
2.450082254409790039e+01
1.955001330375671387e+01
1.975632309913635254e+01
1.738239645957946777e+01
1.443668103218078613e+01
1.149515414237976074e+01
9.781010866165161133e+00
1.990292382240295410e+01
1.302939367294311523e+01
2.512256646156311035e+01
1.441094565391540527e+01
1.822404479980468750e+01
8.612598657608032227e+00
2.107757401466369629e+01
8.607431173324584961e+00
1.297774672508239746e+01
1.789131093025207520e+01
8.746810197830200195e+00
1.817195129394531250e+01
1.853524494171142578e+01
1.741105365753173828e+01
8.851992845535278320e+00
1.133436107635498047e+01
9.536031246185302734e+00
1.901271486282348633e+01
9.332911968231201172e+00
1.031765866279602051e+01
1.668233823776245117e+01
3.068595719337463379e+01
2.428237843513488770e+01
6.464611554145812988e+01
6.187020301818847656e+01
1.478184819221496582e+01
1.694118094444274902e+01
2.060154867172241211e+01
2.256043672561645508e+01
1.789678835868835449e+01
1.131702589988708496e+01
1.215595102310180664e+01
1.883076572418212891e+01
1.432800698280334473e+01
2.354963493347167969e+01
1.660105943679809570e+01
1.058402538299560547e+01
2.099592161178588867e+01
3.103155755996704102e+01
2.413327598571777344e+01
1.793600630760192871e+01
1.190012645721435547e+01
2.402226471900939941e+01
1.340029454231262207e+01
2.678828573226928711e+01
1.871508622169494629e+01
1.435762429237365723e+01
1.878975272178649902e+01
2.150686955451965332e+01
1.411278915405273438e+01
1.619002580642700195e+01
1.914458942413330078e+01
1.494772887229919434e+01
1.610938978195190430e+01
1.015182614326477051e+01
1.496939110755920410e+01
2.797525930404663086e+01
2.137159132957458496e+01
1.381987905502319336e+01
1.072867870330810547e+01
1.014557766914367676e+01
2.348519897460937500e+01
1.572625494003295898e+01
8.001175951957702637e+01
3.137148857116699219e+01
3.462485241889953613e+01
8.438739538192749023e+00
1.903012919425964355e+01
2.439024734497070312e+01
2.365010070800781250e+01
1.006452775001525879e+01
2.353011918067932129e+01
1.499878621101379395e+01
1.251197719573974609e+01
1.420992708206176758e+01
1.627144598960876465e+01
1.444167971611022949e+01
1.933911108970642090e+01
1.842950725555419922e+01
2.298161125183105469e+01
1.346526241302490234e+01
1.722577571868896484e+01
8.624490737915039062e+00
7.397868347167968750e+01
2.441827058792114258e+01
4.242069053649902344e+01
1.716210865974426270e+01
1.913458943367004395e+01
1.490552425384521484e+01
1.465596675872802734e+01
9.979224681854248047e+00
1.286992454528808594e+01
1.922570919990539551e+01
1.511920142173767090e+01
1.107194590568542480e+01
1.825663781166076660e+01
2.269581222534179688e+01
9.296425104141235352e+00
1.049741291999816895e+01
1.738155674934387207e+01
7.332852602005004883e+00
1.154559707641601562e+01
1.549012660980224609e+01
7.736781120300292969e+00
3.521516680717468262e+01
4.515216708183288574e+01
3.566713428497314453e+01
6.826064634323120117e+01
1.431298708915710449e+01
1.720716333389282227e+01
1.355105638504028320e+01
1.920355772972106934e+01
1.748062944412231445e+01
1.218859148025512695e+01
1.090301871299743652e+01
1.548232936859130859e+01
1.003183746337890625e+01
1.268020677566528320e+01
2.335628986358642578e+01
9.556889295578002930e+00
1.328052186965942383e+01
2.280922198295593262e+01
1.145256948471069336e+01
8.619802951812744141e+00
1.052930974960327148e+01
1.860435771942138672e+01
8.956306457519531250e+00
8.300756454467773438e+00
1.964876747131347656e+01
1.340638732910156250e+01
1.416760611534118652e+01
2.293533754348754883e+01
2.409180188179016113e+01
1.509844279289245605e+01
1.705196928977966309e+01
8.913243293762207031e+00
1.498521542549133301e+01
1.802961802482604980e+01
1.788927793502807617e+01
2.131582212448120117e+01
1.571281433105468750e+01
2.271235036849975586e+01
1.030059552192687988e+01
1.077290642261505127e+02
1.076770737171173096e+02
6.989410161972045898e+00
5.916708254814147949e+01
6.725537157058715820e+01
4.091134619712829590e+01
7.927099943161010742e+00
2.542878961563110352e+01
1.370513153076171875e+01
1.695982956886291504e+01
3.024197578430175781e+01
1.655555582046508789e+01
1.746897578239440918e+01
2.535810399055480957e+01
1.027812218666076660e+01
4.884347128868103027e+01
1.269093847274780273e+01
2.068436145782470703e+01
1.509456849098205566e+01
1.924094343185424805e+01
2.291516304016113281e+01
3.884714102745056152e+01
1.071690104007720947e+02
6.498838353157043457e+01
8.837370610237121582e+01
2.654777073860168457e+01
1.194239306449890137e+01
9.856824636459350586e+00
2.121867299079895020e+01
1.246462941169738770e+01
2.321589016914367676e+01
7.730482816696166992e+00
8.795397520065307617e+00
1.711717963218688965e+01
2.017260527610778809e+01
1.173441267013549805e+01
1.345102000236511230e+01
1.755646705627441406e+01
1.709003829956054688e+01
2.039168620109558105e+01
1.337549495697021484e+01
1.073458316326141357e+02
2.694133782386779785e+01
9.794432878494262695e+00
8.045292830467224121e+01
2.167095398902893066e+01
2.857384371757507324e+01
1.960093426704406738e+01
3.089707112312316895e+01
4.091248846054077148e+01
1.061423039436340332e+01
1.079759740829467773e+01
3.794521474838256836e+01
1.661874055862426758e+01
2.713080835342407227e+01
3.248175024986267090e+01
7.006602048873901367e+00
2.847627806663513184e+01
8.164534091949462891e+00
1.356106829643249512e+01
1.067634606361389160e+02
1.069814994335174561e+02
1.699712514877319336e+01
1.073417460918426514e+02
3.123058915138244629e+01
9.035886168479919434e+01
1.486245369911193848e+01
2.884232831001281738e+01
9.096997976303100586e+00
4.982970118522644043e+01
1.443675494194030762e+01
1.786280751228332520e+01
1.327257513999938965e+01
1.213338184356689453e+01
1.391062736511230469e+01
1.003868508338928223e+01
1.691178297996520996e+01
1.844497752189636230e+01
1.990411663055419922e+01
1.611868095397949219e+01
2.159253549575805664e+01
1.394362854957580566e+01
6.209198021888732910e+01
1.072708415985107422e+02
4.142001485824584961e+01
8.511008739471435547e+00
1.202212595939636230e+01
7.499876976013183594e+00
3.171484088897705078e+01
2.081661200523376465e+01
1.360808825492858887e+01
3.083652853965759277e+01
2.005393385887145996e+01
1.090992021560668945e+01
3.458075785636901855e+01
2.243904781341552734e+01
1.464585542678833008e+01
1.749815845489501953e+01
1.049930763244628906e+01
1.430874991416931152e+01
2.855912232398986816e+01
1.076463699340820312e+02
1.071420967578887939e+02
8.203818345069885254e+01
7.681675434112548828e+00
8.593801712989807129e+01
3.160370612144470215e+01
2.796058797836303711e+01
1.526824045181274414e+01
1.372066855430603027e+01
2.519989752769470215e+01
1.543140292167663574e+01
1.089632630348205566e+01
6.996755123138427734e+01
1.314274191856384277e+01
1.465153551101684570e+01
1.249337911605834961e+01
1.774457287788391113e+01
5.727758741378784180e+01
1.329463219642639160e+01
