4.933276009921883087e-13
3.164135620181696140e-13
1.389999226830695989e-13
7.588374373312944954e-14
2.385314168407148827e-13
2.531863607657669490e-13
-1.342259636771814257e-13
1.719180353632054903e-13
4.041211809635569807e-13
3.641531520770513453e-13
2.093880624443045235e-13
2.880473637389968644e-13
1.139643934777723189e-13
1.263433802023428143e-13
2.332023463225141313e-13
1.437183705377265142e-13
6.089573290068983624e-14
1.583733144627785805e-13
2.162159340457492362e-13
-2.875477633779155440e-14
1.516009540125651256e-13
2.720046410331633524e-13
9.853229343548264296e-14
1.769695501252499525e-13
1.056932319443149026e-13
1.093014567743466614e-13
2.537969834293107851e-13
-1.298960938811433152e-14
9.464651284929459507e-14
1.001421168211891199e-13
1.134647931166909984e-13
4.126143871019394282e-13
5.689893001203927270e-14
5.107025913275720086e-14
2.724487302430134150e-13
1.110778136137469119e-13
-2.509104035652853781e-14
1.043054531635334570e-13
2.154387779285116267e-13
1.360578316678129340e-13
3.151368055398506840e-13
1.936784066458585585e-13
1.707523011873490759e-13
1.356692536091941292e-13
1.434963259328014828e-13
2.688405054129816563e-13
4.016231791581503785e-13
3.479994070687553176e-13
3.215760990826765919e-13
1.718070130607429746e-13
3.425038030968607927e-14
1.609268274194164405e-13
1.926236947724646598e-14
2.260969189649131295e-13
1.899036483621330262e-13
1.547095784815155639e-13
6.594724766273429850e-14
1.039168751049146522e-13
1.920685832601520815e-13
3.168021400767884188e-13
3.555489236362063821e-13
7.366329768387913646e-14
1.736388810513744829e-13
6.344924585732769629e-14
0.000000000000000000e+00
-2.109423746787797427e-14
2.250977182427504886e-13
1.421085471520200372e-14
1.522670878273402195e-13
1.887934253375078697e-13
2.415845301584340632e-13
1.539324223642779543e-13
4.401479181126433105e-13
1.698641227676489507e-13
9.192646643896296155e-14
1.647570968543732306e-13
9.270362255620057113e-15
9.614531393253855640e-14
1.831867990631508292e-15
4.726774527341603971e-13
1.969535645685027703e-13
1.907918267818331515e-13
9.274248036206245160e-13
2.914335439641035919e-14
1.899036483621330262e-13
2.487454686672663229e-13
4.801159469991489459e-13
4.789502128232925315e-13
1.599276266972537996e-13
1.210143096841420629e-13
1.025846074753644643e-13
3.041455975960616342e-13
4.793387908819113363e-13
9.298672942747998604e-13
1.169619956442602415e-13
1.260658244461865252e-13
7.571721027943567606e-14
8.970602038971264847e-14
1.524891324322652508e-13
9.076073226310654718e-14
4.025668687290817616e-13
2.078892613610605622e-13
1.483257960899209138e-13
2.080557948147543357e-13
6.900036098045347899e-14
2.842170943040400743e-14
2.067235271852041478e-13
1.064148769103212544e-13
2.426947531830592197e-13
1.631472734686667536e-13
1.340594302234876523e-13
2.001177001886844664e-13
1.578737141016972600e-13
-1.132427485117659671e-14
3.200217868482013728e-13
1.585953590677036118e-13
2.892686090660845366e-13
5.384581669432009221e-15
9.675593659608239250e-14
2.227662498910376598e-13
1.514899317101026099e-13
1.276201366806617443e-13
8.526512829121202230e-13
2.493560913308101590e-13
3.379518886958976509e-13
5.409006575973762665e-13
7.041589533685055358e-13
1.416644579421699746e-13
1.355027201555003558e-13
1.067479438177088014e-13
4.225508831723345793e-13
1.805777749552817113e-13
1.161848395270226320e-13
5.972999872483342187e-14
1.307287611496121826e-13
6.512568262451168266e-13
1.765809720666311478e-13
2.001177001886844664e-13
2.339795024397517409e-13
1.176836406102665933e-13
2.415845301584340632e-13
3.017586180931175477e-13
2.601807658209054352e-13
1.054711873393898713e-13
8.931744233109384368e-14
1.267874694121928769e-13
2.192690473634684167e-14
1.878497357665764866e-13
2.803313137178520265e-14
1.801336857454316487e-13
2.503552920529727999e-14
2.245426067304379103e-13
1.179611963664228824e-13
1.850186670537823375e-13
5.573319583618285833e-14
1.596500709410975105e-13
5.151434834260726348e-14
7.032152637975741527e-13
8.082423619271139614e-14
6.033507027325413219e-13
-2.209343819004061515e-14
1.130207039068409358e-13
1.816324868286756100e-13
7.505107646466058213e-14
3.819167204710538499e-14
1.437183705377265142e-13
1.976196983832778642e-13
2.675082377834314684e-13
1.095235013792716927e-13
2.391975506554899766e-13
5.461742169643457601e-13
4.318767565791858942e-13
1.585953590677036118e-13
2.673417043297376949e-13
6.078471059822732059e-14
1.412758798835511698e-13
3.508859869327807246e-13
4.245492846166598611e-13
6.243339178979567805e-13
1.558198015061407204e-13
2.093880624443045235e-13
4.099498518428390526e-13
5.599964936209289590e-13
1.824651540971444774e-13
1.345035194333377149e-13
5.324074514589938190e-13
1.783018177548001404e-13
3.551048344263563195e-13
1.167399510393352102e-13
3.474442955564427393e-13
9.731104810839497077e-14
9.175993298526918807e-14
1.775801727887937886e-13
3.397837566865291592e-13
4.563571742721705959e-13
8.865130851631874975e-14
1.296185381249870261e-13
2.955413691552166711e-13
4.640732242933154339e-13
6.659672813214001508e-13
2.771116669464390725e-13
1.613709166292665032e-13
8.387734951043057663e-14
1.883493361276578071e-13
1.088573675644965988e-13
1.040834085586084257e-13
7.543965452327938692e-14
1.154631945610162802e-13
5.622169396701792721e-13
1.317279618717748235e-13
1.760258605543185695e-13
1.978972541394341533e-13
2.742250870824136655e-13
1.522670878273402195e-13
2.591260539475115365e-13
1.106337244038968493e-13
2.053912595556539600e-13
2.380873276308648201e-13
1.236788449432424386e-13
7.066569551739121380e-14
2.728928194528634776e-13
4.357625371653739421e-14
1.391664561367633723e-13
5.678790770957675704e-14
2.587374758888927317e-13
2.775557561562891351e-14
3.457234498682737467e-13
9.059419880941277370e-14
1.911804048404519563e-13
3.030353745714364777e-13
7.388534228880416777e-14
1.820210648872944148e-13
1.048050535246147774e-13
1.432742813278764515e-13
6.290523657526136958e-13
6.933342788784102595e-14
3.441691376337985275e-13
1.665889648450047389e-13
5.906386491005832795e-14
2.053357484044227022e-13
1.216804434989171568e-13
-5.317968287954499829e-14
4.709010958947601466e-13
1.920685832601520815e-13
1.203481758693669690e-13
1.441069485963453189e-13
3.174682738915635127e-13
1.298960938811433152e-13
2.862710068995966139e-13
1.956212969389525824e-13
1.066369215152462857e-13
3.608224830031758756e-15
1.352806755505753245e-13
1.503797086854774534e-13
5.166422845093165961e-13
9.686695889854490815e-14
1.036948304999896209e-13
1.000866056699578621e-13
1.134647931166909984e-13
2.984834601704733359e-13
4.637956685371591448e-13
1.323940956865499174e-13
-1.273425809245054552e-13
6.039613253960851580e-14
4.340972026284362073e-13
4.646283358056280122e-14
1.421640583032512950e-13
4.183875468299902423e-13
2.607358773332180135e-13
9.170442183403793024e-14
7.993605777301127091e-14
3.052558206206867908e-13
3.013145288832674851e-13
2.677302823883564997e-13
8.498757253505573317e-14
1.527111770371902821e-13
6.550315845288423588e-14
5.617728504603292095e-14
2.984279490192420781e-13
2.508548924140541203e-13
2.151612221723553375e-13
1.239008895481674699e-13
2.953748357015228976e-13
1.013078509970455343e-13
5.700995231450178835e-14
2.320366121466577169e-13
4.957145804951323953e-14
5.523359547510153789e-14
1.349476086431877775e-13
2.042810365310288034e-13
4.346523141407487856e-14
4.457545443870003510e-14
3.843592111252291943e-13
1.640909630395981367e-13
5.812017533912694489e-14
7.732703366514215304e-14
1.072475441787901218e-13
1.537658889105841808e-14
1.156297280147100537e-13
4.218292382063282275e-13
1.120770143359095528e-13
2.202682480856310576e-13
1.210143096841420629e-13
2.213229599590249563e-13
2.815525590449396987e-13
9.880984919163893210e-14
1.430522367229514202e-13
2.517430708337542455e-13
5.379030554308883438e-14
3.565481243583690230e-13
1.301736496372996044e-13
2.500222251455852529e-13
8.443246102274315490e-14
2.836064716404962383e-13
1.756372824956997647e-13
3.730349362740525976e-14
2.748357097459575016e-13
9.858780458671390079e-14
2.352007477668394131e-13
2.888245198562344740e-13
4.780620344035924063e-13
2.329247905663578422e-13
3.255173908200958977e-13
2.980948821118545311e-14
7.305267502033530036e-14
2.953193245502916398e-14
2.133848653329550871e-13
1.126321258482221310e-13
2.290945211314010521e-13
4.549693954913891503e-13
4.602984660095899017e-13
1.438793528762971619e-12
1.090794121694216301e-13
3.546052340652749990e-13
1.040834085586084257e-13
1.368349877850505436e-13
7.727152251391089521e-14
7.688294445529209042e-14
6.663558593800189556e-13
2.794986464493831591e-13
2.201017146319372841e-13
5.723199691942681966e-14
1.664779425425422232e-13
7.416289804496045690e-14
2.172151347679118771e-13
1.335043187111750740e-13
1.598721155460225418e-13
2.371436380599334370e-13
2.908784324517910136e-13
1.237343560944736964e-13
1.004196725773454091e-13
4.457545443870003510e-14
2.406963517387339380e-13
4.513056595101261337e-14
2.282618538629321847e-13
5.428990590417015483e-13
1.333932964087125583e-13
-8.582023980352460057e-14
1.753597267395434756e-13
1.195155086008981016e-13
1.005862060310391826e-13
5.395683899678260786e-14
5.667133429199111561e-13
1.432187701766451937e-13
1.763034163104748586e-13
1.764699497641686321e-13
1.382227665658319893e-14
1.276756478318930021e-13
4.010680676458378002e-13
8.920642002863132802e-14
2.793876241469206434e-13
7.521760991835435561e-14
6.970535260109045339e-13
2.599587212159804039e-13
3.314015728506092273e-14
6.639133687258436112e-14
6.689093723366568156e-14
-8.104628079763642745e-15
1.762479051592436008e-13
1.160183060733288585e-14
1.110223024625156540e-13
1.259548021437240095e-13
1.392774784392258880e-13
5.556666238248908485e-14
1.994515663739093725e-13
9.564571357145723596e-14
1.720845688168992638e-13
1.261768467486490408e-13
1.450506381672767020e-13
2.442490654175344389e-13
3.338995746560158295e-13
8.215650382226158399e-14
1.126321258482221310e-13
6.811218256075335375e-14
5.942468739306150383e-13
8.215650382226158399e-14
7.749356711883592652e-14
2.522426711948355660e-13
1.361133428190441919e-13
1.376676550535194110e-13
2.303157664584887243e-13
4.090616734231389273e-13
7.216449660063517513e-14
1.518785097687214147e-13
5.201394870368858392e-14
1.770805724277124682e-14
-8.770761894538736669e-15
2.042810365310288034e-14
1.616484723854227923e-13
9.486855745421962638e-14
4.804490139065364929e-13
3.719247132494274410e-13
7.571721027943567606e-14
5.393463453629010473e-13
7.310818617156655819e-14
3.361200207052661426e-13
3.919642388439115166e-13
2.396416398653400393e-13
1.981748098955904425e-14
2.133848653329550871e-13
2.309263891220325604e-13
1.792455073257315235e-13
3.258504577274834446e-14
1.094124790768091771e-13
1.132427485117659671e-14
2.468580895254035568e-13
2.436939539052218606e-14
1.739164368075307721e-13
2.626787676263120375e-13
1.747491040759996395e-13
5.689893001203927270e-14
2.581823643765801535e-13
1.579292252529285179e-13
1.093014567743466614e-13
7.709388682997087017e-13
1.470490396116019838e-13
3.753108934745341685e-13
1.578737141016972600e-13
8.099076964640516962e-14
-6.672440377997190808e-14
1.930122728310834646e-13
7.127631818093504990e-14
2.886024752513094427e-13
3.714806240395773784e-13
1.476596622751458199e-13
5.169198402654728852e-13
1.843525332390072435e-13
2.663980147588063119e-13
1.940114735532461054e-13
1.723066134218242951e-13
-2.997602166487922659e-15
3.478883847662928019e-13
2.884914529488469270e-13
1.567079799258408457e-13
4.927724894798757305e-13
-1.230127111284673447e-13
5.755951271169124084e-13
1.320610287791623705e-13
8.490430580820884643e-13
1.201816424156731955e-13
5.939693181744587491e-15
9.553469126899472030e-14
3.991251773527437763e-14
2.555733402687110356e-13
1.434408147815702250e-13
1.474376176702207886e-13
1.535993554568904074e-13
3.724798247617400193e-14
3.813060978075100138e-13
2.071676163950542104e-13
5.471179065352771431e-13
1.190714193910480390e-13
5.423439475293889700e-14
9.919842725025773689e-14
7.555067682574190258e-14
4.890532423473814561e-14
1.485478406948459451e-13
1.927347170749271754e-13
8.898992653882942250e-13
1.430522367229514202e-13
6.372680161348398542e-14
1.824651540971444774e-13
1.671440763573173172e-13
1.272870697732741974e-13
3.402278458963792218e-13
1.743050148661495768e-13
1.216249323476858990e-13
2.511324481702104094e-13
1.187938636348917498e-13
5.644928968706608430e-13
1.159627949220976006e-13
8.287814878826793574e-14
1.637023849809793319e-13
1.010858063921205030e-13
4.968248035197575518e-14
3.548272786702000303e-13
2.129407761231050245e-13
1.255107129338739469e-13
3.572142581731441169e-13
9.153788838034415676e-14
7.926992395823617699e-14
-1.965094753586527077e-14
3.505529200253931776e-13
4.580225088091083308e-13
1.740274591099932877e-13
2.486899575160350651e-14
2.917666108714911388e-13
1.121880366383720684e-13
3.343436638658658921e-13
6.328271240363392280e-14
1.083022560521840205e-13
2.042810365310288034e-13
4.692357613578224118e-13
7.177591854201637034e-14
4.346523141407487856e-14
1.655897641228420980e-13
7.452372052796363278e-13
4.247158180703536345e-13
7.743805596760466869e-14
1.326716514427062066e-14
3.635980405647387670e-14
1.726396803292118420e-14
1.218469769526109303e-13
7.482903185973555082e-14
2.218780714713375346e-13
2.080557948147543357e-13
7.144285163462882338e-14
5.397904345727511100e-13
9.375833442959446984e-14
4.088396288182138960e-13
-9.214851104388799286e-15
3.647082635893639235e-14
6.677991493120316591e-14
1.447175712598891550e-13
1.179611963664228824e-13
3.375077994860475883e-13
1.609268274194164405e-13
1.443289932012703503e-13
7.717715355681775691e-13
5.296318938974309276e-13
1.021960294167456595e-13
4.183875468299902423e-13
1.822986206434507039e-13
1.351696532481128088e-13
3.101963130802687374e-13
2.681743715982065623e-13
8.132383655379271659e-14
2.074451721512104996e-13
2.177702462802244554e-13
-6.272760089132134453e-14
1.733613252952181938e-13
6.311617894994014932e-14
2.104982854689296801e-13
1.003641614261141513e-13
7.616129948928573867e-14
-3.463895836830488406e-14
3.021471961517363525e-13
1.034172747438333317e-13
2.045585922871850926e-13
1.647570968543732306e-13
1.105782132526655914e-13
9.464651284929459507e-14
1.272315586220429395e-13
8.587575095475585840e-14
3.028688411177427042e-13
2.431943535441405402e-13
6.100675520315235190e-14
1.182942632738104294e-13
6.811218256075335375e-14
4.272138198757602368e-13
2.155498002309741423e-13
1.151856388048599911e-13
3.463895836830488406e-13
2.808309140789333469e-13
3.053668429231493064e-13
3.080868893334809400e-14
7.621681064051699650e-14
3.614886168179509696e-13
-3.819167204710538499e-14
9.553469126899472030e-14
1.258437798412614939e-13
6.422640197456530586e-14
8.276712648580542009e-14
1.483257960899209138e-13
2.765010442828952364e-13
1.010302952408892452e-13
1.479372180313021090e-13
7.638334409421076998e-14
1.273980920757367130e-13
6.544764730165297806e-14
5.088707233369405003e-13
9.348077867343818070e-14
3.121947145245940192e-13
1.704747454311927868e-13
1.564859353209158144e-13
1.392774784392258880e-13
2.112199304349360318e-13
1.487698852997709764e-13
2.120525977034048992e-13
1.774691504863312730e-13
7.105427357601001859e-14
6.888933867799096333e-14
1.971756091734278016e-13
2.290945211314010521e-13
9.703349235223868163e-14
2.418620859145903523e-13
3.569367024169878277e-14
2.053357484044227022e-13
1.944555627630961681e-13
2.851052727237401996e-13
3.100297796265749639e-13
1.913469382941457297e-13
1.508237978953275160e-13
3.791411629094909586e-14
1.398881011027697241e-13
1.070254995738650905e-13
1.417199690934012324e-13
1.498245971731648751e-13
1.338928967697938788e-13
1.088573675644965988e-13
1.430522367229514202e-13
6.156186671546493017e-14
2.947087018867478037e-13
2.198241588757809950e-13
2.914335439641035919e-14
2.824962486158710817e-13
1.563749130184532987e-13
9.142686607788164110e-14
1.108391156634525032e-12
7.921441280700491916e-14
1.482702849386896560e-13
2.799982468104644795e-13
4.409805853811121779e-13
-3.985700658404311980e-14
1.292299600663682213e-13
1.585398479164723540e-13
4.574118861455644947e-14
1.976752095345091220e-13
1.036282171185121115e-12
2.375877272697834997e-14
7.555067682574190258e-14
2.942646126768977410e-13
1.474931288214520464e-13
7.532863222081687127e-14
-6.217248937900876626e-15
1.176281294590353355e-13
1.494360191145460703e-13
1.469990795754938517e-12
5.972999872483342187e-14
2.632893902898558736e-13
2.264854970235319342e-14
2.653988140366436710e-13
3.900768597020487505e-13
1.587063813701661275e-13
3.070876886113182991e-13
1.419420136983262637e-13
2.023381462379347795e-13
2.293165657363260834e-13
4.224398608698720636e-14
1.285638262515931274e-13
3.239075674343894207e-13
9.509060205914465769e-14
8.243405957841787313e-14
1.387778780781445676e-13
-9.658940314238861902e-15
2.620126338115369435e-14
1.218469769526109303e-13
8.748557434046233539e-14
6.010747455320597510e-13
1.746935929247683816e-13
2.324251902052765217e-13
1.713629238508929120e-13
1.754152378907747334e-13
3.913536161803676805e-14
7.299161275398091675e-13
1.171285290979540150e-14
2.153832667772803688e-14
7.083778008620811306e-13
6.973865929182920809e-13
2.890465644611595053e-13
2.795541576006144169e-13
8.770761894538736669e-14
1.754152378907747334e-13
1.393885007416884037e-13
2.906008766956347245e-13
1.809108418626692583e-13
1.019739848118206282e-13
2.157718448358991736e-13
9.436895709313830594e-16
1.982303210468217003e-13
2.612909888455305918e-13
3.202993426043576619e-14
1.458277942845143116e-13
6.172840016915870365e-14
5.276334924531056458e-13
6.811218256075335375e-14
1.464939280992894055e-13
8.831824160893120279e-14
2.283173650141634425e-13
-3.941291737419305719e-14
1.899036483621330262e-13
2.819411371035585034e-13
2.647881913730998349e-14
8.348877145181177184e-14
3.780864510360970598e-13
3.220201882925266545e-13
3.728684028203588241e-13
1.122990589408345841e-13
3.859690345109356713e-13
1.558753126573719783e-13
1.310063169057684718e-13
5.434541705540141265e-14
2.366995488500833744e-13
1.810218641651317739e-13
7.810418978237976262e-14
1.001976279724203778e-13
1.387223669269133097e-13
1.281197370417430648e-13
-5.773159728050814010e-15
4.263256414560601115e-13
1.498245971731648751e-13
3.922973057512990636e-13
1.443845043525016081e-13
2.025601908428598108e-13
9.903189379656396341e-14
2.581823643765801535e-13
-4.196643033083091723e-14
1.987299214079030207e-13
3.044231533522179234e-13
3.380629109983601666e-14
2.852718061774339731e-13
8.487655023259321752e-14
2.137734433915738919e-13
2.109423746787797427e-14
2.246536290329004260e-13
1.976752095345091220e-13
6.600275881396555633e-14
1.756372824956997647e-13
3.234634782245393581e-13
1.991740106177530834e-13
1.149080830487037019e-14
3.569367024169878277e-14
2.253752739989067777e-13
1.028066520802894956e-13
8.687495167691849929e-14
1.108002578575906227e-13
1.075250999349464109e-13
1.881828026739640336e-14
5.034861416675084911e-14
2.287059430727822473e-13
1.184052855762729450e-13
4.251599072802036972e-13
1.638689184346731054e-13
2.074451721512104996e-13
3.056999098305368534e-13
2.413069744022777741e-13
1.323940956865499174e-13
1.171562846735696439e-12
2.882694083439218957e-13
9.969802761133905733e-14
7.954747971439246612e-14
3.049227537132992438e-13
1.362798762727379653e-13
6.860623180671154842e-13
3.365641099151162052e-13
5.040412531798210694e-14
1.417199690934012324e-13
5.524469770534778945e-13
9.431344594190704811e-14
2.486899575160350651e-13
1.921240944113833393e-13
-1.521005543736464460e-14
1.572630914381534240e-13
-8.548717289613705361e-14
3.370637102761975257e-13
1.422750806057138107e-13
2.983724378680108202e-13
2.617350780553806544e-13
1.226241330698485399e-13
1.994515663739093725e-13
6.300515664747763367e-14
2.882138971926906379e-13
4.224398608698720636e-14
2.747801985947262438e-14
4.016231791581503785e-13
2.647881913730998349e-14
2.740030424774886342e-13
3.153033389935444575e-13
2.050026814970351552e-13
3.791411629094909586e-14
2.466360449204785255e-13
1.945665850655586837e-13
2.461919557106284628e-13
8.298917109073045140e-14
3.765321388016218407e-13
-2.564615186884111608e-14
1.250111125727926265e-13
2.021161016330097482e-13
1.684763439868675050e-13
4.202194148206217506e-14
1.285638262515931274e-13
1.483257960899209138e-13
1.626476731075854332e-14
1.849631559025510796e-13
3.018141292443488055e-13
4.635181127810028556e-14
2.525757381022231129e-14
4.041211809635569807e-14
3.175792961940260284e-13
1.355027201555003558e-13
8.715250743307478842e-15
2.868261184119091922e-13
4.996003610813204432e-14
2.084998840246043983e-13
5.842548667089886294e-13
2.176592239777619398e-13
1.347255640382627462e-13
4.842792833414932829e-13
1.385003223219882784e-13
3.486100297322991537e-14
2.651767694317186397e-13
1.325051179890124331e-13
1.655897641228420980e-13
9.597878047884478292e-14
-5.384581669432009221e-14
2.185474023974620650e-13
8.659739592076221015e-14
1.363353874239692232e-13
1.498245971731648751e-13
2.330913240200516157e-13
1.205147093230607425e-13
1.594835374874037370e-13
1.947886296704837150e-13
1.580957587066222914e-13
9.531264666406968900e-14
1.749711486809246708e-13
1.088018564132653410e-13
4.746203430272544210e-14
2.844946500601963635e-13
1.467714838554456946e-13
5.401235014801386569e-14
8.065770273901762266e-14
1.296185381249870261e-13
-7.216449660063517513e-15
5.678790770957675704e-14
3.045896868059116969e-13
2.243205621255128790e-13
6.000755448098971101e-14
2.622346784164619748e-13
2.608468996356805292e-13
-1.998401444325281773e-15
5.684341886080801487e-14
2.606803661819867557e-13
2.713940183696195163e-13
7.399636459126668342e-14
1.149635941999349598e-13
1.907363156306018936e-13
2.928213227448850375e-13
2.048361480433413817e-14
3.863021014183232182e-13
3.488875854884554428e-13
7.721601136267963739e-14
3.156919170521632623e-13
2.257638520575255825e-13
1.230682222796986025e-13
1.665334536937734811e-13
2.065014825802791165e-13
2.767230888878202677e-13
4.107270079600766621e-13
1.387223669269133097e-13
9.596212713347540557e-13
1.357247647604253871e-13
8.082423619271139614e-14
3.401723347451479640e-13
7.832623438730479393e-14
5.395683899678260786e-14
6.239453398393379757e-14
1.055266984906211292e-13
1.134647931166909984e-13
8.232303727595535747e-14
1.684763439868675050e-13
8.365530490550554532e-14
5.578315587229099037e-13
2.586819647376614739e-13
4.496403249731883989e-15
6.483702463810914196e-13
2.065569937315103743e-13
1.991184994665218255e-13
3.369526879737350100e-14
2.173816682216056506e-13
6.100675520315235190e-14
1.618150058391165658e-13
2.183253577925370337e-13
2.198241588757809950e-14
1.523781101298027352e-13
3.730904474252838554e-13
2.942091015256664832e-15
5.096478794541781099e-13
3.779199175824032864e-13
-9.992007221626408864e-16
1.275091143781992287e-13
9.925393840148899471e-14
5.334621633323877177e-14
2.753353101070388220e-14
5.123679258645097434e-14
2.153277556260491110e-13
7.349676423018536298e-14
2.449151992323095328e-13
5.773159728050814010e-14
4.551914400963141816e-14
4.723998969780041080e-14
1.157407503171725693e-13
2.968736367847668589e-13
9.331424521974440722e-14
2.918221220227223967e-13
1.719180353632054903e-13
1.648681191568357463e-14
4.959921362512886844e-13
1.081912337497215049e-13
7.088774012231624511e-14
1.232347557333923760e-13
-3.774758283725532237e-14
1.811328864675942896e-13
7.371880883511039428e-14
-4.884981308350688778e-15
9.614531393253855640e-14
1.509903313490212895e-13
2.104982854689296801e-13
1.265654248072678456e-13
1.804667526528191956e-13
4.124478536482456548e-14
1.490474410559272656e-13
2.950972799453666084e-13
1.660338533326921606e-13
6.550315845288423588e-14
7.388534228880416777e-14
-3.774758283725532237e-15
1.043609643147647148e-13
1.865174681370262988e-14
4.585221091701896512e-13
1.931732551696541123e-12
-1.743050148661495768e-14
2.849387392700464261e-13
5.107025913275720086e-14
1.056377207930836448e-13
1.705857677336553024e-13
2.102207297127733909e-13
1.557087792036782048e-13
5.817013537523507694e-13
3.295141937087464612e-13
2.338684801372892252e-13
2.770006446439765568e-14
2.060018822191977961e-13
2.109423746787797427e-13
3.769207168602406455e-14
1.467159727042144368e-13
4.080624727009762864e-13
1.627586954100479488e-13
2.655653474903374445e-13
1.094124790768091771e-13
2.007283228522283025e-13
5.578870698741411616e-14
1.533773108519653761e-13
2.500222251455852529e-13
3.210764987215952715e-13
9.409140133698201680e-14
3.108069357438125735e-13
1.236233337920111808e-13
1.943445404606336524e-13
1.594835374874037370e-13
4.232170169871096732e-13
5.042077866335148428e-13
8.015810237793630222e-14
6.111777750561486755e-14
2.027822354477848421e-13
4.440336986988313583e-13
3.924638392049928370e-14
3.036459972349803138e-14
1.453837050746642490e-13
2.593480985524365678e-13
1.774691504863312730e-13
9.581224702515100944e-13
3.617106614228760009e-13
1.500466417780899064e-13
9.653389199115736119e-14
1.732503029927556781e-13
8.615330671091214754e-14
6.771805338701142318e-13
6.189493362285247713e-14
4.063416270128072938e-14
9.453549054683207942e-14
2.710609514622319693e-13
2.488564909697288385e-13
3.776978729774782551e-13
4.568567746332519164e-14
8.060219158778636483e-14
1.376121439022881532e-13
2.869926518656029657e-14
-1.454392162258955068e-14
1.439404151426515455e-13
