7.156371593475341797e+02
7.179494194984436035e+02
5.132541568279266357e+02
5.543119995594024658e+02
5.846609153747558594e+02
7.857913784980773926e+02
7.764367091655731201e+02
6.837839226722717285e+02
6.244253895282745361e+02
6.478428997993469238e+02
6.577298016548156738e+02
6.398892149925231934e+02
5.673886954784393311e+02
5.791326425075531006e+02
6.400989837646484375e+02
6.117985737323760986e+02
5.362613618373870850e+02
4.600521366596221924e+02
7.128775827884674072e+02
6.498289480209350586e+02
1.082059657812118530e+03
6.056961917877197266e+02
7.353571534156799316e+02
5.461397292613983154e+02
6.158016822338104248e+02
6.478033349514007568e+02
5.079501731395721436e+02
6.020468831062316895e+02
5.961574082374572754e+02
6.226697471141815186e+02
5.462853136062622070e+02
5.401808412075042725e+02
6.226061427593231201e+02
6.394317197799682617e+02
6.206128702163696289e+02
4.788599352836608887e+02
7.385647587776184082e+02
6.102075355052947998e+02
5.944270358085632324e+02
5.120797715187072754e+02
6.196888096332550049e+02
7.311833691596984863e+02
6.611114649772644043e+02
7.283012065887451172e+02
5.799640467166900635e+02
5.025195021629333496e+02
9.095594129562377930e+02
6.676558606624603271e+02
7.139350106716156006e+02
7.873897850513458252e+02
6.473979079723358154e+02
4.252294988632202148e+02
6.379712135791778564e+02
7.439941384792327881e+02
5.934992921352386475e+02
5.184870693683624268e+02
7.629714605808258057e+02
6.010654268264770508e+02
5.207865638732910156e+02
6.223784503936767578e+02
8.198020780086517334e+02
7.184855048656463623e+02
7.782836885452270508e+02
5.716013863086700439e+02
8.082831363677978516e+02
5.441386029720306396e+02
5.000963854789733887e+02
5.760849521160125732e+02
7.121917157173156738e+02
6.346820440292358398e+02
5.035455029010772705e+02
5.869632415771484375e+02
9.520708184242248535e+02
4.783028783798217773e+02
8.033503630161285400e+02
4.870955908298492432e+02
6.228778626918792725e+02
8.288542490005493164e+02
7.329896290302276611e+02
9.723775620460510254e+02
6.578595390319824219e+02
5.153099651336669922e+02
1.104396800994873047e+03
5.018496503829956055e+02
1.098342081069946289e+03
1.018617940902709961e+03
8.366384320259094238e+02
7.441064743995666504e+02
7.514930541515350342e+02
6.773642973899841309e+02
5.693478007316589355e+02
8.621930401325225830e+02
7.119022662639617920e+02
1.104460891962051392e+03
5.854782555103302002e+02
8.296708278656005859e+02
4.980558574199676514e+02
5.067266156673431396e+02
6.819789810180664062e+02
5.459366140365600586e+02
5.340246315002441406e+02
6.217374758720397949e+02
6.591944117546081543e+02
6.609273414611816406e+02
7.133084483146667480e+02
6.977453274726867676e+02
7.265756802558898926e+02
6.121614398956298828e+02
6.810137631893157959e+02
7.957138712406158447e+02
9.429239809513092041e+02
8.056854765415191650e+02
6.579354405403137207e+02
5.607736020088195801e+02
1.009411344528198242e+03
4.708695516586303711e+02
6.076387815475463867e+02
8.476143593788146973e+02
4.624674670696258545e+02
4.892674839496612549e+02
6.315724844932556152e+02
4.570651712417602539e+02
1.337872556924819946e+03
6.434627079963684082e+02
6.935641188621520996e+02
7.772831351757049561e+02
8.374734640121459961e+02
5.969024901390075684e+02
6.193076057434082031e+02
7.322299501895904541e+02
6.654971830844879150e+02
6.284266276359558105e+02
7.458986666202545166e+02
6.466669328212738037e+02
5.354306905269622803e+02
7.591503717899322510e+02
9.383814091682434082e+02
5.175247070789337158e+02
1.004049973487854004e+03
8.499811949729919434e+02
6.940624904632568359e+02
6.664556682109832764e+02
7.702947375774383545e+02
5.397104108333587646e+02
6.311420607566833496e+02
6.359778320789337158e+02
4.646490447521209717e+02
5.927365198135375977e+02
5.084637548923492432e+02
8.702893590927124023e+02
5.832999651432037354e+02
6.632142698764801025e+02
5.329705779552459717e+02
1.098337040901184082e+03
5.137955493927001953e+02
5.264744865894317627e+02
8.688428080081939697e+02
7.151149291992187500e+02
6.256758997440338135e+02
7.012375929355621338e+02
4.542182886600494385e+02
4.963648087978363037e+02
7.631533100605010986e+02
7.136021947860717773e+02
8.593708925247192383e+02
5.288193216323852539e+02
7.133536896705627441e+02
4.933128509521484375e+02
5.883372025489807129e+02
6.586354975700378418e+02
6.937993676662445068e+02
6.688391079902648926e+02
5.220833752155303955e+02
9.769003357887268066e+02
4.859600350856781006e+02
5.188395755290985107e+02
1.155541882991790771e+03
5.573103652000427246e+02
7.605478703975677490e+02
5.825403895378112793e+02
6.896979129314422607e+02
7.664659214019775391e+02
7.474184975624084473e+02
6.712611589431762695e+02
5.492221429347991943e+02
7.636914372444152832e+02
4.795322175025939941e+02
7.870106754302978516e+02
6.818819320201873779e+02
6.269977927207946777e+02
5.652907452583312988e+02
6.064606907367706299e+02
6.128104972839355469e+02
7.117874732017517090e+02
7.348773796558380127e+02
5.390785493850708008e+02
6.504498066902160645e+02
6.918576238155364990e+02
8.938124997615814209e+02
9.950836727619171143e+02
1.092597996473312378e+03
7.169599308967590332e+02
9.200667629241943359e+02
6.274076175689697266e+02
8.792302603721618652e+02
6.742653253078460693e+02
5.320968902111053467e+02
7.406831803321838379e+02
7.683767042160034180e+02
5.167676205635070801e+02
5.326867694854736328e+02
5.137689845561981201e+02
6.860048332214355469e+02
8.814458639621734619e+02
6.960824806690216064e+02
6.549747989177703857e+02
8.819305489063262939e+02
8.365618147850036621e+02
7.264471704959869385e+02
7.212578823566436768e+02
9.318738515377044678e+02
5.690491423606872559e+02
8.733535866737365723e+02
6.456848847866058350e+02
7.207652909755706787e+02
7.613539707660675049e+02
6.427340795993804932e+02
5.041783065795898438e+02
5.397556009292602539e+02
5.016739041805267334e+02
5.964913489818572998e+02
7.249306554794311523e+02
5.896589136123657227e+02
6.235425915718078613e+02
6.604154505729675293e+02
5.501117355823516846e+02
7.343929133415222168e+02
8.550893492698669434e+02
8.037749114036560059e+02
6.564706163406372070e+02
6.733096098899841309e+02
4.879606256484985352e+02
7.803039548397064209e+02
7.851507773399353027e+02
5.634028668403625488e+02
5.812690477371215820e+02
7.045596351623535156e+02
5.985765674114227295e+02
6.680680975914001465e+02
6.044594421386718750e+02
8.203279998302459717e+02
7.686853711605072021e+02
9.201185724735260010e+02
6.106092810630798340e+02
9.068154180049896240e+02
6.264682545661926270e+02
7.619015388488769531e+02
5.093421111106872559e+02
6.591351947784423828e+02
7.474206180572509766e+02
8.002044358253479004e+02
4.555941035747528076e+02
4.966694209575653076e+02
5.521122214794158936e+02
7.233157069683074951e+02
5.842207143306732178e+02
8.179542033672332764e+02
5.823261997699737549e+02
5.604029998779296875e+02
5.007269153594970703e+02
6.147754263877868652e+02
1.057251281499862671e+03
5.276500899791717529e+02
4.472610542774200439e+02
6.920052666664123535e+02
5.130095982551574707e+02
7.171732320785522461e+02
6.671146245002746582e+02
6.453241302967071533e+02
9.635388128757476807e+02
6.609873878955841064e+02
6.043028647899627686e+02
8.331584610939025879e+02
5.989507498741149902e+02
5.849308717250823975e+02
7.107383418083190918e+02
9.435692839622497559e+02
5.982880704402923584e+02
8.537868669033050537e+02
6.097911376953125000e+02
4.790062012672424316e+02
6.523819642066955566e+02
1.126002966880798340e+03
5.622459170818328857e+02
8.213217208385467529e+02
5.543580462932586670e+02
5.960811545848846436e+02
4.223754470348358154e+02
5.973993170261383057e+02
7.222278118133544922e+02
1.047519372463226318e+03
6.071648473739624023e+02
5.281277325153350830e+02
9.072942101955413818e+02
6.526522896289825439e+02
5.371966445446014404e+02
5.376904323101043701e+02
8.938705015182495117e+02
6.096234638690948486e+02
1.422680217504501343e+03
7.257131989002227783e+02
5.205184636116027832e+02
5.353179442882537842e+02
8.048634874820709229e+02
6.377588801383972168e+02
6.267963030338287354e+02
5.810454938411712646e+02
5.938087067604064941e+02
8.696090321540832520e+02
5.787612705230712891e+02
8.040604429244995117e+02
6.804136164188385010e+02
8.400895321369171143e+02
5.334695637226104736e+02
5.403859333992004395e+02
5.104462735652923584e+02
6.140782196521759033e+02
6.400480966567993164e+02
6.990362877845764160e+02
8.925461943149566650e+02
7.254691212177276611e+02
8.566750135421752930e+02
5.725255613327026367e+02
8.034557774066925049e+02
7.818066709041595459e+02
8.804301197528839111e+02
5.876209878921508789e+02
5.737046725749969482e+02
7.551244666576385498e+02
6.175848128795623779e+02
6.359457643032073975e+02
7.991112411022186279e+02
7.443621058464050293e+02
7.695512900352478027e+02
5.915567033290863037e+02
9.101248438358306885e+02
5.670120773315429688e+02
6.326241908073425293e+02
8.044258339405059814e+02
5.104658696651458740e+02
4.451742980480194092e+02
4.873243973255157471e+02
6.312447478771209717e+02
7.094924602508544922e+02
6.392148230075836182e+02
1.022535063266754150e+03
5.803439383506774902e+02
5.733736965656280518e+02
6.640751333236694336e+02
5.337555046081542969e+02
6.373974273204803467e+02
6.478543674945831299e+02
9.403886222839355469e+02
6.445617554187774658e+02
5.672332301139831543e+02
7.590653507709503174e+02
5.430143263339996338e+02
5.619305639266967773e+02
9.300179495811462402e+02
6.059300875663757324e+02
6.776143915653228760e+02
5.937920463085174561e+02
8.761322717666625977e+02
6.854117491245269775e+02
5.713660655021667480e+02
5.981100828647613525e+02
4.675691235065460205e+02
6.128862178325653076e+02
6.348141865730285645e+02
5.795001833438873291e+02
6.011905305385589600e+02
6.317975816726684570e+02
6.975065052509307861e+02
5.606468484401702881e+02
5.492091450691223145e+02
5.097501473426818848e+02
7.517105174064636230e+02
5.157283873558044434e+02
6.145453424453735352e+02
6.221774692535400391e+02
5.893694841861724854e+02
4.933858673572540283e+02
6.384642913341522217e+02
4.711471843719482422e+02
8.766820034980773926e+02
6.030247986316680908e+02
5.969763293266296387e+02
6.131017367839813232e+02
5.890811314582824707e+02
4.765808744430541992e+02
6.608577096462249756e+02
8.322360360622406006e+02
5.812202749252319336e+02
6.629978313446044922e+02
6.255326926708221436e+02
5.691048820018768311e+02
5.576971752643585205e+02
5.162442455291748047e+02
5.176679954528808594e+02
4.969693753719329834e+02
5.039217066764831543e+02
6.882473831176757812e+02
6.113629622459411621e+02
1.014876908302307129e+03
7.227699966430664062e+02
5.749511198997497559e+02
9.146972784996032715e+02
1.259396442413330078e+03
4.357299859523773193e+02
7.121715612411499023e+02
4.899581263065338135e+02
5.762102105617523193e+02
7.424132509231567383e+02
5.495339968204498291e+02
6.157714474201202393e+02
5.968075399398803711e+02
5.503849556446075439e+02
5.884555356502532959e+02
7.954930186271667480e+02
4.969442920684814453e+02
6.141009600162506104e+02
8.387575857639312744e+02
5.120144386291503906e+02
5.800846936702728271e+02
8.509871387481689453e+02
6.037462038993835449e+02
5.436839735507965088e+02
9.335185308456420898e+02
7.577024838924407959e+02
5.662279269695281982e+02
5.790610630512237549e+02
4.698839886188507080e+02
7.787929904460906982e+02
9.483559322357177734e+02
6.758025488853454590e+02
9.942123064994812012e+02
9.302578835487365723e+02
6.223542234897613525e+02
4.435992774963378906e+02
5.348379759788513184e+02
5.694757058620452881e+02
1.184763367176055908e+03
7.867228093147277832e+02
7.337627780437469482e+02
1.338637541532516479e+03
4.913174779415130615e+02
5.579944012165069580e+02
6.034909989833831787e+02
1.377252218961715698e+03
5.581044945716857910e+02
5.516765449047088623e+02
5.295103523731231689e+02
6.581261186599731445e+02
8.922972602844238281e+02
5.865295233726501465e+02
9.215931022167205811e+02
6.897623765468597412e+02
6.588829798698425293e+02
5.350998349189758301e+02
8.065972285270690918e+02
9.748046779632568359e+02
4.965973501205444336e+02
5.266093080043792725e+02
7.375714051723480225e+02
5.927103888988494873e+02
5.323222012519836426e+02
6.753917210102081299e+02
8.483505446910858154e+02
9.260685327053070068e+02
7.108227999210357666e+02
4.654529709815979004e+02
7.770470995903015137e+02
6.951812052726745605e+02
6.607669069766998291e+02
5.692398905754089355e+02
9.741969399452209473e+02
4.970965814590454102e+02
6.355055153369903564e+02
4.598472757339477539e+02
8.643031113147735596e+02
4.894400258064270020e+02
5.076517012119293213e+02
4.847703170776367188e+02
5.616041939258575439e+02
5.612413444519042969e+02
9.927092676162719727e+02
6.330100519657135010e+02
6.822472646236419678e+02
7.349263877868652344e+02
6.952501184940338135e+02
4.852337415218353271e+02
7.216138238906860352e+02
9.920534486770629883e+02
7.865060982704162598e+02
6.758912503719329834e+02
7.327406303882598877e+02
6.486047916412353516e+02
5.751649050712585449e+02
5.802998545169830322e+02
6.129134728908538818e+02
6.117186369895935059e+02
5.167245080471038818e+02
6.214378807544708252e+02
5.789978263378143311e+02
5.728884184360504150e+02
7.671703431606292725e+02
9.201973381042480469e+02
8.461285386085510254e+02
6.945520191192626953e+02
8.945354328155517578e+02
5.770241255760192871e+02
6.133934369087219238e+02
6.851655850410461426e+02
7.394481706619262695e+02
5.994312980175018311e+02
5.837949352264404297e+02
5.351398415565490723e+02
6.681101431846618652e+02
5.619711275100708008e+02
8.844055883884429932e+02
5.907207803726196289e+02
5.334965448379516602e+02
6.192028453350067139e+02
6.161149923801422119e+02
5.814104025363922119e+02
7.565120546817779541e+02
8.314185547828674316e+02
4.900035760402679443e+02
1.026109903097152710e+03
7.899699685573577881e+02
7.029444847106933594e+02
9.037971298694610596e+02
6.307214629650115967e+02
6.340033018589019775e+02
6.685854940414428711e+02
5.457448327541351318e+02
6.087759244441986084e+02
6.658356983661651611e+02
5.755157873630523682e+02
4.777001087665557861e+02
6.706798331737518311e+02
7.937791352272033691e+02
8.334281275272369385e+02
7.387255699634552002e+02
4.891895098686218262e+02
4.650320084095001221e+02
8.982511856555938721e+02
5.139749624729156494e+02
5.890421042442321777e+02
4.714464871883392334e+02
6.133263635635375977e+02
4.967931237220764160e+02
5.839113416671752930e+02
8.245443575382232666e+02
4.995091328620910645e+02
5.354304456710815430e+02
8.200746803283691406e+02
6.141661098003387451e+02
7.322457041740417480e+02
7.031491541862487793e+02
5.529377899169921875e+02
5.507553367614746094e+02
7.809182918071746826e+02
6.644476318359375000e+02
6.909914608001708984e+02
5.251392705440521240e+02
4.661575930118560791e+02
6.222619566917419434e+02
6.464484386444091797e+02
6.752362525463104248e+02
5.025253605842590332e+02
8.593000311851501465e+02
4.636513123512268066e+02
6.901088390350341797e+02
6.098613317012786865e+02
6.135621998310089111e+02
5.438473279476165771e+02
5.144459860324859619e+02
5.926305656433105469e+02
6.967377800941467285e+02
8.204267904758453369e+02
6.402800426483154297e+02
8.167660117149353027e+02
5.588836209774017334e+02
5.793420071601867676e+02
8.952589418888092041e+02
6.420272290706634521e+02
5.130826580524444580e+02
9.046754257678985596e+02
6.202464754581451416e+02
8.851698698997497559e+02
4.202790718078613281e+02
5.825195004940032959e+02
6.237914578914642334e+02
6.005269267559051514e+02
6.229724359512329102e+02
6.144244639873504639e+02
5.522764358520507812e+02
9.021892187595367432e+02
7.656504719257354736e+02
1.037700130224227905e+03
7.347927150726318359e+02
4.503749637603759766e+02
5.081146686077117920e+02
6.290238051414489746e+02
7.655497822761535645e+02
5.114469943046569824e+02
6.391395950317382812e+02
5.578757212162017822e+02
7.114819974899291992e+02
6.622500505447387695e+02
8.526654639244079590e+02
5.717305035591125488e+02
7.307572505474090576e+02
5.391424214839935303e+02
5.832975246906280518e+02
7.195997047424316406e+02
5.336323046684265137e+02
1.257344200372695923e+03
5.223824090957641602e+02
7.066463646888732910e+02
6.267317037582397461e+02
1.135660237789154053e+03
6.411991422176361084e+02
5.092938191890716553e+02
6.317690725326538086e+02
4.970362188816070557e+02
6.715088191032409668e+02
8.278208072185516357e+02
5.197033760547637939e+02
5.738184256553649902e+02
4.897775657176971436e+02
5.989311945438385010e+02
5.165766656398773193e+02
6.526564614772796631e+02
5.851954708099365234e+02
5.581337139606475830e+02
1.169488196134567261e+03
5.045673110485076904e+02
1.100617974281311035e+03
6.528416476249694824e+02
7.004553277492523193e+02
5.740812981128692627e+02
6.857292773723602295e+02
5.948054816722869873e+02
6.121538455486297607e+02
6.851716163158416748e+02
5.696813471317291260e+02
6.112293701171875000e+02
9.351096377372741699e+02
5.727535719871520996e+02
4.748101575374603271e+02
7.046789395809173584e+02
7.498236696720123291e+02
6.540448474884033203e+02
8.125838680267333984e+02
9.952724747657775879e+02
6.140043675899505615e+02
8.268019764423370361e+02
5.372311825752258301e+02
5.973248679637908936e+02
7.808566737174987793e+02
7.317684755325317383e+02
4.593194985389709473e+02
1.057113968610763550e+03
7.043198468685150146e+02
5.735489749908447266e+02
8.916192805767059326e+02
9.017669601440429688e+02
6.979984164237976074e+02
8.307598965167999268e+02
4.923748226165771484e+02
6.845449531078338623e+02
5.183975646495819092e+02
6.527416288852691650e+02
6.497321996688842773e+02
6.125000224113464355e+02
7.433459696769714355e+02
6.321901350021362305e+02
5.537931845188140869e+02
9.764526720046997070e+02
5.369682245254516602e+02
5.266581976413726807e+02
5.652090353965759277e+02
8.808617708683013916e+02
5.847629673480987549e+02
7.597393157482147217e+02
5.881739037036895752e+02
6.187091023921966553e+02
5.424058606624603271e+02
5.400959892272949219e+02
1.196320767164230347e+03
5.850145604610443115e+02
6.242573900222778320e+02
7.756492819786071777e+02
9.481961705684661865e+02
7.067503488063812256e+02
6.327075531482696533e+02
1.110575049638748169e+03
5.254966304302215576e+02
6.936598212718963623e+02
4.644733178615570068e+02
6.896859624385833740e+02
6.079005470275878906e+02
5.607724924087524414e+02
7.365681071281433105e+02
5.898335478305816650e+02
6.676189634799957275e+02
8.650296261310577393e+02
9.018071129322052002e+02
6.414897546768188477e+02
6.589105663299560547e+02
7.934407916069030762e+02
5.482014970779418945e+02
7.440947847366333008e+02
5.915642378330230713e+02
6.670215480327606201e+02
6.489697804450988770e+02
8.814929575920104980e+02
7.191557340621948242e+02
5.650312836170196533e+02
6.240354735851287842e+02
5.887267625331878662e+02
5.006005616188049316e+02
5.782476220130920410e+02
5.995219118595123291e+02
5.681907124519348145e+02
5.703271684646606445e+02
8.404565067291259766e+02
5.638777344226837158e+02
5.636791253089904785e+02
5.210505254268646240e+02
7.266681189537048340e+02
6.141674036979675293e+02
6.336641316413879395e+02
8.395646145343780518e+02
4.972420661449432373e+02
6.196375117301940918e+02
8.133104360103607178e+02
6.425765302181243896e+02
8.083273367881774902e+02
7.460939509868621826e+02
5.236391816139221191e+02
4.343564753532409668e+02
6.867015976905822754e+02
6.682285785675048828e+02
6.061836550235748291e+02
1.367931948900222778e+03
6.117740671634674072e+02
8.970256254673004150e+02
5.968061273097991943e+02
6.174984927177429199e+02
6.676725828647613525e+02
6.058810803890228271e+02
7.813045775890350342e+02
5.252187461853027344e+02
5.814602551460266113e+02
8.602417891025543213e+02
6.036534750461578369e+02
6.255183272361755371e+02
5.562860515117645264e+02
8.787645673751831055e+02
6.819222769737243652e+02
7.219409227371215820e+02
7.319606335163116455e+02
6.478665447235107422e+02
6.556721670627593994e+02
6.535343282222747803e+02
6.084702386856079102e+02
5.632330994606018066e+02
6.382269732952117920e+02
5.842983520030975342e+02
6.090670385360717773e+02
7.991791882514953613e+02
7.557412128448486328e+02
8.651526813507080078e+02
5.592739682197570801e+02
6.270650415420532227e+02
6.194788699150085449e+02
4.989372823238372803e+02
6.141501736640930176e+02
5.973560514450073242e+02
9.024579312801361084e+02
6.259236690998077393e+02
6.661004445552825928e+02
6.322487239837646484e+02
8.024428064823150635e+02
1.008627295732498169e+03
6.435019321441650391e+02
6.061263797283172607e+02
7.031736836433410645e+02
6.388839297294616699e+02
4.680576498508453369e+02
1.119374819993972778e+03
6.515663747787475586e+02
5.349219586849212646e+02
5.926445586681365967e+02
5.626358413696289062e+02
4.697177705764770508e+02
6.195377032756805420e+02
5.913439795970916748e+02
5.959570796489715576e+02
4.931360790729522705e+02
5.377386333942413330e+02
7.689910337924957275e+02
7.598547759056091309e+02
6.954065294265747070e+02
1.223701959371566772e+03
8.493273150920867920e+02
7.693500750064849854e+02
6.030150039196014404e+02
4.869163742065429688e+02
9.532092568874359131e+02
6.659098193645477295e+02
6.802480502128601074e+02
6.514959249496459961e+02
5.418727288246154785e+02
6.375052802562713623e+02
7.379373273849487305e+02
5.938183567523956299e+02
6.030919907093048096e+02
6.138908522129058838e+02
6.612627353668212891e+02
5.785341303348541260e+02
6.333896279335021973e+02
6.763428752422332764e+02
6.320942816734313965e+02
5.502831571102142334e+02
1.062438854217529297e+03
6.126668515205383301e+02
6.401142973899841309e+02
8.897939302921295166e+02
5.771235702037811279e+02
5.357447063922882080e+02
4.453881340026855469e+02
8.410584743022918701e+02
1.065916326522827148e+03
5.974247939586639404e+02
9.260413143634796143e+02
7.045295650959014893e+02
6.520017263889312744e+02
6.738951542377471924e+02
7.467420089244842529e+02
8.775137856006622314e+02
7.706822566986083984e+02
8.777310621738433838e+02
5.462828884124755859e+02
7.386432082653045654e+02
5.352506699562072754e+02
7.307553799152374268e+02
8.819767639636993408e+02
7.758045170307159424e+02
5.409458515644073486e+02
5.586841886043548584e+02
6.138221945762634277e+02
5.104267036914825439e+02
7.252474803924560547e+02
8.262311699390411377e+02
6.564237027168273926e+02
5.486962666511535645e+02
9.291285943984985352e+02
9.444811949729919434e+02
7.566542105674743652e+02
8.903932111263275146e+02
5.766794211864471436e+02
6.422888460159301758e+02
6.223223068714141846e+02
6.384586968421936035e+02
5.052695422172546387e+02
4.116022071838378906e+02
7.887816786766052246e+02
6.788524169921875000e+02
5.562679717540740967e+02
5.604172818660736084e+02
9.442779183387756348e+02
8.211466345787048340e+02
8.184725899696350098e+02
6.484881556034088135e+02
6.936251013278961182e+02
6.422715988159179688e+02
6.175871970653533936e+02
5.764539809226989746e+02
7.054367091655731201e+02
7.816927537918090820e+02
5.971702775955200195e+02
1.322289907217025757e+03
6.482247488498687744e+02
9.323037152290344238e+02
7.030026137828826904e+02
5.652964851856231689e+02
6.285819189548492432e+02
7.341490211486816406e+02
6.146295421123504639e+02
7.310982425212860107e+02
1.299093019008636475e+03
9.006075696945190430e+02
7.765614042282104492e+02
6.670193662643432617e+02
6.472822046279907227e+02
6.338423502445220947e+02
5.968037874698638916e+02
7.129082603454589844e+02
8.502433099746704102e+02
5.892060737609863281e+02
7.574761388301849365e+02
6.217867996692657471e+02
7.573533496856689453e+02
6.533383741378784180e+02
6.541364655494689941e+02
5.631132240295410156e+02
1.149039125204086304e+03
4.901543366909027100e+02
8.755787336826324463e+02
6.240937702655792236e+02
7.479023354053497314e+02
7.677581522464752197e+02
6.454171433448791504e+02
7.274660775661468506e+02
5.490540404319763184e+02
5.862955005168914795e+02
5.976445252895355225e+02
8.188141932487487793e+02
9.048483948707580566e+02
5.979873373508453369e+02
7.951894972324371338e+02
7.004304797649383545e+02
5.402522521018981934e+02
9.710211830139160156e+02
5.917450878620147705e+02
7.641089496612548828e+02
1.648215886116027832e+03
7.253594396114349365e+02
5.518394262790679932e+02
8.172144091129302979e+02
8.716327276229858398e+02
8.084847073554992676e+02
7.576529202461242676e+02
8.237216219902038574e+02
1.396385934352874756e+03
9.854162914752960205e+02
7.250274770259857178e+02
1.073796252727508545e+03
7.607672007083892822e+02
7.282353057861328125e+02
6.086807672977447510e+02
7.194099149703979492e+02
1.018304718971252441e+03
8.865297210216522217e+02
7.241695346832275391e+02
6.258844571113586426e+02
6.755183629989624023e+02
6.190569043159484863e+02
8.437965588569641113e+02
1.018358479261398315e+03
8.433836073875427246e+02
6.576353385448455811e+02
6.149047544002532959e+02
7.931036427021026611e+02
6.118604369163513184e+02
5.588026483058929443e+02
1.051064368963241577e+03
1.283873291969299316e+03
5.696603274345397949e+02
6.908021936416625977e+02
5.696854307651519775e+02
1.128476581335067749e+03
7.033956904411315918e+02
6.932173092365264893e+02
6.429069166183471680e+02
5.166416633129119873e+02
5.074076557159423828e+02
1.296932946443557739e+03
5.913582842350006104e+02
6.963806493282318115e+02
6.684963831901550293e+02
9.744549000263214111e+02
5.281567506790161133e+02
1.774861093521118164e+03
6.309153113365173340e+02
6.688179986476898193e+02
7.923938074111938477e+02
5.953039450645446777e+02
6.354521784782409668e+02
7.047920744419097900e+02
6.268889527320861816e+02
6.137715582847595215e+02
6.075055217742919922e+02
5.875288486480712891e+02
7.091031050682067871e+02
7.613186848163604736e+02
