8.820327043533325195e+00
8.665756702423095703e+00
8.904345750808715820e+00
8.960608243942260742e+00
8.976566553115844727e+00
8.867271184921264648e+00
8.845915555953979492e+00
8.829617977142333984e+00
8.937807083129882812e+00
8.885445117950439453e+00
8.780925273895263672e+00
8.880036354064941406e+00
8.944480895996093750e+00
8.973680973052978516e+00
8.753923654556274414e+00
8.914023160934448242e+00
8.747719764709472656e+00
8.682049274444580078e+00
8.903212070465087891e+00
9.050622940063476562e+00
8.894508838653564453e+00
8.940816402435302734e+00
9.116732835769653320e+00
8.950883388519287109e+00
8.813186645507812500e+00
9.110109567642211914e+00
8.945543766021728516e+00
9.059879064559936523e+00
9.020637512207031250e+00
8.947757482528686523e+00
8.863078117370605469e+00
9.097579002380371094e+00
9.043410539627075195e+00
8.842790126800537109e+00
9.207046985626220703e+00
8.955240488052368164e+00
9.040303945541381836e+00
8.912155628204345703e+00
9.029297590255737305e+00
8.986886501312255859e+00
8.752403974533081055e+00
9.097251176834106445e+00
9.077292203903198242e+00
9.007045984268188477e+00
8.981036901473999023e+00
9.062951087951660156e+00
8.933604955673217773e+00
8.855168581008911133e+00
8.833017110824584961e+00
9.149332046508789062e+00
9.082608222961425781e+00
9.101387023925781250e+00
9.199134111404418945e+00
9.140173435211181641e+00
9.139489412307739258e+00
9.039184331893920898e+00
9.079542398452758789e+00
9.080710411071777344e+00
9.065798997879028320e+00
9.197629451751708984e+00
9.250250577926635742e+00
8.975302934646606445e+00
9.131603002548217773e+00
8.933295488357543945e+00
9.234086990356445312e+00
9.249767065048217773e+00
9.052430152893066406e+00
9.178577423095703125e+00
9.024174690246582031e+00
9.073436021804809570e+00
8.784289121627807617e+00
8.976472139358520508e+00
9.116242170333862305e+00
8.903380632400512695e+00
9.043409824371337891e+00
8.987156152725219727e+00
9.148120641708374023e+00
8.862443447113037109e+00
8.935508966445922852e+00
9.215784549713134766e+00
8.955715179443359375e+00
9.047409772872924805e+00
8.763258218765258789e+00
9.282715559005737305e+00
9.002327203750610352e+00
9.083436250686645508e+00
9.092584371566772461e+00
9.168123245239257812e+00
8.922005653381347656e+00
9.198955774307250977e+00
9.081398963928222656e+00
8.899529218673706055e+00
9.082139015197753906e+00
9.090160608291625977e+00
9.209218502044677734e+00
9.153745412826538086e+00
9.135091304779052734e+00
8.880975961685180664e+00
8.955132961273193359e+00
9.023765802383422852e+00
9.140279531478881836e+00
9.153477191925048828e+00
9.093832492828369141e+00
9.286791801452636719e+00
9.070955753326416016e+00
9.103530406951904297e+00
8.824998140335083008e+00
9.089704036712646484e+00
8.824736833572387695e+00
9.135860919952392578e+00
9.272788286209106445e+00
9.040748834609985352e+00
9.090888977050781250e+00
9.143113136291503906e+00
9.182779312133789062e+00
9.113926649093627930e+00
9.013450860977172852e+00
9.005323648452758789e+00
9.171211242675781250e+00
9.260414123535156250e+00
9.198395967483520508e+00
9.181747436523437500e+00
9.101946830749511719e+00
8.887510061264038086e+00
9.577202320098876953e+00
9.252656459808349609e+00
9.043388366699218750e+00
9.131381988525390625e+00
9.117652893066406250e+00
9.254131317138671875e+00
9.055134296417236328e+00
9.143970966339111328e+00
9.118238210678100586e+00
9.073356628417968750e+00
8.961394786834716797e+00
9.032630205154418945e+00
8.831995487213134766e+00
9.059069633483886719e+00
9.185618638992309570e+00
9.054542064666748047e+00
9.079361438751220703e+00
8.979824542999267578e+00
9.084606170654296875e+00
9.029512643814086914e+00
9.018060684204101562e+00
9.035567522048950195e+00
9.247287750244140625e+00
9.221335411071777344e+00
9.093845129013061523e+00
9.015992164611816406e+00
9.356471776962280273e+00
9.169081687927246094e+00
9.230923891067504883e+00
8.979492902755737305e+00
8.915034294128417969e+00
9.143413543701171875e+00
9.077024936676025391e+00
9.051393270492553711e+00
9.067720890045166016e+00
8.978173494338989258e+00
8.914741992950439453e+00
8.950423240661621094e+00
9.131370544433593750e+00
9.116756439208984375e+00
9.248802423477172852e+00
9.051558494567871094e+00
9.136222600936889648e+00
9.164700746536254883e+00
9.092340469360351562e+00
9.049613952636718750e+00
9.097282171249389648e+00
8.917804241180419922e+00
8.978129863739013672e+00
9.208950757980346680e+00
8.784082651138305664e+00
9.244876861572265625e+00
9.087942123413085938e+00
9.182385444641113281e+00
9.306999683380126953e+00
9.027395486831665039e+00
9.114306449890136719e+00
8.955808401107788086e+00
8.962527990341186523e+00
9.034869432449340820e+00
9.040622949600219727e+00
8.848821640014648438e+00
9.024272918701171875e+00
9.219643592834472656e+00
8.853184938430786133e+00
9.072332620620727539e+00
9.043445110321044922e+00
9.016510963439941406e+00
8.958372116088867188e+00
9.073860645294189453e+00
8.981320619583129883e+00
9.041068077087402344e+00
9.036919355392456055e+00
9.007217884063720703e+00
8.914986371994018555e+00
9.140491724014282227e+00
8.942097902297973633e+00
8.966761112213134766e+00
8.949418306350708008e+00
9.059826850891113281e+00
8.908323764801025391e+00
9.098017930984497070e+00
8.934487581253051758e+00
9.029644250869750977e+00
9.215523242950439453e+00
9.090855836868286133e+00
9.198005437850952148e+00
9.258066177368164062e+00
9.097744464874267578e+00
9.023566484451293945e+00
9.196378707885742188e+00
9.023138999938964844e+00
8.987118244171142578e+00
9.215325117111206055e+00
9.065256595611572266e+00
9.092282056808471680e+00
9.008167982101440430e+00
8.950160026550292969e+00
9.005219459533691406e+00
9.400091171264648438e+00
9.145571708679199219e+00
8.907352924346923828e+00
9.031671285629272461e+00
9.231378316879272461e+00
9.001660823822021484e+00
9.110357284545898438e+00
9.501827478408813477e+00
9.053463220596313477e+00
9.026828289031982422e+00
8.910025596618652344e+00
8.972301721572875977e+00
9.026151657104492188e+00
9.125251531600952148e+00
9.200204849243164062e+00
9.048102855682373047e+00
9.184564352035522461e+00
9.152645111083984375e+00
9.380069494247436523e+00
9.204120397567749023e+00
8.959163188934326172e+00
9.114158868789672852e+00
9.315908193588256836e+00
9.250506162643432617e+00
9.040732860565185547e+00
9.127146005630493164e+00
9.056586503982543945e+00
9.057315826416015625e+00
9.070615053176879883e+00
9.004578828811645508e+00
9.069459199905395508e+00
9.009722471237182617e+00
9.245127201080322266e+00
9.007405996322631836e+00
9.062685251235961914e+00
9.173171520233154297e+00
9.068598270416259766e+00
9.008378505706787109e+00
9.223024368286132812e+00
9.097834110260009766e+00
8.905021190643310547e+00
9.076429843902587891e+00
8.919503211975097656e+00
8.926706314086914062e+00
9.037119626998901367e+00
9.094294548034667969e+00
9.095110177993774414e+00
9.090578317642211914e+00
8.982406616210937500e+00
9.061912298202514648e+00
9.112381219863891602e+00
9.127719879150390625e+00
9.115397214889526367e+00
9.134669065475463867e+00
9.263632297515869141e+00
9.180109262466430664e+00
9.073930978775024414e+00
9.145540952682495117e+00
9.178641796112060547e+00
9.127165079116821289e+00
9.129086732864379883e+00
9.194109201431274414e+00
9.040134191513061523e+00
9.096660137176513672e+00
9.004802703857421875e+00
9.308709621429443359e+00
9.221551179885864258e+00
9.165263652801513672e+00
9.226702690124511719e+00
9.340471982955932617e+00
9.298310518264770508e+00
9.141985177993774414e+00
8.989573717117309570e+00
9.159550905227661133e+00
9.193375110626220703e+00
9.015067815780639648e+00
9.011655807495117188e+00
9.154349327087402344e+00
9.203530550003051758e+00
9.727703332901000977e+00
9.303007364273071289e+00
9.136445522308349609e+00
9.087121248245239258e+00
9.327076911926269531e+00
9.142080783843994141e+00
8.956761360168457031e+00
9.172676086425781250e+00
9.123618602752685547e+00
9.153229951858520508e+00
9.130083560943603516e+00
9.166990280151367188e+00
8.984106302261352539e+00
9.137592315673828125e+00
9.135384321212768555e+00
9.106455802917480469e+00
8.854973077774047852e+00
9.201898813247680664e+00
9.187655687332153320e+00
8.955684661865234375e+00
9.122279882431030273e+00
9.136612415313720703e+00
9.176707744598388672e+00
9.084080457687377930e+00
9.194706916809082031e+00
9.148906469345092773e+00
9.064041376113891602e+00
9.034281253814697266e+00
9.254873514175415039e+00
9.136510372161865234e+00
9.198186397552490234e+00
9.080851316452026367e+00
9.067434310913085938e+00
9.015045881271362305e+00
9.143445491790771484e+00
9.169449806213378906e+00
8.989830017089843750e+00
8.990212440490722656e+00
8.998274326324462891e+00
9.017640113830566406e+00
9.193842411041259766e+00
9.286474227905273438e+00
9.144312143325805664e+00
9.009725809097290039e+00
9.257749557495117188e+00
9.078605175018310547e+00
9.246008634567260742e+00
9.095184087753295898e+00
8.982489109039306641e+00
9.037591695785522461e+00
9.228436231613159180e+00
9.120157003402709961e+00
9.116656541824340820e+00
9.227192640304565430e+00
9.129597187042236328e+00
9.059732198715209961e+00
9.123346090316772461e+00
9.002617597579956055e+00
9.145482778549194336e+00
9.042197942733764648e+00
8.809046506881713867e+00
9.057624578475952148e+00
9.127674102783203125e+00
9.053607225418090820e+00
9.034228563308715820e+00
9.147447586059570312e+00
9.089432001113891602e+00
9.183351278305053711e+00
9.086729288101196289e+00
8.932855606079101562e+00
9.112140178680419922e+00
9.002970218658447266e+00
9.065153121948242188e+00
9.097074031829833984e+00
9.013525724411010742e+00
9.270697832107543945e+00
8.925543308258056641e+00
9.129347324371337891e+00
9.088507175445556641e+00
9.250867843627929688e+00
9.016564130783081055e+00
9.133044004440307617e+00
9.053387165069580078e+00
9.105237483978271484e+00
9.235414028167724609e+00
9.201614618301391602e+00
9.071898460388183594e+00
9.126117944717407227e+00
9.156118154525756836e+00
9.122325181961059570e+00
9.136246919631958008e+00
9.121039628982543945e+00
8.927848339080810547e+00
9.032571554183959961e+00
9.049180269241333008e+00
9.065469026565551758e+00
9.144506454467773438e+00
9.105289697647094727e+00
9.144977569580078125e+00
8.997958421707153320e+00
9.174878358840942383e+00
9.174762010574340820e+00
9.176776409149169922e+00
9.548710584640502930e+00
9.317056894302368164e+00
9.334878683090209961e+00
9.688966512680053711e+00
9.562640428543090820e+00
9.427998542785644531e+00
9.261436700820922852e+00
9.470431566238403320e+00
9.336397647857666016e+00
9.429767370223999023e+00
9.631556272506713867e+00
9.740153074264526367e+00
9.568075180053710938e+00
9.483437299728393555e+00
9.484257698059082031e+00
9.484251499176025391e+00
9.359135389328002930e+00
9.346533536911010742e+00
9.355217456817626953e+00
9.598253965377807617e+00
9.570369482040405273e+00
9.447619915008544922e+00
9.247052431106567383e+00
9.426469326019287109e+00
9.541476726531982422e+00
9.348295927047729492e+00
9.700727462768554688e+00
9.487251758575439453e+00
9.717375755310058594e+00
9.532855033874511719e+00
9.407035350799560547e+00
9.399294376373291016e+00
9.486623287200927734e+00
9.403607845306396484e+00
9.247111797332763672e+00
9.138448238372802734e+00
9.324464797973632812e+00
9.408943176269531250e+00
9.439418554306030273e+00
9.239315032958984375e+00
9.632647991180419922e+00
9.640545606613159180e+00
9.757068634033203125e+00
9.749841928482055664e+00
9.363935470581054688e+00
9.550602912902832031e+00
9.419266462326049805e+00
9.416373491287231445e+00
9.540010452270507812e+00
9.497678041458129883e+00
9.364166736602783203e+00
9.220846891403198242e+00
9.589879035949707031e+00
9.217074155807495117e+00
9.235209465026855469e+00
9.327857255935668945e+00
9.329803228378295898e+00
9.448199272155761719e+00
9.329875230789184570e+00
9.324489831924438477e+00
9.532088041305541992e+00
9.153403282165527344e+00
9.403768539428710938e+00
9.242388725280761719e+00
9.528237819671630859e+00
9.499889612197875977e+00
9.491355895996093750e+00
9.468294620513916016e+00
9.509031295776367188e+00
9.337848901748657227e+00
9.685117959976196289e+00
9.315190792083740234e+00
9.626223564147949219e+00
9.691013574600219727e+00
9.568788766860961914e+00
9.176316738128662109e+00
9.282052993774414062e+00
9.373208761215209961e+00
9.358918190002441406e+00
9.342491388320922852e+00
9.137274026870727539e+00
9.507648468017578125e+00
9.602940559387207031e+00
9.871962070465087891e+00
9.545499324798583984e+00
9.391093254089355469e+00
9.542982101440429688e+00
9.755947113037109375e+00
9.495272874832153320e+00
9.389368772506713867e+00
9.476987361907958984e+00
9.244026660919189453e+00
9.372854232788085938e+00
9.543926954269409180e+00
9.578763008117675781e+00
9.378477573394775391e+00
9.531478881835937500e+00
9.523481369018554688e+00
9.729917764663696289e+00
9.566535234451293945e+00
9.517623186111450195e+00
9.498443603515625000e+00
9.538354635238647461e+00
9.553038835525512695e+00
9.432281017303466797e+00
9.276694297790527344e+00
9.291516780853271484e+00
9.296326637268066406e+00
9.384086847305297852e+00
9.343966722488403320e+00
9.321539640426635742e+00
9.335174798965454102e+00
9.206275463104248047e+00
9.071299076080322266e+00
9.327093839645385742e+00
9.377419471740722656e+00
9.498707294464111328e+00
9.635655641555786133e+00
9.313786268234252930e+00
9.605456590652465820e+00
9.468314409255981445e+00
9.182447910308837891e+00
9.353305816650390625e+00
9.024559020996093750e+00
9.107078075408935547e+00
9.334369659423828125e+00
9.440153360366821289e+00
9.456915855407714844e+00
9.520461320877075195e+00
9.557528972625732422e+00
9.633679151535034180e+00
9.690268278121948242e+00
9.469226121902465820e+00
9.333075284957885742e+00
9.184783220291137695e+00
9.168309211730957031e+00
9.329063177108764648e+00
9.254000186920166016e+00
9.419775009155273438e+00
9.370650053024291992e+00
9.396657943725585938e+00
9.156460523605346680e+00
9.549440383911132812e+00
1.005987453460693359e+01
9.551734685897827148e+00
9.357460260391235352e+00
9.149479866027832031e+00
9.272847414016723633e+00
9.477080583572387695e+00
9.376215219497680664e+00
9.442689418792724609e+00
9.352204799652099609e+00
9.427739381790161133e+00
9.446877241134643555e+00
9.410713911056518555e+00
9.433798551559448242e+00
9.248450279235839844e+00
9.313800811767578125e+00
9.383165359497070312e+00
9.339858293533325195e+00
9.316000699996948242e+00
9.280262231826782227e+00
9.180925369262695312e+00
9.362405776977539062e+00
9.473878383636474609e+00
9.224951744079589844e+00
9.574773550033569336e+00
9.573905229568481445e+00
9.479913234710693359e+00
9.494323253631591797e+00
9.289982318878173828e+00
9.253447294235229492e+00
9.175258636474609375e+00
9.476429462432861328e+00
9.345900535583496094e+00
9.306824922561645508e+00
9.417335748672485352e+00
9.368731498718261719e+00
9.523216485977172852e+00
9.494530200958251953e+00
9.545117855072021484e+00
9.415139436721801758e+00
9.487214326858520508e+00
9.475133657455444336e+00
9.525497436523437500e+00
9.371925830841064453e+00
9.908021926879882812e+00
9.563654899597167969e+00
9.527111768722534180e+00
9.374840497970581055e+00
9.395384788513183594e+00
9.585752010345458984e+00
9.449689388275146484e+00
9.447340488433837891e+00
9.532097339630126953e+00
9.450641870498657227e+00
9.375699996948242188e+00
9.996721506118774414e+00
9.735312223434448242e+00
9.392949342727661133e+00
9.447394371032714844e+00
9.601450920104980469e+00
9.378164768218994141e+00
9.474053144454956055e+00
9.400623321533203125e+00
9.818772792816162109e+00
9.477499723434448242e+00
9.341323375701904297e+00
9.419876098632812500e+00
9.429854869842529297e+00
9.376435041427612305e+00
9.485069036483764648e+00
9.388824224472045898e+00
9.251807689666748047e+00
9.798629999160766602e+00
9.514501571655273438e+00
9.517270565032958984e+00
9.290706396102905273e+00
9.332280874252319336e+00
9.368257522583007812e+00
9.373660564422607422e+00
9.384904146194458008e+00
9.234074354171752930e+00
9.162911653518676758e+00
9.491467952728271484e+00
9.615861177444458008e+00
9.312371730804443359e+00
9.508249521255493164e+00
9.351764440536499023e+00
9.390138387680053711e+00
9.334877729415893555e+00
9.350282430648803711e+00
9.510658740997314453e+00
9.617347955703735352e+00
9.439397573471069336e+00
9.385770320892333984e+00
9.232009410858154297e+00
9.405854940414428711e+00
9.492056608200073242e+00
9.512257337570190430e+00
9.526465415954589844e+00
9.745978593826293945e+00
9.393440008163452148e+00
9.490307569503784180e+00
9.229864597320556641e+00
9.529873132705688477e+00
9.506991147994995117e+00
9.458568096160888672e+00
9.290924072265625000e+00
9.298191308975219727e+00
9.408247709274291992e+00
9.524767398834228516e+00
9.568541765213012695e+00
9.393411874771118164e+00
9.436174631118774414e+00
9.635332584381103516e+00
9.452820539474487305e+00
9.386014223098754883e+00
9.335278034210205078e+00
9.740128517150878906e+00
9.524422883987426758e+00
9.510054826736450195e+00
9.617950439453125000e+00
9.395197629928588867e+00
9.414949655532836914e+00
9.409073591232299805e+00
9.555442094802856445e+00
9.459099531173706055e+00
9.341755390167236328e+00
9.339768409729003906e+00
9.163950204849243164e+00
9.795538187026977539e+00
1.016241621971130371e+01
9.740345239639282227e+00
9.661124467849731445e+00
9.454105138778686523e+00
9.258534193038940430e+00
9.553450107574462891e+00
9.528424978256225586e+00
9.439936637878417969e+00
9.491002798080444336e+00
9.519674777984619141e+00
9.470687866210937500e+00
9.405990362167358398e+00
9.228644847869873047e+00
9.449381589889526367e+00
9.542825222015380859e+00
9.448536872863769531e+00
9.578477859497070312e+00
9.414912462234497070e+00
9.548115253448486328e+00
9.616797685623168945e+00
9.652691602706909180e+00
9.432738065719604492e+00
9.304460048675537109e+00
9.396317005157470703e+00
9.627308607101440430e+00
9.504700660705566406e+00
9.411917209625244141e+00
9.627729177474975586e+00
9.443260431289672852e+00
9.365758895874023438e+00
9.295315027236938477e+00
9.565890312194824219e+00
9.473490476608276367e+00
9.435288190841674805e+00
9.479929447174072266e+00
9.364662170410156250e+00
9.544471263885498047e+00
9.703359603881835938e+00
9.449092626571655273e+00
9.600581169128417969e+00
9.644372224807739258e+00
9.588859081268310547e+00
9.718722343444824219e+00
9.176045417785644531e+00
9.220383644104003906e+00
9.538552999496459961e+00
9.334656238555908203e+00
9.501390695571899414e+00
9.561147212982177734e+00
9.317091941833496094e+00
9.343630790710449219e+00
9.500440835952758789e+00
9.337748289108276367e+00
9.526645421981811523e+00
9.558738470077514648e+00
9.375443220138549805e+00
9.554231882095336914e+00
9.481102228164672852e+00
9.452064275741577148e+00
9.559820413589477539e+00
9.381333351135253906e+00
9.474917888641357422e+00
9.372231721878051758e+00
9.427050352096557617e+00
9.627640962600708008e+00
9.743946790695190430e+00
9.488561153411865234e+00
9.461656570434570312e+00
9.532296180725097656e+00
9.505839109420776367e+00
9.578262090682983398e+00
9.401194810867309570e+00
9.376660346984863281e+00
9.552558898925781250e+00
9.404670715332031250e+00
9.613849163055419922e+00
9.274030208587646484e+00
9.511650562286376953e+00
9.270751237869262695e+00
9.264631271362304688e+00
9.534255266189575195e+00
9.336646795272827148e+00
9.451984882354736328e+00
9.400788545608520508e+00
9.440284252166748047e+00
9.432379245758056641e+00
9.264632463455200195e+00
9.662368774414062500e+00
9.363747596740722656e+00
9.497337102890014648e+00
9.517477512359619141e+00
9.432698726654052734e+00
9.384410142898559570e+00
9.236545085906982422e+00
9.598409891128540039e+00
9.339101791381835938e+00
9.547976016998291016e+00
9.347333192825317383e+00
9.335465431213378906e+00
9.564621210098266602e+00
9.504621267318725586e+00
9.345776319503784180e+00
9.620302200317382812e+00
9.447389364242553711e+00
9.519418478012084961e+00
9.231502294540405273e+00
9.352258920669555664e+00
9.604224920272827148e+00
9.454056501388549805e+00
9.594226837158203125e+00
9.488185882568359375e+00
9.518890142440795898e+00
9.361086606979370117e+00
9.690062046051025391e+00
9.507304191589355469e+00
9.531303644180297852e+00
9.330505371093750000e+00
9.518447875976562500e+00
9.444768190383911133e+00
9.324623346328735352e+00
9.590070247650146484e+00
9.458980083465576172e+00
9.527153730392456055e+00
9.511599302291870117e+00
9.565171003341674805e+00
9.400881290435791016e+00
9.540365457534790039e+00
9.322895288467407227e+00
9.337810277938842773e+00
9.447938680648803711e+00
9.525371074676513672e+00
9.603946447372436523e+00
9.481827735900878906e+00
9.569548368453979492e+00
9.323135375976562500e+00
9.126643180847167969e+00
9.400958299636840820e+00
9.395575046539306641e+00
9.384344100952148438e+00
9.466333627700805664e+00
9.397080659866333008e+00
9.395390272140502930e+00
9.461790084838867188e+00
1.037675118446350098e+01
1.042941045761108398e+01
1.111754393577575684e+01
1.055028533935546875e+01
1.036870431900024414e+01
1.042810821533203125e+01
1.022358155250549316e+01
1.016549658775329590e+01
1.041231107711791992e+01
1.033346605300903320e+01
1.047745013236999512e+01
1.049100017547607422e+01
1.029269289970397949e+01
1.030701255798339844e+01
1.057717823982238770e+01
1.005537343025207520e+01
1.010684394836425781e+01
1.031726527214050293e+01
1.032061481475830078e+01
1.050812435150146484e+01
1.037052488327026367e+01
1.056177043914794922e+01
1.038581562042236328e+01
1.065759444236755371e+01
1.065592122077941895e+01
1.038412332534790039e+01
1.056562256813049316e+01
1.046330976486206055e+01
1.062034511566162109e+01
1.047497844696044922e+01
1.023765635490417480e+01
1.057993149757385254e+01
1.049256515502929688e+01
1.037749409675598145e+01
1.077914810180664062e+01
1.030791330337524414e+01
1.021315360069274902e+01
1.066094470024108887e+01
1.049653148651123047e+01
1.042843127250671387e+01
1.049067425727844238e+01
1.050740599632263184e+01
1.031357860565185547e+01
1.031440472602844238e+01
1.075584268569946289e+01
1.036911249160766602e+01
1.047319722175598145e+01
1.052888846397399902e+01
1.058152341842651367e+01
1.060765361785888672e+01
1.000743842124938965e+01
1.051000666618347168e+01
1.049366569519042969e+01
1.044092535972595215e+01
1.041840791702270508e+01
1.051646399497985840e+01
1.048685693740844727e+01
1.050365996360778809e+01
1.045203042030334473e+01
1.064536261558532715e+01
1.040613055229187012e+01
1.054760289192199707e+01
1.046323657035827637e+01
1.025297617912292480e+01
1.062733888626098633e+01
1.026817226409912109e+01
1.072691559791564941e+01
1.023385858535766602e+01
1.032974481582641602e+01
1.015226721763610840e+01
1.039266300201416016e+01
1.053952383995056152e+01
1.078422641754150391e+01
1.073745918273925781e+01
1.065854763984680176e+01
1.069992160797119141e+01
1.054923701286315918e+01
1.058633685111999512e+01
1.049279260635375977e+01
1.065348482131958008e+01
1.051529836654663086e+01
1.020253920555114746e+01
1.038520097732543945e+01
1.054563355445861816e+01
1.047328209877014160e+01
1.057072925567626953e+01
1.029875373840332031e+01
1.044867396354675293e+01
1.049343919754028320e+01
1.068966317176818848e+01
1.056743669509887695e+01
1.080874872207641602e+01
1.051471400260925293e+01
1.044143795967102051e+01
1.027329182624816895e+01
1.021761465072631836e+01
1.047986459732055664e+01
1.045907282829284668e+01
1.047334265708923340e+01
1.044404339790344238e+01
1.017698073387145996e+01
1.028948688507080078e+01
1.049488258361816406e+01
1.056784224510192871e+01
1.059477972984313965e+01
1.063064932823181152e+01
1.059084630012512207e+01
1.059721875190734863e+01
1.048670125007629395e+01
1.054632711410522461e+01
1.070677042007446289e+01
1.039321899414062500e+01
1.052715897560119629e+01
1.026362800598144531e+01
1.046419596672058105e+01
1.032902979850769043e+01
1.038827490806579590e+01
1.055299091339111328e+01
1.031339192390441895e+01
1.053598713874816895e+01
1.039369654655456543e+01
1.044530677795410156e+01
1.024388813972473145e+01
1.072314190864562988e+01
1.042978358268737793e+01
1.042128968238830566e+01
1.044485330581665039e+01
1.046532869338989258e+01
1.057972860336303711e+01
1.062359738349914551e+01
1.035032701492309570e+01
1.040596866607666016e+01
1.049637889862060547e+01
1.051950430870056152e+01
1.021151709556579590e+01
1.053349161148071289e+01
1.050021147727966309e+01
1.064037561416625977e+01
1.030547928810119629e+01
1.040944766998291016e+01
1.038526320457458496e+01
1.049581503868103027e+01
1.095630860328674316e+01
1.051631879806518555e+01
1.050882816314697266e+01
1.052182459831237793e+01
1.030961275100708008e+01
1.027143049240112305e+01
1.058493399620056152e+01
1.072450137138366699e+01
1.044053268432617188e+01
1.043115401268005371e+01
1.046259808540344238e+01
1.059622764587402344e+01
1.042978739738464355e+01
1.045340108871459961e+01
1.040699577331542969e+01
1.044266653060913086e+01
1.034734010696411133e+01
1.029369902610778809e+01
1.029807114601135254e+01
1.019325327873229980e+01
1.048206591606140137e+01
1.023801946640014648e+01
1.046842527389526367e+01
1.034338259696960449e+01
1.047615933418273926e+01
1.060086584091186523e+01
1.045653843879699707e+01
1.046899843215942383e+01
1.042441058158874512e+01
1.050311422348022461e+01
1.041092228889465332e+01
1.062070059776306152e+01
1.054858922958374023e+01
1.043573212623596191e+01
1.025885701179504395e+01
1.046316266059875488e+01
1.072079300880432129e+01
1.014182758331298828e+01
